2023-01-17 14:06:28,666 INFO [main] c.n.c.RedisTests [StartupInfoLogger.java:55] Starting RedisTests using Java 1.8.0_341 on LAPTOP-N21AF2PF with PID 16100 (started by tangs in D:\java_workplace\community)
2023-01-17 14:06:28,675 INFO [main] c.n.c.RedisTests [SpringApplication.java:631] No active profile set, falling back to 1 default profile: "default"
2023-01-17 14:06:29,430 INFO [main] o.s.d.r.c.RepositoryConfigurationDelegate [RepositoryConfigurationDelegate.java:262] Multiple Spring Data modules found, entering strict repository configuration mode
2023-01-17 14:06:29,434 INFO [main] o.s.d.r.c.RepositoryConfigurationDelegate [RepositoryConfigurationDelegate.java:132] Bootstrapping Spring Data Redis repositories in DEFAULT mode.
2023-01-17 14:06:29,461 INFO [main] o.s.d.r.c.RepositoryConfigurationDelegate [RepositoryConfigurationDelegate.java:201] Finished Spring Data repository scanning in 11 ms. Found 0 Redis repository interfaces.
2023-01-17 14:06:31,995 INFO [main] o.s.b.a.w.s.WelcomePageHandlerMapping [WelcomePageHandlerMapping.java:57] Adding welcome page template: index
2023-01-17 14:06:32,542 INFO [main] c.n.c.RedisTests [StartupInfoLogger.java:61] Started RedisTests in 4.372 seconds (JVM running for 5.571)
2023-01-17 14:06:33,841 INFO [SpringApplicationShutdownHook] c.a.d.p.DruidDataSource [DruidDataSource.java:2071] {dataSource-0} closing ...
2023-01-17 14:26:44,039 INFO [main] c.n.c.RedisTests [StartupInfoLogger.java:55] Starting RedisTests using Java 1.8.0_341 on LAPTOP-N21AF2PF with PID 22096 (started by tangs in D:\java_workplace\community)
2023-01-17 14:26:44,041 INFO [main] c.n.c.RedisTests [SpringApplication.java:631] No active profile set, falling back to 1 default profile: "default"
2023-01-17 14:26:44,746 INFO [main] o.s.d.r.c.RepositoryConfigurationDelegate [RepositoryConfigurationDelegate.java:262] Multiple Spring Data modules found, entering strict repository configuration mode
2023-01-17 14:26:44,750 INFO [main] o.s.d.r.c.RepositoryConfigurationDelegate [RepositoryConfigurationDelegate.java:132] Bootstrapping Spring Data Redis repositories in DEFAULT mode.
2023-01-17 14:26:44,779 INFO [main] o.s.d.r.c.RepositoryConfigurationDelegate [RepositoryConfigurationDelegate.java:201] Finished Spring Data repository scanning in 12 ms. Found 0 Redis repository interfaces.
2023-01-17 14:26:47,291 INFO [main] o.s.b.a.w.s.WelcomePageHandlerMapping [WelcomePageHandlerMapping.java:57] Adding welcome page template: index
2023-01-17 14:26:47,946 INFO [main] c.n.c.RedisTests [StartupInfoLogger.java:61] Started RedisTests in 4.348 seconds (JVM running for 5.707)
2023-01-17 14:26:49,214 INFO [SpringApplicationShutdownHook] c.a.d.p.DruidDataSource [DruidDataSource.java:2071] {dataSource-0} closing ...
2023-01-17 14:31:58,426 INFO [main] c.n.c.RedisTests [StartupInfoLogger.java:55] Starting RedisTests using Java 1.8.0_341 on LAPTOP-N21AF2PF with PID 27184 (started by tangs in D:\java_workplace\community)
2023-01-17 14:31:58,429 INFO [main] c.n.c.RedisTests [SpringApplication.java:631] No active profile set, falling back to 1 default profile: "default"
2023-01-17 14:31:59,149 INFO [main] o.s.d.r.c.RepositoryConfigurationDelegate [RepositoryConfigurationDelegate.java:262] Multiple Spring Data modules found, entering strict repository configuration mode
2023-01-17 14:31:59,153 INFO [main] o.s.d.r.c.RepositoryConfigurationDelegate [RepositoryConfigurationDelegate.java:132] Bootstrapping Spring Data Redis repositories in DEFAULT mode.
2023-01-17 14:31:59,181 INFO [main] o.s.d.r.c.RepositoryConfigurationDelegate [RepositoryConfigurationDelegate.java:201] Finished Spring Data repository scanning in 11 ms. Found 0 Redis repository interfaces.
2023-01-17 14:32:01,602 INFO [main] o.s.b.a.w.s.WelcomePageHandlerMapping [WelcomePageHandlerMapping.java:57] Adding welcome page template: index
2023-01-17 14:32:02,296 INFO [main] c.n.c.RedisTests [StartupInfoLogger.java:61] Started RedisTests in 4.294 seconds (JVM running for 5.321)
2023-01-17 14:32:03,625 INFO [SpringApplicationShutdownHook] c.a.d.p.DruidDataSource [DruidDataSource.java:2071] {dataSource-0} closing ...
2023-01-17 14:34:08,297 INFO [main] c.n.c.RedisTests [StartupInfoLogger.java:55] Starting RedisTests using Java 1.8.0_341 on LAPTOP-N21AF2PF with PID 23100 (started by tangs in D:\java_workplace\community)
2023-01-17 14:34:08,300 INFO [main] c.n.c.RedisTests [SpringApplication.java:631] No active profile set, falling back to 1 default profile: "default"
2023-01-17 14:34:09,039 INFO [main] o.s.d.r.c.RepositoryConfigurationDelegate [RepositoryConfigurationDelegate.java:262] Multiple Spring Data modules found, entering strict repository configuration mode
2023-01-17 14:34:09,043 INFO [main] o.s.d.r.c.RepositoryConfigurationDelegate [RepositoryConfigurationDelegate.java:132] Bootstrapping Spring Data Redis repositories in DEFAULT mode.
2023-01-17 14:34:09,074 INFO [main] o.s.d.r.c.RepositoryConfigurationDelegate [RepositoryConfigurationDelegate.java:201] Finished Spring Data repository scanning in 13 ms. Found 0 Redis repository interfaces.
2023-01-17 14:34:11,527 INFO [main] o.s.b.a.w.s.WelcomePageHandlerMapping [WelcomePageHandlerMapping.java:57] Adding welcome page template: index
2023-01-17 14:34:12,096 INFO [main] c.n.c.RedisTests [StartupInfoLogger.java:61] Started RedisTests in 4.301 seconds (JVM running for 5.393)
2023-01-17 14:34:13,363 INFO [SpringApplicationShutdownHook] c.a.d.p.DruidDataSource [DruidDataSource.java:2071] {dataSource-0} closing ...
2023-01-17 14:37:52,045 INFO [main] c.n.c.RedisTests [StartupInfoLogger.java:55] Starting RedisTests using Java 1.8.0_341 on LAPTOP-N21AF2PF with PID 21672 (started by tangs in D:\java_workplace\community)
2023-01-17 14:37:52,047 INFO [main] c.n.c.RedisTests [SpringApplication.java:631] No active profile set, falling back to 1 default profile: "default"
2023-01-17 14:37:52,767 INFO [main] o.s.d.r.c.RepositoryConfigurationDelegate [RepositoryConfigurationDelegate.java:262] Multiple Spring Data modules found, entering strict repository configuration mode
2023-01-17 14:37:52,771 INFO [main] o.s.d.r.c.RepositoryConfigurationDelegate [RepositoryConfigurationDelegate.java:132] Bootstrapping Spring Data Redis repositories in DEFAULT mode.
2023-01-17 14:37:52,799 INFO [main] o.s.d.r.c.RepositoryConfigurationDelegate [RepositoryConfigurationDelegate.java:201] Finished Spring Data repository scanning in 11 ms. Found 0 Redis repository interfaces.
2023-01-17 14:37:55,200 INFO [main] o.s.b.a.w.s.WelcomePageHandlerMapping [WelcomePageHandlerMapping.java:57] Adding welcome page template: index
2023-01-17 14:37:55,801 INFO [main] c.n.c.RedisTests [StartupInfoLogger.java:61] Started RedisTests in 4.18 seconds (JVM running for 5.275)
2023-01-17 14:37:57,091 INFO [SpringApplicationShutdownHook] c.a.d.p.DruidDataSource [DruidDataSource.java:2071] {dataSource-0} closing ...
2023-01-17 14:40:03,168 INFO [main] c.n.c.RedisTests [StartupInfoLogger.java:55] Starting RedisTests using Java 1.8.0_341 on LAPTOP-N21AF2PF with PID 26960 (started by tangs in D:\java_workplace\community)
2023-01-17 14:40:03,171 INFO [main] c.n.c.RedisTests [SpringApplication.java:631] No active profile set, falling back to 1 default profile: "default"
2023-01-17 14:40:03,826 INFO [main] o.s.d.r.c.RepositoryConfigurationDelegate [RepositoryConfigurationDelegate.java:262] Multiple Spring Data modules found, entering strict repository configuration mode
2023-01-17 14:40:03,830 INFO [main] o.s.d.r.c.RepositoryConfigurationDelegate [RepositoryConfigurationDelegate.java:132] Bootstrapping Spring Data Redis repositories in DEFAULT mode.
2023-01-17 14:40:03,858 INFO [main] o.s.d.r.c.RepositoryConfigurationDelegate [RepositoryConfigurationDelegate.java:201] Finished Spring Data repository scanning in 11 ms. Found 0 Redis repository interfaces.
2023-01-17 14:40:06,337 INFO [main] o.s.b.a.w.s.WelcomePageHandlerMapping [WelcomePageHandlerMapping.java:57] Adding welcome page template: index
2023-01-17 14:40:06,896 INFO [main] c.n.c.RedisTests [StartupInfoLogger.java:61] Started RedisTests in 4.147 seconds (JVM running for 5.196)
2023-01-17 14:40:08,153 INFO [SpringApplicationShutdownHook] c.a.d.p.DruidDataSource [DruidDataSource.java:2071] {dataSource-0} closing ...
2023-01-17 14:43:29,175 INFO [main] c.n.c.RedisTests [StartupInfoLogger.java:55] Starting RedisTests using Java 1.8.0_341 on LAPTOP-N21AF2PF with PID 26560 (started by tangs in D:\java_workplace\community)
2023-01-17 14:43:29,177 INFO [main] c.n.c.RedisTests [SpringApplication.java:631] No active profile set, falling back to 1 default profile: "default"
2023-01-17 14:43:29,837 INFO [main] o.s.d.r.c.RepositoryConfigurationDelegate [RepositoryConfigurationDelegate.java:262] Multiple Spring Data modules found, entering strict repository configuration mode
2023-01-17 14:43:29,840 INFO [main] o.s.d.r.c.RepositoryConfigurationDelegate [RepositoryConfigurationDelegate.java:132] Bootstrapping Spring Data Redis repositories in DEFAULT mode.
2023-01-17 14:43:29,868 INFO [main] o.s.d.r.c.RepositoryConfigurationDelegate [RepositoryConfigurationDelegate.java:201] Finished Spring Data repository scanning in 11 ms. Found 0 Redis repository interfaces.
2023-01-17 14:43:32,309 INFO [main] o.s.b.a.w.s.WelcomePageHandlerMapping [WelcomePageHandlerMapping.java:57] Adding welcome page template: index
2023-01-17 14:43:32,960 INFO [main] c.n.c.RedisTests [StartupInfoLogger.java:61] Started RedisTests in 4.208 seconds (JVM running for 5.241)
2023-01-17 14:43:34,215 INFO [SpringApplicationShutdownHook] c.a.d.p.DruidDataSource [DruidDataSource.java:2071] {dataSource-0} closing ...
2023-01-17 14:58:20,136 INFO [main] c.n.c.RedisTests [StartupInfoLogger.java:55] Starting RedisTests using Java 1.8.0_341 on LAPTOP-N21AF2PF with PID 4712 (started by tangs in D:\java_workplace\community)
2023-01-17 14:58:20,139 INFO [main] c.n.c.RedisTests [SpringApplication.java:631] No active profile set, falling back to 1 default profile: "default"
2023-01-17 14:58:20,791 INFO [main] o.s.d.r.c.RepositoryConfigurationDelegate [RepositoryConfigurationDelegate.java:262] Multiple Spring Data modules found, entering strict repository configuration mode
2023-01-17 14:58:20,794 INFO [main] o.s.d.r.c.RepositoryConfigurationDelegate [RepositoryConfigurationDelegate.java:132] Bootstrapping Spring Data Redis repositories in DEFAULT mode.
2023-01-17 14:58:20,824 INFO [main] o.s.d.r.c.RepositoryConfigurationDelegate [RepositoryConfigurationDelegate.java:201] Finished Spring Data repository scanning in 12 ms. Found 0 Redis repository interfaces.
2023-01-17 14:58:23,388 INFO [main] o.s.b.a.w.s.WelcomePageHandlerMapping [WelcomePageHandlerMapping.java:57] Adding welcome page template: index
2023-01-17 14:58:24,001 INFO [main] c.n.c.RedisTests [StartupInfoLogger.java:61] Started RedisTests in 4.273 seconds (JVM running for 5.322)
2023-01-17 14:58:25,296 INFO [SpringApplicationShutdownHook] c.a.d.p.DruidDataSource [DruidDataSource.java:2071] {dataSource-0} closing ...
2023-01-17 15:58:54,463 INFO [restartedMain] c.n.c.CommunityApplication [StartupInfoLogger.java:55] Starting CommunityApplication using Java 1.8.0_341 on LAPTOP-N21AF2PF with PID 21212 (D:\java_workplace\community\target\classes started by tangs in D:\java_workplace\community)
2023-01-17 15:58:54,465 INFO [restartedMain] c.n.c.CommunityApplication [SpringApplication.java:631] No active profile set, falling back to 1 default profile: "default"
2023-01-17 15:58:54,513 INFO [restartedMain] o.s.b.d.e.DevToolsPropertyDefaultsPostProcessor [DeferredLog.java:255] Devtools property defaults active! Set 'spring.devtools.add-properties' to 'false' to disable
2023-01-17 15:58:54,513 INFO [restartedMain] o.s.b.d.e.DevToolsPropertyDefaultsPostProcessor [DeferredLog.java:255] For additional web related logging consider setting the 'logging.level.web' property to 'DEBUG'
2023-01-17 15:58:55,289 INFO [restartedMain] o.s.d.r.c.RepositoryConfigurationDelegate [RepositoryConfigurationDelegate.java:262] Multiple Spring Data modules found, entering strict repository configuration mode
2023-01-17 15:58:55,291 INFO [restartedMain] o.s.d.r.c.RepositoryConfigurationDelegate [RepositoryConfigurationDelegate.java:132] Bootstrapping Spring Data Redis repositories in DEFAULT mode.
2023-01-17 15:58:55,321 INFO [restartedMain] o.s.d.r.c.RepositoryConfigurationDelegate [RepositoryConfigurationDelegate.java:201] Finished Spring Data repository scanning in 10 ms. Found 0 Redis repository interfaces.
2023-01-17 15:58:56,170 INFO [restartedMain] o.s.b.w.e.t.TomcatWebServer [TomcatWebServer.java:108] Tomcat initialized with port(s): 8080 (http)
2023-01-17 15:58:56,181 INFO [restartedMain] o.a.c.h.Http11NioProtocol [DirectJDKLog.java:173] Initializing ProtocolHandler ["http-nio-8080"]
2023-01-17 15:58:56,182 INFO [restartedMain] o.a.c.c.StandardService [DirectJDKLog.java:173] Starting service [Tomcat]
2023-01-17 15:58:56,182 INFO [restartedMain] o.a.c.c.StandardEngine [DirectJDKLog.java:173] Starting Servlet engine: [Apache Tomcat/9.0.70]
2023-01-17 15:58:56,306 INFO [restartedMain] o.a.c.c.C.[.[.[/community] [DirectJDKLog.java:173] Initializing Spring embedded WebApplicationContext
2023-01-17 15:58:56,306 INFO [restartedMain] o.s.b.w.s.c.ServletWebServerApplicationContext [ServletWebServerApplicationContext.java:292] Root WebApplicationContext: initialization completed in 1792 ms
2023-01-17 15:58:57,395 INFO [restartedMain] o.s.b.a.w.s.WelcomePageHandlerMapping [WelcomePageHandlerMapping.java:57] Adding welcome page template: index
2023-01-17 15:58:57,759 INFO [restartedMain] o.s.b.d.a.OptionalLiveReloadServer [OptionalLiveReloadServer.java:59] LiveReload server is running on port 35729
2023-01-17 15:58:57,783 INFO [restartedMain] o.a.c.h.Http11NioProtocol [DirectJDKLog.java:173] Starting ProtocolHandler ["http-nio-8080"]
2023-01-17 15:58:57,803 INFO [restartedMain] o.s.b.w.e.t.TomcatWebServer [TomcatWebServer.java:220] Tomcat started on port(s): 8080 (http) with context path '/community'
2023-01-17 15:58:57,814 INFO [restartedMain] c.n.c.CommunityApplication [StartupInfoLogger.java:61] Started CommunityApplication in 3.913 seconds (JVM running for 4.831)
2023-01-17 15:59:40,134 INFO [http-nio-8080-exec-1] o.a.c.c.C.[.[.[/community] [DirectJDKLog.java:173] Initializing Spring DispatcherServlet 'dispatcherServlet'
2023-01-17 15:59:40,134 INFO [http-nio-8080-exec-1] o.s.w.s.DispatcherServlet [FrameworkServlet.java:525] Initializing Servlet 'dispatcherServlet'
2023-01-17 15:59:40,135 INFO [http-nio-8080-exec-1] o.s.w.s.DispatcherServlet [FrameworkServlet.java:547] Completed initialization in 0 ms
2023-01-17 15:59:40,179 INFO [http-nio-8080-exec-1] c.n.c.a.ServiceLogAspect [ServiceLogAspect.java:36] 用户[0:0:0:0:0:0:0:1],在[2023-01-17 15:59:40],访问了[com.nowcoder.community.service.DiscussPostService.findDiscussPostRows].
2023-01-17 15:59:40,259 INFO [http-nio-8080-exec-1] c.a.d.p.DruidDataSource [DruidDataSource.java:998] {dataSource-1} inited
2023-01-17 15:59:40,419 INFO [http-nio-8080-exec-1] c.n.c.a.ServiceLogAspect [ServiceLogAspect.java:36] 用户[0:0:0:0:0:0:0:1],在[2023-01-17 15:59:40],访问了[com.nowcoder.community.service.DiscussPostService.findDiscussPosts].
2023-01-17 15:59:40,430 INFO [http-nio-8080-exec-1] c.n.c.a.ServiceLogAspect [ServiceLogAspect.java:36] 用户[0:0:0:0:0:0:0:1],在[2023-01-17 15:59:40],访问了[com.nowcoder.community.service.UserService.findUserById].
2023-01-17 15:59:40,436 INFO [http-nio-8080-exec-1] c.n.c.a.ServiceLogAspect [ServiceLogAspect.java:36] 用户[0:0:0:0:0:0:0:1],在[2023-01-17 15:59:40],访问了[com.nowcoder.community.service.LikeService.findEntityLikeCount].
2023-01-17 15:59:40,933 INFO [http-nio-8080-exec-1] c.n.c.a.ServiceLogAspect [ServiceLogAspect.java:36] 用户[0:0:0:0:0:0:0:1],在[2023-01-17 15:59:40],访问了[com.nowcoder.community.service.UserService.findUserById].
2023-01-17 15:59:40,936 INFO [http-nio-8080-exec-1] c.n.c.a.ServiceLogAspect [ServiceLogAspect.java:36] 用户[0:0:0:0:0:0:0:1],在[2023-01-17 15:59:40],访问了[com.nowcoder.community.service.LikeService.findEntityLikeCount].
2023-01-17 15:59:40,938 INFO [http-nio-8080-exec-1] c.n.c.a.ServiceLogAspect [ServiceLogAspect.java:36] 用户[0:0:0:0:0:0:0:1],在[2023-01-17 15:59:40],访问了[com.nowcoder.community.service.UserService.findUserById].
2023-01-17 15:59:40,941 INFO [http-nio-8080-exec-1] c.n.c.a.ServiceLogAspect [ServiceLogAspect.java:36] 用户[0:0:0:0:0:0:0:1],在[2023-01-17 15:59:40],访问了[com.nowcoder.community.service.LikeService.findEntityLikeCount].
2023-01-17 15:59:40,942 INFO [http-nio-8080-exec-1] c.n.c.a.ServiceLogAspect [ServiceLogAspect.java:36] 用户[0:0:0:0:0:0:0:1],在[2023-01-17 15:59:40],访问了[com.nowcoder.community.service.UserService.findUserById].
2023-01-17 15:59:40,945 INFO [http-nio-8080-exec-1] c.n.c.a.ServiceLogAspect [ServiceLogAspect.java:36] 用户[0:0:0:0:0:0:0:1],在[2023-01-17 15:59:40],访问了[com.nowcoder.community.service.LikeService.findEntityLikeCount].
2023-01-17 15:59:40,947 INFO [http-nio-8080-exec-1] c.n.c.a.ServiceLogAspect [ServiceLogAspect.java:36] 用户[0:0:0:0:0:0:0:1],在[2023-01-17 15:59:40],访问了[com.nowcoder.community.service.UserService.findUserById].
2023-01-17 15:59:40,949 INFO [http-nio-8080-exec-1] c.n.c.a.ServiceLogAspect [ServiceLogAspect.java:36] 用户[0:0:0:0:0:0:0:1],在[2023-01-17 15:59:40],访问了[com.nowcoder.community.service.LikeService.findEntityLikeCount].
2023-01-17 15:59:40,951 INFO [http-nio-8080-exec-1] c.n.c.a.ServiceLogAspect [ServiceLogAspect.java:36] 用户[0:0:0:0:0:0:0:1],在[2023-01-17 15:59:40],访问了[com.nowcoder.community.service.UserService.findUserById].
2023-01-17 15:59:40,954 INFO [http-nio-8080-exec-1] c.n.c.a.ServiceLogAspect [ServiceLogAspect.java:36] 用户[0:0:0:0:0:0:0:1],在[2023-01-17 15:59:40],访问了[com.nowcoder.community.service.LikeService.findEntityLikeCount].
2023-01-17 15:59:40,955 INFO [http-nio-8080-exec-1] c.n.c.a.ServiceLogAspect [ServiceLogAspect.java:36] 用户[0:0:0:0:0:0:0:1],在[2023-01-17 15:59:40],访问了[com.nowcoder.community.service.UserService.findUserById].
2023-01-17 15:59:40,958 INFO [http-nio-8080-exec-1] c.n.c.a.ServiceLogAspect [ServiceLogAspect.java:36] 用户[0:0:0:0:0:0:0:1],在[2023-01-17 15:59:40],访问了[com.nowcoder.community.service.LikeService.findEntityLikeCount].
2023-01-17 15:59:40,960 INFO [http-nio-8080-exec-1] c.n.c.a.ServiceLogAspect [ServiceLogAspect.java:36] 用户[0:0:0:0:0:0:0:1],在[2023-01-17 15:59:40],访问了[com.nowcoder.community.service.UserService.findUserById].
2023-01-17 15:59:40,962 INFO [http-nio-8080-exec-1] c.n.c.a.ServiceLogAspect [ServiceLogAspect.java:36] 用户[0:0:0:0:0:0:0:1],在[2023-01-17 15:59:40],访问了[com.nowcoder.community.service.LikeService.findEntityLikeCount].
2023-01-17 15:59:40,964 INFO [http-nio-8080-exec-1] c.n.c.a.ServiceLogAspect [ServiceLogAspect.java:36] 用户[0:0:0:0:0:0:0:1],在[2023-01-17 15:59:40],访问了[com.nowcoder.community.service.UserService.findUserById].
2023-01-17 15:59:40,966 INFO [http-nio-8080-exec-1] c.n.c.a.ServiceLogAspect [ServiceLogAspect.java:36] 用户[0:0:0:0:0:0:0:1],在[2023-01-17 15:59:40],访问了[com.nowcoder.community.service.LikeService.findEntityLikeCount].
2023-01-17 15:59:40,968 INFO [http-nio-8080-exec-1] c.n.c.a.ServiceLogAspect [ServiceLogAspect.java:36] 用户[0:0:0:0:0:0:0:1],在[2023-01-17 15:59:40],访问了[com.nowcoder.community.service.UserService.findUserById].
2023-01-17 15:59:40,970 INFO [http-nio-8080-exec-1] c.n.c.a.ServiceLogAspect [ServiceLogAspect.java:36] 用户[0:0:0:0:0:0:0:1],在[2023-01-17 15:59:40],访问了[com.nowcoder.community.service.LikeService.findEntityLikeCount].
2023-01-17 16:00:56,165 INFO [http-nio-8080-exec-4] c.n.c.a.ServiceLogAspect [ServiceLogAspect.java:36] 用户[0:0:0:0:0:0:0:1],在[2023-01-17 16:00:56],访问了[com.nowcoder.community.service.UserService.login].
2023-01-17 16:01:05,167 INFO [http-nio-8080-exec-4] c.n.c.a.ServiceLogAspect [ServiceLogAspect.java:36] 用户[0:0:0:0:0:0:0:1],在[2023-01-17 16:01:05],访问了[com.nowcoder.community.service.UserService.login].
2023-01-17 16:01:05,200 INFO [http-nio-8080-exec-6] c.n.c.a.ServiceLogAspect [ServiceLogAspect.java:36] 用户[0:0:0:0:0:0:0:1],在[2023-01-17 16:01:05],访问了[com.nowcoder.community.service.UserService.findLoginTicket].
2023-01-17 16:01:05,204 INFO [http-nio-8080-exec-6] c.n.c.a.ServiceLogAspect [ServiceLogAspect.java:36] 用户[0:0:0:0:0:0:0:1],在[2023-01-17 16:01:05],访问了[com.nowcoder.community.service.UserService.findUserById].
2023-01-17 16:01:05,208 INFO [http-nio-8080-exec-6] c.n.c.a.ServiceLogAspect [ServiceLogAspect.java:36] 用户[0:0:0:0:0:0:0:1],在[2023-01-17 16:01:05],访问了[com.nowcoder.community.service.DiscussPostService.findDiscussPostRows].
2023-01-17 16:01:05,211 INFO [http-nio-8080-exec-6] c.n.c.a.ServiceLogAspect [ServiceLogAspect.java:36] 用户[0:0:0:0:0:0:0:1],在[2023-01-17 16:01:05],访问了[com.nowcoder.community.service.DiscussPostService.findDiscussPosts].
2023-01-17 16:01:05,219 INFO [http-nio-8080-exec-6] c.n.c.a.ServiceLogAspect [ServiceLogAspect.java:36] 用户[0:0:0:0:0:0:0:1],在[2023-01-17 16:01:05],访问了[com.nowcoder.community.service.UserService.findUserById].
2023-01-17 16:01:05,222 INFO [http-nio-8080-exec-6] c.n.c.a.ServiceLogAspect [ServiceLogAspect.java:36] 用户[0:0:0:0:0:0:0:1],在[2023-01-17 16:01:05],访问了[com.nowcoder.community.service.LikeService.findEntityLikeCount].
2023-01-17 16:01:05,224 INFO [http-nio-8080-exec-6] c.n.c.a.ServiceLogAspect [ServiceLogAspect.java:36] 用户[0:0:0:0:0:0:0:1],在[2023-01-17 16:01:05],访问了[com.nowcoder.community.service.UserService.findUserById].
2023-01-17 16:01:05,226 INFO [http-nio-8080-exec-6] c.n.c.a.ServiceLogAspect [ServiceLogAspect.java:36] 用户[0:0:0:0:0:0:0:1],在[2023-01-17 16:01:05],访问了[com.nowcoder.community.service.LikeService.findEntityLikeCount].
2023-01-17 16:01:05,228 INFO [http-nio-8080-exec-6] c.n.c.a.ServiceLogAspect [ServiceLogAspect.java:36] 用户[0:0:0:0:0:0:0:1],在[2023-01-17 16:01:05],访问了[com.nowcoder.community.service.UserService.findUserById].
2023-01-17 16:01:05,232 INFO [http-nio-8080-exec-6] c.n.c.a.ServiceLogAspect [ServiceLogAspect.java:36] 用户[0:0:0:0:0:0:0:1],在[2023-01-17 16:01:05],访问了[com.nowcoder.community.service.LikeService.findEntityLikeCount].
2023-01-17 16:01:05,233 INFO [http-nio-8080-exec-6] c.n.c.a.ServiceLogAspect [ServiceLogAspect.java:36] 用户[0:0:0:0:0:0:0:1],在[2023-01-17 16:01:05],访问了[com.nowcoder.community.service.UserService.findUserById].
2023-01-17 16:01:05,236 INFO [http-nio-8080-exec-6] c.n.c.a.ServiceLogAspect [ServiceLogAspect.java:36] 用户[0:0:0:0:0:0:0:1],在[2023-01-17 16:01:05],访问了[com.nowcoder.community.service.LikeService.findEntityLikeCount].
2023-01-17 16:01:05,237 INFO [http-nio-8080-exec-6] c.n.c.a.ServiceLogAspect [ServiceLogAspect.java:36] 用户[0:0:0:0:0:0:0:1],在[2023-01-17 16:01:05],访问了[com.nowcoder.community.service.UserService.findUserById].
2023-01-17 16:01:05,240 INFO [http-nio-8080-exec-6] c.n.c.a.ServiceLogAspect [ServiceLogAspect.java:36] 用户[0:0:0:0:0:0:0:1],在[2023-01-17 16:01:05],访问了[com.nowcoder.community.service.LikeService.findEntityLikeCount].
2023-01-17 16:01:05,243 INFO [http-nio-8080-exec-6] c.n.c.a.ServiceLogAspect [ServiceLogAspect.java:36] 用户[0:0:0:0:0:0:0:1],在[2023-01-17 16:01:05],访问了[com.nowcoder.community.service.UserService.findUserById].
2023-01-17 16:01:05,246 INFO [http-nio-8080-exec-6] c.n.c.a.ServiceLogAspect [ServiceLogAspect.java:36] 用户[0:0:0:0:0:0:0:1],在[2023-01-17 16:01:05],访问了[com.nowcoder.community.service.LikeService.findEntityLikeCount].
2023-01-17 16:01:05,249 INFO [http-nio-8080-exec-6] c.n.c.a.ServiceLogAspect [ServiceLogAspect.java:36] 用户[0:0:0:0:0:0:0:1],在[2023-01-17 16:01:05],访问了[com.nowcoder.community.service.UserService.findUserById].
2023-01-17 16:01:05,251 INFO [http-nio-8080-exec-6] c.n.c.a.ServiceLogAspect [ServiceLogAspect.java:36] 用户[0:0:0:0:0:0:0:1],在[2023-01-17 16:01:05],访问了[com.nowcoder.community.service.LikeService.findEntityLikeCount].
2023-01-17 16:01:05,252 INFO [http-nio-8080-exec-6] c.n.c.a.ServiceLogAspect [ServiceLogAspect.java:36] 用户[0:0:0:0:0:0:0:1],在[2023-01-17 16:01:05],访问了[com.nowcoder.community.service.UserService.findUserById].
2023-01-17 16:01:05,255 INFO [http-nio-8080-exec-6] c.n.c.a.ServiceLogAspect [ServiceLogAspect.java:36] 用户[0:0:0:0:0:0:0:1],在[2023-01-17 16:01:05],访问了[com.nowcoder.community.service.LikeService.findEntityLikeCount].
2023-01-17 16:01:05,255 INFO [http-nio-8080-exec-6] c.n.c.a.ServiceLogAspect [ServiceLogAspect.java:36] 用户[0:0:0:0:0:0:0:1],在[2023-01-17 16:01:05],访问了[com.nowcoder.community.service.UserService.findUserById].
2023-01-17 16:01:05,257 INFO [http-nio-8080-exec-6] c.n.c.a.ServiceLogAspect [ServiceLogAspect.java:36] 用户[0:0:0:0:0:0:0:1],在[2023-01-17 16:01:05],访问了[com.nowcoder.community.service.LikeService.findEntityLikeCount].
2023-01-17 16:01:05,259 INFO [http-nio-8080-exec-6] c.n.c.a.ServiceLogAspect [ServiceLogAspect.java:36] 用户[0:0:0:0:0:0:0:1],在[2023-01-17 16:01:05],访问了[com.nowcoder.community.service.UserService.findUserById].
2023-01-17 16:01:05,261 INFO [http-nio-8080-exec-6] c.n.c.a.ServiceLogAspect [ServiceLogAspect.java:36] 用户[0:0:0:0:0:0:0:1],在[2023-01-17 16:01:05],访问了[com.nowcoder.community.service.LikeService.findEntityLikeCount].
2023-01-17 16:01:44,366 INFO [http-nio-8080-exec-9] c.n.c.a.ServiceLogAspect [ServiceLogAspect.java:36] 用户[0:0:0:0:0:0:0:1],在[2023-01-17 16:01:44],访问了[com.nowcoder.community.service.UserService.findLoginTicket].
2023-01-17 16:01:44,369 INFO [http-nio-8080-exec-9] c.n.c.a.ServiceLogAspect [ServiceLogAspect.java:36] 用户[0:0:0:0:0:0:0:1],在[2023-01-17 16:01:44],访问了[com.nowcoder.community.service.UserService.findUserById].
2023-01-17 16:01:44,377 INFO [http-nio-8080-exec-9] c.n.c.a.ServiceLogAspect [ServiceLogAspect.java:36] 用户[0:0:0:0:0:0:0:1],在[2023-01-17 16:01:44],访问了[com.nowcoder.community.service.DiscussPostService.findDiscussPostById].
2023-01-17 16:01:44,380 INFO [http-nio-8080-exec-9] c.n.c.a.ServiceLogAspect [ServiceLogAspect.java:36] 用户[0:0:0:0:0:0:0:1],在[2023-01-17 16:01:44],访问了[com.nowcoder.community.service.UserService.findUserById].
2023-01-17 16:01:44,383 INFO [http-nio-8080-exec-9] c.n.c.a.ServiceLogAspect [ServiceLogAspect.java:36] 用户[0:0:0:0:0:0:0:1],在[2023-01-17 16:01:44],访问了[com.nowcoder.community.service.LikeService.findEntityLikeCount].
2023-01-17 16:01:44,384 INFO [http-nio-8080-exec-9] c.n.c.a.ServiceLogAspect [ServiceLogAspect.java:36] 用户[0:0:0:0:0:0:0:1],在[2023-01-17 16:01:44],访问了[com.nowcoder.community.service.LikeService.findEntityLikeStatus].
2023-01-17 16:01:44,403 INFO [http-nio-8080-exec-9] c.n.c.a.ServiceLogAspect [ServiceLogAspect.java:36] 用户[0:0:0:0:0:0:0:1],在[2023-01-17 16:01:44],访问了[com.nowcoder.community.service.CommentService.findCommentsByEntity].
2023-01-17 16:01:44,410 INFO [http-nio-8080-exec-9] c.n.c.a.ServiceLogAspect [ServiceLogAspect.java:36] 用户[0:0:0:0:0:0:0:1],在[2023-01-17 16:01:44],访问了[com.nowcoder.community.service.UserService.findUserById].
2023-01-17 16:01:44,412 INFO [http-nio-8080-exec-9] c.n.c.a.ServiceLogAspect [ServiceLogAspect.java:36] 用户[0:0:0:0:0:0:0:1],在[2023-01-17 16:01:44],访问了[com.nowcoder.community.service.LikeService.findEntityLikeCount].
2023-01-17 16:01:44,413 INFO [http-nio-8080-exec-9] c.n.c.a.ServiceLogAspect [ServiceLogAspect.java:36] 用户[0:0:0:0:0:0:0:1],在[2023-01-17 16:01:44],访问了[com.nowcoder.community.service.LikeService.findEntityLikeStatus].
2023-01-17 16:01:44,415 INFO [http-nio-8080-exec-9] c.n.c.a.ServiceLogAspect [ServiceLogAspect.java:36] 用户[0:0:0:0:0:0:0:1],在[2023-01-17 16:01:44],访问了[com.nowcoder.community.service.CommentService.findCommentsByEntity].
2023-01-17 16:01:44,418 INFO [http-nio-8080-exec-9] c.n.c.a.ServiceLogAspect [ServiceLogAspect.java:36] 用户[0:0:0:0:0:0:0:1],在[2023-01-17 16:01:44],访问了[com.nowcoder.community.service.CommentService.findCommentCount].
2023-01-17 16:01:44,420 INFO [http-nio-8080-exec-9] c.n.c.a.ServiceLogAspect [ServiceLogAspect.java:36] 用户[0:0:0:0:0:0:0:1],在[2023-01-17 16:01:44],访问了[com.nowcoder.community.service.UserService.findUserById].
2023-01-17 16:01:44,422 INFO [http-nio-8080-exec-9] c.n.c.a.ServiceLogAspect [ServiceLogAspect.java:36] 用户[0:0:0:0:0:0:0:1],在[2023-01-17 16:01:44],访问了[com.nowcoder.community.service.LikeService.findEntityLikeCount].
2023-01-17 16:01:44,423 INFO [http-nio-8080-exec-9] c.n.c.a.ServiceLogAspect [ServiceLogAspect.java:36] 用户[0:0:0:0:0:0:0:1],在[2023-01-17 16:01:44],访问了[com.nowcoder.community.service.LikeService.findEntityLikeStatus].
2023-01-17 16:01:44,424 INFO [http-nio-8080-exec-9] c.n.c.a.ServiceLogAspect [ServiceLogAspect.java:36] 用户[0:0:0:0:0:0:0:1],在[2023-01-17 16:01:44],访问了[com.nowcoder.community.service.CommentService.findCommentsByEntity].
2023-01-17 16:01:44,427 INFO [http-nio-8080-exec-9] c.n.c.a.ServiceLogAspect [ServiceLogAspect.java:36] 用户[0:0:0:0:0:0:0:1],在[2023-01-17 16:01:44],访问了[com.nowcoder.community.service.CommentService.findCommentCount].
2023-01-17 16:01:44,429 INFO [http-nio-8080-exec-9] c.n.c.a.ServiceLogAspect [ServiceLogAspect.java:36] 用户[0:0:0:0:0:0:0:1],在[2023-01-17 16:01:44],访问了[com.nowcoder.community.service.UserService.findUserById].
2023-01-17 16:01:44,430 INFO [http-nio-8080-exec-9] c.n.c.a.ServiceLogAspect [ServiceLogAspect.java:36] 用户[0:0:0:0:0:0:0:1],在[2023-01-17 16:01:44],访问了[com.nowcoder.community.service.LikeService.findEntityLikeCount].
2023-01-17 16:01:44,432 INFO [http-nio-8080-exec-9] c.n.c.a.ServiceLogAspect [ServiceLogAspect.java:36] 用户[0:0:0:0:0:0:0:1],在[2023-01-17 16:01:44],访问了[com.nowcoder.community.service.LikeService.findEntityLikeStatus].
2023-01-17 16:01:44,433 INFO [http-nio-8080-exec-9] c.n.c.a.ServiceLogAspect [ServiceLogAspect.java:36] 用户[0:0:0:0:0:0:0:1],在[2023-01-17 16:01:44],访问了[com.nowcoder.community.service.CommentService.findCommentsByEntity].
2023-01-17 16:01:44,435 INFO [http-nio-8080-exec-9] c.n.c.a.ServiceLogAspect [ServiceLogAspect.java:36] 用户[0:0:0:0:0:0:0:1],在[2023-01-17 16:01:44],访问了[com.nowcoder.community.service.CommentService.findCommentCount].
2023-01-17 16:01:44,438 INFO [http-nio-8080-exec-9] c.n.c.a.ServiceLogAspect [ServiceLogAspect.java:36] 用户[0:0:0:0:0:0:0:1],在[2023-01-17 16:01:44],访问了[com.nowcoder.community.service.UserService.findUserById].
2023-01-17 16:01:44,440 INFO [http-nio-8080-exec-9] c.n.c.a.ServiceLogAspect [ServiceLogAspect.java:36] 用户[0:0:0:0:0:0:0:1],在[2023-01-17 16:01:44],访问了[com.nowcoder.community.service.LikeService.findEntityLikeCount].
2023-01-17 16:01:44,441 INFO [http-nio-8080-exec-9] c.n.c.a.ServiceLogAspect [ServiceLogAspect.java:36] 用户[0:0:0:0:0:0:0:1],在[2023-01-17 16:01:44],访问了[com.nowcoder.community.service.LikeService.findEntityLikeStatus].
2023-01-17 16:01:44,442 INFO [http-nio-8080-exec-9] c.n.c.a.ServiceLogAspect [ServiceLogAspect.java:36] 用户[0:0:0:0:0:0:0:1],在[2023-01-17 16:01:44],访问了[com.nowcoder.community.service.CommentService.findCommentsByEntity].
2023-01-17 16:01:44,444 INFO [http-nio-8080-exec-9] c.n.c.a.ServiceLogAspect [ServiceLogAspect.java:36] 用户[0:0:0:0:0:0:0:1],在[2023-01-17 16:01:44],访问了[com.nowcoder.community.service.CommentService.findCommentCount].
2023-01-17 16:01:44,446 INFO [http-nio-8080-exec-9] c.n.c.a.ServiceLogAspect [ServiceLogAspect.java:36] 用户[0:0:0:0:0:0:0:1],在[2023-01-17 16:01:44],访问了[com.nowcoder.community.service.UserService.findUserById].
2023-01-17 16:01:44,449 INFO [http-nio-8080-exec-9] c.n.c.a.ServiceLogAspect [ServiceLogAspect.java:36] 用户[0:0:0:0:0:0:0:1],在[2023-01-17 16:01:44],访问了[com.nowcoder.community.service.LikeService.findEntityLikeCount].
2023-01-17 16:01:44,450 INFO [http-nio-8080-exec-9] c.n.c.a.ServiceLogAspect [ServiceLogAspect.java:36] 用户[0:0:0:0:0:0:0:1],在[2023-01-17 16:01:44],访问了[com.nowcoder.community.service.LikeService.findEntityLikeStatus].
2023-01-17 16:01:44,451 INFO [http-nio-8080-exec-9] c.n.c.a.ServiceLogAspect [ServiceLogAspect.java:36] 用户[0:0:0:0:0:0:0:1],在[2023-01-17 16:01:44],访问了[com.nowcoder.community.service.CommentService.findCommentsByEntity].
2023-01-17 16:01:44,453 INFO [http-nio-8080-exec-9] c.n.c.a.ServiceLogAspect [ServiceLogAspect.java:36] 用户[0:0:0:0:0:0:0:1],在[2023-01-17 16:01:44],访问了[com.nowcoder.community.service.CommentService.findCommentCount].
2023-01-17 16:01:47,373 INFO [http-nio-8080-exec-4] c.n.c.a.ServiceLogAspect [ServiceLogAspect.java:36] 用户[0:0:0:0:0:0:0:1],在[2023-01-17 16:01:47],访问了[com.nowcoder.community.service.UserService.findLoginTicket].
2023-01-17 16:01:47,376 INFO [http-nio-8080-exec-4] c.n.c.a.ServiceLogAspect [ServiceLogAspect.java:36] 用户[0:0:0:0:0:0:0:1],在[2023-01-17 16:01:47],访问了[com.nowcoder.community.service.UserService.findUserById].
2023-01-17 16:01:47,378 INFO [http-nio-8080-exec-4] c.n.c.a.ServiceLogAspect [ServiceLogAspect.java:36] 用户[0:0:0:0:0:0:0:1],在[2023-01-17 16:01:47],访问了[com.nowcoder.community.service.LikeService.like].
2023-01-17 16:01:47,382 INFO [http-nio-8080-exec-4] c.n.c.a.ServiceLogAspect [ServiceLogAspect.java:36] 用户[0:0:0:0:0:0:0:1],在[2023-01-17 16:01:47],访问了[com.nowcoder.community.service.LikeService.findEntityLikeCount].
2023-01-17 16:01:47,383 INFO [http-nio-8080-exec-4] c.n.c.a.ServiceLogAspect [ServiceLogAspect.java:36] 用户[0:0:0:0:0:0:0:1],在[2023-01-17 16:01:47],访问了[com.nowcoder.community.service.LikeService.findEntityLikeStatus].
2023-01-17 16:01:48,491 INFO [http-nio-8080-exec-6] c.n.c.a.ServiceLogAspect [ServiceLogAspect.java:36] 用户[0:0:0:0:0:0:0:1],在[2023-01-17 16:01:48],访问了[com.nowcoder.community.service.UserService.findLoginTicket].
2023-01-17 16:01:48,494 INFO [http-nio-8080-exec-6] c.n.c.a.ServiceLogAspect [ServiceLogAspect.java:36] 用户[0:0:0:0:0:0:0:1],在[2023-01-17 16:01:48],访问了[com.nowcoder.community.service.UserService.findUserById].
2023-01-17 16:01:48,497 INFO [http-nio-8080-exec-6] c.n.c.a.ServiceLogAspect [ServiceLogAspect.java:36] 用户[0:0:0:0:0:0:0:1],在[2023-01-17 16:01:48],访问了[com.nowcoder.community.service.LikeService.like].
2023-01-17 16:01:48,499 INFO [http-nio-8080-exec-6] c.n.c.a.ServiceLogAspect [ServiceLogAspect.java:36] 用户[0:0:0:0:0:0:0:1],在[2023-01-17 16:01:48],访问了[com.nowcoder.community.service.LikeService.findEntityLikeCount].
2023-01-17 16:01:48,501 INFO [http-nio-8080-exec-6] c.n.c.a.ServiceLogAspect [ServiceLogAspect.java:36] 用户[0:0:0:0:0:0:0:1],在[2023-01-17 16:01:48],访问了[com.nowcoder.community.service.LikeService.findEntityLikeStatus].
2023-01-17 16:02:47,966 INFO [http-nio-8080-exec-9] c.n.c.a.ServiceLogAspect [ServiceLogAspect.java:36] 用户[0:0:0:0:0:0:0:1],在[2023-01-17 16:02:47],访问了[com.nowcoder.community.service.UserService.findLoginTicket].
2023-01-17 16:02:47,969 INFO [http-nio-8080-exec-9] c.n.c.a.ServiceLogAspect [ServiceLogAspect.java:36] 用户[0:0:0:0:0:0:0:1],在[2023-01-17 16:02:47],访问了[com.nowcoder.community.service.UserService.findUserById].
2023-01-17 16:02:47,971 INFO [http-nio-8080-exec-9] c.n.c.a.ServiceLogAspect [ServiceLogAspect.java:36] 用户[0:0:0:0:0:0:0:1],在[2023-01-17 16:02:47],访问了[com.nowcoder.community.service.DiscussPostService.findDiscussPostById].
2023-01-17 16:02:47,973 INFO [http-nio-8080-exec-9] c.n.c.a.ServiceLogAspect [ServiceLogAspect.java:36] 用户[0:0:0:0:0:0:0:1],在[2023-01-17 16:02:47],访问了[com.nowcoder.community.service.UserService.findUserById].
2023-01-17 16:02:47,975 INFO [http-nio-8080-exec-9] c.n.c.a.ServiceLogAspect [ServiceLogAspect.java:36] 用户[0:0:0:0:0:0:0:1],在[2023-01-17 16:02:47],访问了[com.nowcoder.community.service.LikeService.findEntityLikeCount].
2023-01-17 16:02:47,976 INFO [http-nio-8080-exec-9] c.n.c.a.ServiceLogAspect [ServiceLogAspect.java:36] 用户[0:0:0:0:0:0:0:1],在[2023-01-17 16:02:47],访问了[com.nowcoder.community.service.LikeService.findEntityLikeStatus].
2023-01-17 16:02:47,977 INFO [http-nio-8080-exec-9] c.n.c.a.ServiceLogAspect [ServiceLogAspect.java:36] 用户[0:0:0:0:0:0:0:1],在[2023-01-17 16:02:47],访问了[com.nowcoder.community.service.CommentService.findCommentsByEntity].
2023-01-17 16:02:47,980 INFO [http-nio-8080-exec-9] c.n.c.a.ServiceLogAspect [ServiceLogAspect.java:36] 用户[0:0:0:0:0:0:0:1],在[2023-01-17 16:02:47],访问了[com.nowcoder.community.service.UserService.findUserById].
2023-01-17 16:02:47,982 INFO [http-nio-8080-exec-9] c.n.c.a.ServiceLogAspect [ServiceLogAspect.java:36] 用户[0:0:0:0:0:0:0:1],在[2023-01-17 16:02:47],访问了[com.nowcoder.community.service.LikeService.findEntityLikeCount].
2023-01-17 16:02:47,984 INFO [http-nio-8080-exec-9] c.n.c.a.ServiceLogAspect [ServiceLogAspect.java:36] 用户[0:0:0:0:0:0:0:1],在[2023-01-17 16:02:47],访问了[com.nowcoder.community.service.LikeService.findEntityLikeStatus].
2023-01-17 16:02:47,985 INFO [http-nio-8080-exec-9] c.n.c.a.ServiceLogAspect [ServiceLogAspect.java:36] 用户[0:0:0:0:0:0:0:1],在[2023-01-17 16:02:47],访问了[com.nowcoder.community.service.CommentService.findCommentsByEntity].
2023-01-17 16:02:47,987 INFO [http-nio-8080-exec-9] c.n.c.a.ServiceLogAspect [ServiceLogAspect.java:36] 用户[0:0:0:0:0:0:0:1],在[2023-01-17 16:02:47],访问了[com.nowcoder.community.service.UserService.findUserById].
2023-01-17 16:02:47,989 INFO [http-nio-8080-exec-9] c.n.c.a.ServiceLogAspect [ServiceLogAspect.java:36] 用户[0:0:0:0:0:0:0:1],在[2023-01-17 16:02:47],访问了[com.nowcoder.community.service.LikeService.findEntityLikeCount].
2023-01-17 16:02:47,990 INFO [http-nio-8080-exec-9] c.n.c.a.ServiceLogAspect [ServiceLogAspect.java:36] 用户[0:0:0:0:0:0:0:1],在[2023-01-17 16:02:47],访问了[com.nowcoder.community.service.LikeService.findEntityLikeStatus].
2023-01-17 16:02:47,991 INFO [http-nio-8080-exec-9] c.n.c.a.ServiceLogAspect [ServiceLogAspect.java:36] 用户[0:0:0:0:0:0:0:1],在[2023-01-17 16:02:47],访问了[com.nowcoder.community.service.UserService.findUserById].
2023-01-17 16:02:47,994 INFO [http-nio-8080-exec-9] c.n.c.a.ServiceLogAspect [ServiceLogAspect.java:36] 用户[0:0:0:0:0:0:0:1],在[2023-01-17 16:02:47],访问了[com.nowcoder.community.service.LikeService.findEntityLikeCount].
2023-01-17 16:02:47,995 INFO [http-nio-8080-exec-9] c.n.c.a.ServiceLogAspect [ServiceLogAspect.java:36] 用户[0:0:0:0:0:0:0:1],在[2023-01-17 16:02:47],访问了[com.nowcoder.community.service.LikeService.findEntityLikeStatus].
2023-01-17 16:02:47,996 INFO [http-nio-8080-exec-9] c.n.c.a.ServiceLogAspect [ServiceLogAspect.java:36] 用户[0:0:0:0:0:0:0:1],在[2023-01-17 16:02:47],访问了[com.nowcoder.community.service.UserService.findUserById].
2023-01-17 16:02:47,999 INFO [http-nio-8080-exec-9] c.n.c.a.ServiceLogAspect [ServiceLogAspect.java:36] 用户[0:0:0:0:0:0:0:1],在[2023-01-17 16:02:47],访问了[com.nowcoder.community.service.LikeService.findEntityLikeCount].
2023-01-17 16:02:48,000 INFO [http-nio-8080-exec-9] c.n.c.a.ServiceLogAspect [ServiceLogAspect.java:36] 用户[0:0:0:0:0:0:0:1],在[2023-01-17 16:02:48],访问了[com.nowcoder.community.service.LikeService.findEntityLikeStatus].
2023-01-17 16:02:48,001 INFO [http-nio-8080-exec-9] c.n.c.a.ServiceLogAspect [ServiceLogAspect.java:36] 用户[0:0:0:0:0:0:0:1],在[2023-01-17 16:02:48],访问了[com.nowcoder.community.service.UserService.findUserById].
2023-01-17 16:02:48,003 INFO [http-nio-8080-exec-9] c.n.c.a.ServiceLogAspect [ServiceLogAspect.java:36] 用户[0:0:0:0:0:0:0:1],在[2023-01-17 16:02:48],访问了[com.nowcoder.community.service.UserService.findUserById].
2023-01-17 16:02:48,005 INFO [http-nio-8080-exec-9] c.n.c.a.ServiceLogAspect [ServiceLogAspect.java:36] 用户[0:0:0:0:0:0:0:1],在[2023-01-17 16:02:48],访问了[com.nowcoder.community.service.LikeService.findEntityLikeCount].
2023-01-17 16:02:48,006 INFO [http-nio-8080-exec-9] c.n.c.a.ServiceLogAspect [ServiceLogAspect.java:36] 用户[0:0:0:0:0:0:0:1],在[2023-01-17 16:02:48],访问了[com.nowcoder.community.service.LikeService.findEntityLikeStatus].
2023-01-17 16:02:48,007 INFO [http-nio-8080-exec-9] c.n.c.a.ServiceLogAspect [ServiceLogAspect.java:36] 用户[0:0:0:0:0:0:0:1],在[2023-01-17 16:02:48],访问了[com.nowcoder.community.service.CommentService.findCommentCount].
2023-01-17 16:02:48,011 INFO [http-nio-8080-exec-9] c.n.c.a.ServiceLogAspect [ServiceLogAspect.java:36] 用户[0:0:0:0:0:0:0:1],在[2023-01-17 16:02:48],访问了[com.nowcoder.community.service.UserService.findUserById].
2023-01-17 16:02:48,013 INFO [http-nio-8080-exec-9] c.n.c.a.ServiceLogAspect [ServiceLogAspect.java:36] 用户[0:0:0:0:0:0:0:1],在[2023-01-17 16:02:48],访问了[com.nowcoder.community.service.LikeService.findEntityLikeCount].
2023-01-17 16:02:48,014 INFO [http-nio-8080-exec-9] c.n.c.a.ServiceLogAspect [ServiceLogAspect.java:36] 用户[0:0:0:0:0:0:0:1],在[2023-01-17 16:02:48],访问了[com.nowcoder.community.service.LikeService.findEntityLikeStatus].
2023-01-17 16:02:48,015 INFO [http-nio-8080-exec-9] c.n.c.a.ServiceLogAspect [ServiceLogAspect.java:36] 用户[0:0:0:0:0:0:0:1],在[2023-01-17 16:02:48],访问了[com.nowcoder.community.service.CommentService.findCommentsByEntity].
2023-01-17 16:02:48,018 INFO [http-nio-8080-exec-9] c.n.c.a.ServiceLogAspect [ServiceLogAspect.java:36] 用户[0:0:0:0:0:0:0:1],在[2023-01-17 16:02:48],访问了[com.nowcoder.community.service.CommentService.findCommentCount].
2023-01-17 16:02:48,019 INFO [http-nio-8080-exec-9] c.n.c.a.ServiceLogAspect [ServiceLogAspect.java:36] 用户[0:0:0:0:0:0:0:1],在[2023-01-17 16:02:48],访问了[com.nowcoder.community.service.UserService.findUserById].
2023-01-17 16:02:48,021 INFO [http-nio-8080-exec-9] c.n.c.a.ServiceLogAspect [ServiceLogAspect.java:36] 用户[0:0:0:0:0:0:0:1],在[2023-01-17 16:02:48],访问了[com.nowcoder.community.service.LikeService.findEntityLikeCount].
2023-01-17 16:02:48,022 INFO [http-nio-8080-exec-9] c.n.c.a.ServiceLogAspect [ServiceLogAspect.java:36] 用户[0:0:0:0:0:0:0:1],在[2023-01-17 16:02:48],访问了[com.nowcoder.community.service.LikeService.findEntityLikeStatus].
2023-01-17 16:02:48,024 INFO [http-nio-8080-exec-9] c.n.c.a.ServiceLogAspect [ServiceLogAspect.java:36] 用户[0:0:0:0:0:0:0:1],在[2023-01-17 16:02:48],访问了[com.nowcoder.community.service.CommentService.findCommentsByEntity].
2023-01-17 16:02:48,028 INFO [http-nio-8080-exec-9] c.n.c.a.ServiceLogAspect [ServiceLogAspect.java:36] 用户[0:0:0:0:0:0:0:1],在[2023-01-17 16:02:48],访问了[com.nowcoder.community.service.CommentService.findCommentCount].
2023-01-17 16:02:48,030 INFO [http-nio-8080-exec-9] c.n.c.a.ServiceLogAspect [ServiceLogAspect.java:36] 用户[0:0:0:0:0:0:0:1],在[2023-01-17 16:02:48],访问了[com.nowcoder.community.service.UserService.findUserById].
2023-01-17 16:02:48,032 INFO [http-nio-8080-exec-9] c.n.c.a.ServiceLogAspect [ServiceLogAspect.java:36] 用户[0:0:0:0:0:0:0:1],在[2023-01-17 16:02:48],访问了[com.nowcoder.community.service.LikeService.findEntityLikeCount].
2023-01-17 16:02:48,034 INFO [http-nio-8080-exec-9] c.n.c.a.ServiceLogAspect [ServiceLogAspect.java:36] 用户[0:0:0:0:0:0:0:1],在[2023-01-17 16:02:48],访问了[com.nowcoder.community.service.LikeService.findEntityLikeStatus].
2023-01-17 16:02:48,035 INFO [http-nio-8080-exec-9] c.n.c.a.ServiceLogAspect [ServiceLogAspect.java:36] 用户[0:0:0:0:0:0:0:1],在[2023-01-17 16:02:48],访问了[com.nowcoder.community.service.CommentService.findCommentsByEntity].
2023-01-17 16:02:48,037 INFO [http-nio-8080-exec-9] c.n.c.a.ServiceLogAspect [ServiceLogAspect.java:36] 用户[0:0:0:0:0:0:0:1],在[2023-01-17 16:02:48],访问了[com.nowcoder.community.service.CommentService.findCommentCount].
2023-01-17 16:02:48,039 INFO [http-nio-8080-exec-9] c.n.c.a.ServiceLogAspect [ServiceLogAspect.java:36] 用户[0:0:0:0:0:0:0:1],在[2023-01-17 16:02:48],访问了[com.nowcoder.community.service.UserService.findUserById].
2023-01-17 16:02:48,041 INFO [http-nio-8080-exec-9] c.n.c.a.ServiceLogAspect [ServiceLogAspect.java:36] 用户[0:0:0:0:0:0:0:1],在[2023-01-17 16:02:48],访问了[com.nowcoder.community.service.LikeService.findEntityLikeCount].
2023-01-17 16:02:48,042 INFO [http-nio-8080-exec-9] c.n.c.a.ServiceLogAspect [ServiceLogAspect.java:36] 用户[0:0:0:0:0:0:0:1],在[2023-01-17 16:02:48],访问了[com.nowcoder.community.service.LikeService.findEntityLikeStatus].
2023-01-17 16:02:48,043 INFO [http-nio-8080-exec-9] c.n.c.a.ServiceLogAspect [ServiceLogAspect.java:36] 用户[0:0:0:0:0:0:0:1],在[2023-01-17 16:02:48],访问了[com.nowcoder.community.service.CommentService.findCommentsByEntity].
2023-01-17 16:02:48,045 INFO [http-nio-8080-exec-9] c.n.c.a.ServiceLogAspect [ServiceLogAspect.java:36] 用户[0:0:0:0:0:0:0:1],在[2023-01-17 16:02:48],访问了[com.nowcoder.community.service.CommentService.findCommentCount].
2023-01-17 16:02:49,425 INFO [http-nio-8080-exec-4] c.n.c.a.ServiceLogAspect [ServiceLogAspect.java:36] 用户[0:0:0:0:0:0:0:1],在[2023-01-17 16:02:49],访问了[com.nowcoder.community.service.UserService.findLoginTicket].
2023-01-17 16:02:49,427 INFO [http-nio-8080-exec-4] c.n.c.a.ServiceLogAspect [ServiceLogAspect.java:36] 用户[0:0:0:0:0:0:0:1],在[2023-01-17 16:02:49],访问了[com.nowcoder.community.service.UserService.findUserById].
2023-01-17 16:02:49,429 INFO [http-nio-8080-exec-4] c.n.c.a.ServiceLogAspect [ServiceLogAspect.java:36] 用户[0:0:0:0:0:0:0:1],在[2023-01-17 16:02:49],访问了[com.nowcoder.community.service.LikeService.like].
2023-01-17 16:02:49,432 INFO [http-nio-8080-exec-4] c.n.c.a.ServiceLogAspect [ServiceLogAspect.java:36] 用户[0:0:0:0:0:0:0:1],在[2023-01-17 16:02:49],访问了[com.nowcoder.community.service.LikeService.findEntityLikeCount].
2023-01-17 16:02:49,433 INFO [http-nio-8080-exec-4] c.n.c.a.ServiceLogAspect [ServiceLogAspect.java:36] 用户[0:0:0:0:0:0:0:1],在[2023-01-17 16:02:49],访问了[com.nowcoder.community.service.LikeService.findEntityLikeStatus].
2023-01-17 16:02:51,355 INFO [http-nio-8080-exec-6] c.n.c.a.ServiceLogAspect [ServiceLogAspect.java:36] 用户[0:0:0:0:0:0:0:1],在[2023-01-17 16:02:51],访问了[com.nowcoder.community.service.UserService.findLoginTicket].
2023-01-17 16:02:51,358 INFO [http-nio-8080-exec-6] c.n.c.a.ServiceLogAspect [ServiceLogAspect.java:36] 用户[0:0:0:0:0:0:0:1],在[2023-01-17 16:02:51],访问了[com.nowcoder.community.service.UserService.findUserById].
2023-01-17 16:02:51,360 INFO [http-nio-8080-exec-6] c.n.c.a.ServiceLogAspect [ServiceLogAspect.java:36] 用户[0:0:0:0:0:0:0:1],在[2023-01-17 16:02:51],访问了[com.nowcoder.community.service.DiscussPostService.findDiscussPostRows].
2023-01-17 16:02:51,362 INFO [http-nio-8080-exec-6] c.n.c.a.ServiceLogAspect [ServiceLogAspect.java:36] 用户[0:0:0:0:0:0:0:1],在[2023-01-17 16:02:51],访问了[com.nowcoder.community.service.DiscussPostService.findDiscussPosts].
2023-01-17 16:02:51,365 INFO [http-nio-8080-exec-6] c.n.c.a.ServiceLogAspect [ServiceLogAspect.java:36] 用户[0:0:0:0:0:0:0:1],在[2023-01-17 16:02:51],访问了[com.nowcoder.community.service.UserService.findUserById].
2023-01-17 16:02:51,367 INFO [http-nio-8080-exec-6] c.n.c.a.ServiceLogAspect [ServiceLogAspect.java:36] 用户[0:0:0:0:0:0:0:1],在[2023-01-17 16:02:51],访问了[com.nowcoder.community.service.LikeService.findEntityLikeCount].
2023-01-17 16:02:51,368 INFO [http-nio-8080-exec-6] c.n.c.a.ServiceLogAspect [ServiceLogAspect.java:36] 用户[0:0:0:0:0:0:0:1],在[2023-01-17 16:02:51],访问了[com.nowcoder.community.service.UserService.findUserById].
2023-01-17 16:02:51,370 INFO [http-nio-8080-exec-6] c.n.c.a.ServiceLogAspect [ServiceLogAspect.java:36] 用户[0:0:0:0:0:0:0:1],在[2023-01-17 16:02:51],访问了[com.nowcoder.community.service.LikeService.findEntityLikeCount].
2023-01-17 16:02:51,371 INFO [http-nio-8080-exec-6] c.n.c.a.ServiceLogAspect [ServiceLogAspect.java:36] 用户[0:0:0:0:0:0:0:1],在[2023-01-17 16:02:51],访问了[com.nowcoder.community.service.UserService.findUserById].
2023-01-17 16:02:51,373 INFO [http-nio-8080-exec-6] c.n.c.a.ServiceLogAspect [ServiceLogAspect.java:36] 用户[0:0:0:0:0:0:0:1],在[2023-01-17 16:02:51],访问了[com.nowcoder.community.service.LikeService.findEntityLikeCount].
2023-01-17 16:02:51,374 INFO [http-nio-8080-exec-6] c.n.c.a.ServiceLogAspect [ServiceLogAspect.java:36] 用户[0:0:0:0:0:0:0:1],在[2023-01-17 16:02:51],访问了[com.nowcoder.community.service.UserService.findUserById].
2023-01-17 16:02:51,377 INFO [http-nio-8080-exec-6] c.n.c.a.ServiceLogAspect [ServiceLogAspect.java:36] 用户[0:0:0:0:0:0:0:1],在[2023-01-17 16:02:51],访问了[com.nowcoder.community.service.LikeService.findEntityLikeCount].
2023-01-17 16:02:51,378 INFO [http-nio-8080-exec-6] c.n.c.a.ServiceLogAspect [ServiceLogAspect.java:36] 用户[0:0:0:0:0:0:0:1],在[2023-01-17 16:02:51],访问了[com.nowcoder.community.service.UserService.findUserById].
2023-01-17 16:02:51,380 INFO [http-nio-8080-exec-6] c.n.c.a.ServiceLogAspect [ServiceLogAspect.java:36] 用户[0:0:0:0:0:0:0:1],在[2023-01-17 16:02:51],访问了[com.nowcoder.community.service.LikeService.findEntityLikeCount].
2023-01-17 16:02:51,381 INFO [http-nio-8080-exec-6] c.n.c.a.ServiceLogAspect [ServiceLogAspect.java:36] 用户[0:0:0:0:0:0:0:1],在[2023-01-17 16:02:51],访问了[com.nowcoder.community.service.UserService.findUserById].
2023-01-17 16:02:51,383 INFO [http-nio-8080-exec-6] c.n.c.a.ServiceLogAspect [ServiceLogAspect.java:36] 用户[0:0:0:0:0:0:0:1],在[2023-01-17 16:02:51],访问了[com.nowcoder.community.service.LikeService.findEntityLikeCount].
2023-01-17 16:02:51,384 INFO [http-nio-8080-exec-6] c.n.c.a.ServiceLogAspect [ServiceLogAspect.java:36] 用户[0:0:0:0:0:0:0:1],在[2023-01-17 16:02:51],访问了[com.nowcoder.community.service.UserService.findUserById].
2023-01-17 16:02:51,386 INFO [http-nio-8080-exec-6] c.n.c.a.ServiceLogAspect [ServiceLogAspect.java:36] 用户[0:0:0:0:0:0:0:1],在[2023-01-17 16:02:51],访问了[com.nowcoder.community.service.LikeService.findEntityLikeCount].
2023-01-17 16:02:51,387 INFO [http-nio-8080-exec-6] c.n.c.a.ServiceLogAspect [ServiceLogAspect.java:36] 用户[0:0:0:0:0:0:0:1],在[2023-01-17 16:02:51],访问了[com.nowcoder.community.service.UserService.findUserById].
2023-01-17 16:02:51,389 INFO [http-nio-8080-exec-6] c.n.c.a.ServiceLogAspect [ServiceLogAspect.java:36] 用户[0:0:0:0:0:0:0:1],在[2023-01-17 16:02:51],访问了[com.nowcoder.community.service.LikeService.findEntityLikeCount].
2023-01-17 16:02:51,390 INFO [http-nio-8080-exec-6] c.n.c.a.ServiceLogAspect [ServiceLogAspect.java:36] 用户[0:0:0:0:0:0:0:1],在[2023-01-17 16:02:51],访问了[com.nowcoder.community.service.UserService.findUserById].
2023-01-17 16:02:51,393 INFO [http-nio-8080-exec-6] c.n.c.a.ServiceLogAspect [ServiceLogAspect.java:36] 用户[0:0:0:0:0:0:0:1],在[2023-01-17 16:02:51],访问了[com.nowcoder.community.service.LikeService.findEntityLikeCount].
2023-01-17 16:02:51,394 INFO [http-nio-8080-exec-6] c.n.c.a.ServiceLogAspect [ServiceLogAspect.java:36] 用户[0:0:0:0:0:0:0:1],在[2023-01-17 16:02:51],访问了[com.nowcoder.community.service.UserService.findUserById].
2023-01-17 16:02:51,396 INFO [http-nio-8080-exec-6] c.n.c.a.ServiceLogAspect [ServiceLogAspect.java:36] 用户[0:0:0:0:0:0:0:1],在[2023-01-17 16:02:51],访问了[com.nowcoder.community.service.LikeService.findEntityLikeCount].
2023-01-17 16:06:07,749 INFO [SpringApplicationShutdownHook] c.a.d.p.DruidDataSource [DruidDataSource.java:2071] {dataSource-1} closing ...
2023-01-17 16:06:07,752 INFO [SpringApplicationShutdownHook] c.a.d.p.DruidDataSource [DruidDataSource.java:2144] {dataSource-1} closed
