2023-01-13 10:00:29,605 INFO [restartedMain] c.n.c.CommunityApplication [StartupInfoLogger.java:55] Starting CommunityApplication using Java 1.8.0_341 on LAPTOP-N21AF2PF with PID 24948 (D:\java_workplace\community\target\classes started by tangs in D:\java_workplace\community)
2023-01-13 10:00:29,617 INFO [restartedMain] c.n.c.CommunityApplication [SpringApplication.java:631] No active profile set, falling back to 1 default profile: "default"
2023-01-13 10:00:29,680 INFO [restartedMain] o.s.b.d.e.DevToolsPropertyDefaultsPostProcessor [DeferredLog.java:255] Devtools property defaults active! Set 'spring.devtools.add-properties' to 'false' to disable
2023-01-13 10:00:29,681 INFO [restartedMain] o.s.b.d.e.DevToolsPropertyDefaultsPostProcessor [DeferredLog.java:255] For additional web related logging consider setting the 'logging.level.web' property to 'DEBUG'
2023-01-13 10:00:31,054 INFO [restartedMain] o.s.b.w.e.t.TomcatWebServer [TomcatWebServer.java:108] Tomcat initialized with port(s): 8080 (http)
2023-01-13 10:00:31,064 INFO [restartedMain] o.a.c.h.Http11NioProtocol [DirectJDKLog.java:173] Initializing ProtocolHandler ["http-nio-8080"]
2023-01-13 10:00:31,065 INFO [restartedMain] o.a.c.c.StandardService [DirectJDKLog.java:173] Starting service [Tomcat]
2023-01-13 10:00:31,066 INFO [restartedMain] o.a.c.c.StandardEngine [DirectJDKLog.java:173] Starting Servlet engine: [Apache Tomcat/9.0.70]
2023-01-13 10:00:31,141 INFO [restartedMain] o.a.c.c.C.[.[.[/community] [DirectJDKLog.java:173] Initializing Spring embedded WebApplicationContext
2023-01-13 10:00:31,142 INFO [restartedMain] o.s.b.w.s.c.ServletWebServerApplicationContext [ServletWebServerApplicationContext.java:292] Root WebApplicationContext: initialization completed in 1460 ms
2023-01-13 10:00:31,792 INFO [restartedMain] o.s.b.a.w.s.WelcomePageHandlerMapping [WelcomePageHandlerMapping.java:57] Adding welcome page template: index
2023-01-13 10:00:31,969 INFO [restartedMain] o.s.b.d.a.OptionalLiveReloadServer [OptionalLiveReloadServer.java:59] LiveReload server is running on port 35729
2023-01-13 10:00:31,988 INFO [restartedMain] o.a.c.h.Http11NioProtocol [DirectJDKLog.java:173] Starting ProtocolHandler ["http-nio-8080"]
2023-01-13 10:00:32,007 INFO [restartedMain] o.s.b.w.e.t.TomcatWebServer [TomcatWebServer.java:220] Tomcat started on port(s): 8080 (http) with context path '/community'
2023-01-13 10:00:32,018 INFO [restartedMain] c.n.c.CommunityApplication [StartupInfoLogger.java:61] Started CommunityApplication in 3.154 seconds (JVM running for 4.286)
2023-01-13 10:00:40,351 INFO [http-nio-8080-exec-2] o.a.c.c.C.[.[.[/community] [DirectJDKLog.java:173] Initializing Spring DispatcherServlet 'dispatcherServlet'
2023-01-13 10:00:40,351 INFO [http-nio-8080-exec-2] o.s.w.s.DispatcherServlet [FrameworkServlet.java:525] Initializing Servlet 'dispatcherServlet'
2023-01-13 10:00:40,352 INFO [http-nio-8080-exec-2] o.s.w.s.DispatcherServlet [FrameworkServlet.java:547] Completed initialization in 1 ms
2023-01-13 10:00:40,466 INFO [http-nio-8080-exec-2] c.a.d.p.DruidDataSource [DruidDataSource.java:998] {dataSource-1} inited
2023-01-13 11:54:55,928 INFO [SpringApplicationShutdownHook] c.a.d.p.DruidDataSource [DruidDataSource.java:2071] {dataSource-1} closing ...
2023-01-13 11:54:55,932 INFO [SpringApplicationShutdownHook] c.a.d.p.DruidDataSource [DruidDataSource.java:2144] {dataSource-1} closed
2023-01-13 11:59:59,732 INFO [restartedMain] c.n.c.CommunityApplication [StartupInfoLogger.java:55] Starting CommunityApplication using Java 1.8.0_341 on LAPTOP-N21AF2PF with PID 3936 (D:\java_workplace\community\target\classes started by tangs in D:\java_workplace\community)
2023-01-13 11:59:59,733 INFO [restartedMain] c.n.c.CommunityApplication [SpringApplication.java:631] No active profile set, falling back to 1 default profile: "default"
2023-01-13 11:59:59,777 INFO [restartedMain] o.s.b.d.e.DevToolsPropertyDefaultsPostProcessor [DeferredLog.java:255] Devtools property defaults active! Set 'spring.devtools.add-properties' to 'false' to disable
2023-01-13 11:59:59,778 INFO [restartedMain] o.s.b.d.e.DevToolsPropertyDefaultsPostProcessor [DeferredLog.java:255] For additional web related logging consider setting the 'logging.level.web' property to 'DEBUG'
2023-01-13 12:00:00,945 INFO [restartedMain] o.s.b.w.e.t.TomcatWebServer [TomcatWebServer.java:108] Tomcat initialized with port(s): 8080 (http)
2023-01-13 12:00:00,955 INFO [restartedMain] o.a.c.h.Http11NioProtocol [DirectJDKLog.java:173] Initializing ProtocolHandler ["http-nio-8080"]
2023-01-13 12:00:00,956 INFO [restartedMain] o.a.c.c.StandardService [DirectJDKLog.java:173] Starting service [Tomcat]
2023-01-13 12:00:00,956 INFO [restartedMain] o.a.c.c.StandardEngine [DirectJDKLog.java:173] Starting Servlet engine: [Apache Tomcat/9.0.70]
2023-01-13 12:00:01,030 INFO [restartedMain] o.a.c.c.C.[.[.[/community] [DirectJDKLog.java:173] Initializing Spring embedded WebApplicationContext
2023-01-13 12:00:01,030 INFO [restartedMain] o.s.b.w.s.c.ServletWebServerApplicationContext [ServletWebServerApplicationContext.java:292] Root WebApplicationContext: initialization completed in 1252 ms
2023-01-13 12:00:01,622 INFO [restartedMain] o.s.b.a.w.s.WelcomePageHandlerMapping [WelcomePageHandlerMapping.java:57] Adding welcome page template: index
2023-01-13 12:00:01,782 INFO [restartedMain] o.s.b.d.a.OptionalLiveReloadServer [OptionalLiveReloadServer.java:59] LiveReload server is running on port 35729
2023-01-13 12:00:01,802 INFO [restartedMain] o.a.c.h.Http11NioProtocol [DirectJDKLog.java:173] Starting ProtocolHandler ["http-nio-8080"]
2023-01-13 12:00:01,818 INFO [restartedMain] o.s.b.w.e.t.TomcatWebServer [TomcatWebServer.java:220] Tomcat started on port(s): 8080 (http) with context path '/community'
2023-01-13 12:00:01,829 INFO [restartedMain] c.n.c.CommunityApplication [StartupInfoLogger.java:61] Started CommunityApplication in 2.662 seconds (JVM running for 3.538)
2023-01-13 12:00:06,403 INFO [http-nio-8080-exec-1] o.a.c.c.C.[.[.[/community] [DirectJDKLog.java:173] Initializing Spring DispatcherServlet 'dispatcherServlet'
2023-01-13 12:00:06,403 INFO [http-nio-8080-exec-1] o.s.w.s.DispatcherServlet [FrameworkServlet.java:525] Initializing Servlet 'dispatcherServlet'
2023-01-13 12:00:06,405 INFO [http-nio-8080-exec-1] o.s.w.s.DispatcherServlet [FrameworkServlet.java:547] Completed initialization in 2 ms
2023-01-13 12:00:06,514 INFO [http-nio-8080-exec-1] c.a.d.p.DruidDataSource [DruidDataSource.java:998] {dataSource-1} inited
2023-01-13 12:53:56,187 INFO [SpringApplicationShutdownHook] c.a.d.p.DruidDataSource [DruidDataSource.java:2071] {dataSource-1} closing ...
2023-01-13 12:53:56,189 INFO [SpringApplicationShutdownHook] c.a.d.p.DruidDataSource [DruidDataSource.java:2144] {dataSource-1} closed
2023-01-13 16:54:43,143 INFO [restartedMain] c.n.c.CommunityApplication [StartupInfoLogger.java:55] Starting CommunityApplication using Java 1.8.0_341 on LAPTOP-N21AF2PF with PID 9732 (D:\java_workplace\community\target\classes started by tangs in D:\java_workplace\community)
2023-01-13 16:54:43,145 INFO [restartedMain] c.n.c.CommunityApplication [SpringApplication.java:631] No active profile set, falling back to 1 default profile: "default"
2023-01-13 16:54:43,197 INFO [restartedMain] o.s.b.d.e.DevToolsPropertyDefaultsPostProcessor [DeferredLog.java:255] Devtools property defaults active! Set 'spring.devtools.add-properties' to 'false' to disable
2023-01-13 16:54:43,197 INFO [restartedMain] o.s.b.d.e.DevToolsPropertyDefaultsPostProcessor [DeferredLog.java:255] For additional web related logging consider setting the 'logging.level.web' property to 'DEBUG'
2023-01-13 16:54:44,628 INFO [restartedMain] o.s.b.w.e.t.TomcatWebServer [TomcatWebServer.java:108] Tomcat initialized with port(s): 8080 (http)
2023-01-13 16:54:44,639 INFO [restartedMain] o.a.c.h.Http11NioProtocol [DirectJDKLog.java:173] Initializing ProtocolHandler ["http-nio-8080"]
2023-01-13 16:54:44,640 INFO [restartedMain] o.a.c.c.StandardService [DirectJDKLog.java:173] Starting service [Tomcat]
2023-01-13 16:54:44,641 INFO [restartedMain] o.a.c.c.StandardEngine [DirectJDKLog.java:173] Starting Servlet engine: [Apache Tomcat/9.0.70]
2023-01-13 16:54:44,719 INFO [restartedMain] o.a.c.c.C.[.[.[/community] [DirectJDKLog.java:173] Initializing Spring embedded WebApplicationContext
2023-01-13 16:54:44,719 INFO [restartedMain] o.s.b.w.s.c.ServletWebServerApplicationContext [ServletWebServerApplicationContext.java:292] Root WebApplicationContext: initialization completed in 1521 ms
2023-01-13 16:54:45,423 INFO [restartedMain] o.s.b.a.w.s.WelcomePageHandlerMapping [WelcomePageHandlerMapping.java:57] Adding welcome page template: index
2023-01-13 16:54:45,599 INFO [restartedMain] o.s.b.d.a.OptionalLiveReloadServer [OptionalLiveReloadServer.java:59] LiveReload server is running on port 35729
2023-01-13 16:54:45,621 INFO [restartedMain] o.a.c.h.Http11NioProtocol [DirectJDKLog.java:173] Starting ProtocolHandler ["http-nio-8080"]
2023-01-13 16:54:45,639 INFO [restartedMain] o.s.b.w.e.t.TomcatWebServer [TomcatWebServer.java:220] Tomcat started on port(s): 8080 (http) with context path '/community'
2023-01-13 16:54:45,651 INFO [restartedMain] c.n.c.CommunityApplication [StartupInfoLogger.java:61] Started CommunityApplication in 3.148 seconds (JVM running for 3.905)
2023-01-13 16:54:58,469 INFO [http-nio-8080-exec-2] o.a.c.c.C.[.[.[/community] [DirectJDKLog.java:173] Initializing Spring DispatcherServlet 'dispatcherServlet'
2023-01-13 16:54:58,470 INFO [http-nio-8080-exec-2] o.s.w.s.DispatcherServlet [FrameworkServlet.java:525] Initializing Servlet 'dispatcherServlet'
2023-01-13 16:54:58,471 INFO [http-nio-8080-exec-2] o.s.w.s.DispatcherServlet [FrameworkServlet.java:547] Completed initialization in 1 ms
2023-01-13 16:54:58,600 INFO [http-nio-8080-exec-2] c.a.d.p.DruidDataSource [DruidDataSource.java:998] {dataSource-1} inited
2023-01-13 16:58:48,641 INFO [SpringApplicationShutdownHook] c.a.d.p.DruidDataSource [DruidDataSource.java:2071] {dataSource-1} closing ...
2023-01-13 16:58:48,645 INFO [SpringApplicationShutdownHook] c.a.d.p.DruidDataSource [DruidDataSource.java:2144] {dataSource-1} closed
2023-01-13 16:58:51,531 INFO [restartedMain] c.n.c.CommunityApplication [StartupInfoLogger.java:55] Starting CommunityApplication using Java 1.8.0_341 on LAPTOP-N21AF2PF with PID 20924 (D:\java_workplace\community\target\classes started by tangs in D:\java_workplace\community)
2023-01-13 16:58:51,533 INFO [restartedMain] c.n.c.CommunityApplication [SpringApplication.java:631] No active profile set, falling back to 1 default profile: "default"
2023-01-13 16:58:51,573 INFO [restartedMain] o.s.b.d.e.DevToolsPropertyDefaultsPostProcessor [DeferredLog.java:255] Devtools property defaults active! Set 'spring.devtools.add-properties' to 'false' to disable
2023-01-13 16:58:51,574 INFO [restartedMain] o.s.b.d.e.DevToolsPropertyDefaultsPostProcessor [DeferredLog.java:255] For additional web related logging consider setting the 'logging.level.web' property to 'DEBUG'
2023-01-13 16:58:52,672 INFO [restartedMain] o.s.b.w.e.t.TomcatWebServer [TomcatWebServer.java:108] Tomcat initialized with port(s): 8080 (http)
2023-01-13 16:58:52,681 INFO [restartedMain] o.a.c.h.Http11NioProtocol [DirectJDKLog.java:173] Initializing ProtocolHandler ["http-nio-8080"]
2023-01-13 16:58:52,682 INFO [restartedMain] o.a.c.c.StandardService [DirectJDKLog.java:173] Starting service [Tomcat]
2023-01-13 16:58:52,682 INFO [restartedMain] o.a.c.c.StandardEngine [DirectJDKLog.java:173] Starting Servlet engine: [Apache Tomcat/9.0.70]
2023-01-13 16:58:52,745 INFO [restartedMain] o.a.c.c.C.[.[.[/community] [DirectJDKLog.java:173] Initializing Spring embedded WebApplicationContext
2023-01-13 16:58:52,745 INFO [restartedMain] o.s.b.w.s.c.ServletWebServerApplicationContext [ServletWebServerApplicationContext.java:292] Root WebApplicationContext: initialization completed in 1171 ms
2023-01-13 16:58:53,288 INFO [restartedMain] o.s.b.a.w.s.WelcomePageHandlerMapping [WelcomePageHandlerMapping.java:57] Adding welcome page template: index
2023-01-13 16:58:53,431 INFO [restartedMain] o.s.b.d.a.OptionalLiveReloadServer [OptionalLiveReloadServer.java:59] LiveReload server is running on port 35729
2023-01-13 16:58:53,450 INFO [restartedMain] o.a.c.h.Http11NioProtocol [DirectJDKLog.java:173] Starting ProtocolHandler ["http-nio-8080"]
2023-01-13 16:58:53,466 INFO [restartedMain] o.s.b.w.e.t.TomcatWebServer [TomcatWebServer.java:220] Tomcat started on port(s): 8080 (http) with context path '/community'
2023-01-13 16:58:53,475 INFO [restartedMain] c.n.c.CommunityApplication [StartupInfoLogger.java:61] Started CommunityApplication in 2.438 seconds (JVM running for 3.196)
2023-01-13 17:00:18,414 INFO [http-nio-8080-exec-1] o.a.c.c.C.[.[.[/community] [DirectJDKLog.java:173] Initializing Spring DispatcherServlet 'dispatcherServlet'
2023-01-13 17:00:18,415 INFO [http-nio-8080-exec-1] o.s.w.s.DispatcherServlet [FrameworkServlet.java:525] Initializing Servlet 'dispatcherServlet'
2023-01-13 17:00:18,416 INFO [http-nio-8080-exec-1] o.s.w.s.DispatcherServlet [FrameworkServlet.java:547] Completed initialization in 1 ms
2023-01-13 17:00:18,523 INFO [http-nio-8080-exec-1] c.a.d.p.DruidDataSource [DruidDataSource.java:998] {dataSource-1} inited
2023-01-13 17:00:54,397 INFO [SpringApplicationShutdownHook] c.a.d.p.DruidDataSource [DruidDataSource.java:2071] {dataSource-1} closing ...
2023-01-13 17:00:54,401 INFO [SpringApplicationShutdownHook] c.a.d.p.DruidDataSource [DruidDataSource.java:2144] {dataSource-1} closed
