2023-01-10 16:25:43,575 INFO [main] c.n.c.SensitiveTests [StartupInfoLogger.java:55] Starting SensitiveTests using Java 1.8.0_341 on LAPTOP-N21AF2PF with PID 25708 (started by tangs in D:\java_workplace\community)
2023-01-10 16:25:43,582 INFO [main] c.n.c.SensitiveTests [SpringApplication.java:631] No active profile set, falling back to 1 default profile: "default"
2023-01-10 16:25:45,830 INFO [main] o.s.b.a.w.s.WelcomePageHandlerMapping [WelcomePageHandlerMapping.java:57] Adding welcome page template: index
2023-01-10 16:25:46,139 INFO [main] c.n.c.SensitiveTests [StartupInfoLogger.java:61] Started SensitiveTests in 3.1 seconds (JVM running for 4.415)
2023-01-10 16:25:46,442 INFO [SpringApplicationShutdownHook] c.a.d.p.DruidDataSource [DruidDataSource.java:2071] {dataSource-0} closing ...
2023-01-10 18:11:10,076 INFO [main] c.n.c.SensitiveTests [StartupInfoLogger.java:55] Starting SensitiveTests using Java 1.8.0_341 on LAPTOP-N21AF2PF with PID 28392 (started by tangs in D:\java_workplace\community)
2023-01-10 18:11:10,079 INFO [main] c.n.c.SensitiveTests [SpringApplication.java:631] No active profile set, falling back to 1 default profile: "default"
2023-01-10 18:11:12,875 INFO [main] o.s.b.a.w.s.WelcomePageHandlerMapping [WelcomePageHandlerMapping.java:57] Adding welcome page template: index
2023-01-10 18:11:13,305 INFO [main] c.n.c.SensitiveTests [StartupInfoLogger.java:61] Started SensitiveTests in 3.924 seconds (JVM running for 5.424)
2023-01-10 18:11:13,634 INFO [SpringApplicationShutdownHook] c.a.d.p.DruidDataSource [DruidDataSource.java:2071] {dataSource-0} closing ...
2023-01-10 18:12:14,815 INFO [main] c.n.c.SensitiveTests [StartupInfoLogger.java:55] Starting SensitiveTests using Java 1.8.0_341 on LAPTOP-N21AF2PF with PID 24092 (started by tangs in D:\java_workplace\community)
2023-01-10 18:12:14,818 INFO [main] c.n.c.SensitiveTests [SpringApplication.java:631] No active profile set, falling back to 1 default profile: "default"
2023-01-10 18:12:17,227 INFO [main] o.s.b.a.w.s.WelcomePageHandlerMapping [WelcomePageHandlerMapping.java:57] Adding welcome page template: index
2023-01-10 18:12:17,633 INFO [main] c.n.c.SensitiveTests [StartupInfoLogger.java:61] Started SensitiveTests in 3.336 seconds (JVM running for 4.529)
2023-01-10 18:12:17,912 INFO [SpringApplicationShutdownHook] c.a.d.p.DruidDataSource [DruidDataSource.java:2071] {dataSource-0} closing ...
2023-01-10 18:12:40,769 INFO [restartedMain] c.n.c.CommunityApplication [StartupInfoLogger.java:55] Starting CommunityApplication using Java 1.8.0_341 on LAPTOP-N21AF2PF with PID 7892 (D:\java_workplace\community\target\classes started by tangs in D:\java_workplace\community)
2023-01-10 18:12:40,770 INFO [restartedMain] c.n.c.CommunityApplication [SpringApplication.java:631] No active profile set, falling back to 1 default profile: "default"
2023-01-10 18:12:40,815 INFO [restartedMain] o.s.b.d.e.DevToolsPropertyDefaultsPostProcessor [DeferredLog.java:255] Devtools property defaults active! Set 'spring.devtools.add-properties' to 'false' to disable
2023-01-10 18:12:40,815 INFO [restartedMain] o.s.b.d.e.DevToolsPropertyDefaultsPostProcessor [DeferredLog.java:255] For additional web related logging consider setting the 'logging.level.web' property to 'DEBUG'
2023-01-10 18:12:42,029 INFO [restartedMain] o.s.b.w.e.t.TomcatWebServer [TomcatWebServer.java:108] Tomcat initialized with port(s): 8080 (http)
2023-01-10 18:12:42,039 INFO [restartedMain] o.a.c.h.Http11NioProtocol [DirectJDKLog.java:173] Initializing ProtocolHandler ["http-nio-8080"]
2023-01-10 18:12:42,040 INFO [restartedMain] o.a.c.c.StandardService [DirectJDKLog.java:173] Starting service [Tomcat]
2023-01-10 18:12:42,041 INFO [restartedMain] o.a.c.c.StandardEngine [DirectJDKLog.java:173] Starting Servlet engine: [Apache Tomcat/9.0.70]
2023-01-10 18:12:42,115 INFO [restartedMain] o.a.c.c.C.[.[.[/community] [DirectJDKLog.java:173] Initializing Spring embedded WebApplicationContext
2023-01-10 18:12:42,115 INFO [restartedMain] o.s.b.w.s.c.ServletWebServerApplicationContext [ServletWebServerApplicationContext.java:292] Root WebApplicationContext: initialization completed in 1299 ms
2023-01-10 18:12:42,683 INFO [restartedMain] o.s.b.a.w.s.WelcomePageHandlerMapping [WelcomePageHandlerMapping.java:57] Adding welcome page template: index
2023-01-10 18:12:42,851 INFO [restartedMain] o.s.b.d.a.OptionalLiveReloadServer [OptionalLiveReloadServer.java:59] LiveReload server is running on port 35729
2023-01-10 18:12:42,872 INFO [restartedMain] o.a.c.h.Http11NioProtocol [DirectJDKLog.java:173] Starting ProtocolHandler ["http-nio-8080"]
2023-01-10 18:12:42,889 INFO [restartedMain] o.s.b.w.e.t.TomcatWebServer [TomcatWebServer.java:220] Tomcat started on port(s): 8080 (http) with context path '/community'
2023-01-10 18:12:42,900 INFO [restartedMain] c.n.c.CommunityApplication [StartupInfoLogger.java:61] Started CommunityApplication in 2.699 seconds (JVM running for 3.509)
2023-01-10 18:13:38,762 INFO [http-nio-8080-exec-1] o.a.c.c.C.[.[.[/community] [DirectJDKLog.java:173] Initializing Spring DispatcherServlet 'dispatcherServlet'
2023-01-10 18:13:38,762 INFO [http-nio-8080-exec-1] o.s.w.s.DispatcherServlet [FrameworkServlet.java:525] Initializing Servlet 'dispatcherServlet'
2023-01-10 18:13:38,763 INFO [http-nio-8080-exec-1] o.s.w.s.DispatcherServlet [FrameworkServlet.java:547] Completed initialization in 1 ms
2023-01-10 18:13:38,877 INFO [http-nio-8080-exec-1] c.a.d.p.DruidDataSource [DruidDataSource.java:998] {dataSource-1} inited
2023-01-10 18:20:14,619 INFO [SpringApplicationShutdownHook] c.a.d.p.DruidDataSource [DruidDataSource.java:2071] {dataSource-1} closing ...
2023-01-10 18:20:14,624 INFO [SpringApplicationShutdownHook] c.a.d.p.DruidDataSource [DruidDataSource.java:2144] {dataSource-1} closed
