2023-01-19 20:23:17,477 INFO [restartedMain] c.n.c.CommunityApplication [StartupInfoLogger.java:55] Starting CommunityApplication using Java 1.8.0_341 on LAPTOP-N21AF2PF with PID 4464 (D:\java_workplace\community\target\classes started by tangs in D:\java_workplace\community)
2023-01-19 20:23:17,489 INFO [restartedMain] c.n.c.CommunityApplication [SpringApplication.java:631] No active profile set, falling back to 1 default profile: "default"
2023-01-19 20:23:17,547 INFO [restartedMain] o.s.b.d.e.DevToolsPropertyDefaultsPostProcessor [DeferredLog.java:255] Devtools property defaults active! Set 'spring.devtools.add-properties' to 'false' to disable
2023-01-19 20:23:17,547 INFO [restartedMain] o.s.b.d.e.DevToolsPropertyDefaultsPostProcessor [DeferredLog.java:255] For additional web related logging consider setting the 'logging.level.web' property to 'DEBUG'
2023-01-19 20:23:18,321 INFO [restartedMain] o.s.d.r.c.RepositoryConfigurationDelegate [RepositoryConfigurationDelegate.java:262] Multiple Spring Data modules found, entering strict repository configuration mode
2023-01-19 20:23:18,324 INFO [restartedMain] o.s.d.r.c.RepositoryConfigurationDelegate [RepositoryConfigurationDelegate.java:132] Bootstrapping Spring Data Redis repositories in DEFAULT mode.
2023-01-19 20:23:18,353 INFO [restartedMain] o.s.d.r.c.RepositoryConfigurationDelegate [RepositoryConfigurationDelegate.java:201] Finished Spring Data repository scanning in 10 ms. Found 0 Redis repository interfaces.
2023-01-19 20:23:19,189 INFO [restartedMain] o.s.b.w.e.t.TomcatWebServer [TomcatWebServer.java:108] Tomcat initialized with port(s): 8080 (http)
2023-01-19 20:23:19,198 INFO [restartedMain] o.a.c.h.Http11NioProtocol [DirectJDKLog.java:173] Initializing ProtocolHandler ["http-nio-8080"]
2023-01-19 20:23:19,199 INFO [restartedMain] o.a.c.c.StandardService [DirectJDKLog.java:173] Starting service [Tomcat]
2023-01-19 20:23:19,199 INFO [restartedMain] o.a.c.c.StandardEngine [DirectJDKLog.java:173] Starting Servlet engine: [Apache Tomcat/9.0.70]
2023-01-19 20:23:19,309 INFO [restartedMain] o.a.c.c.C.[.[.[/community] [DirectJDKLog.java:173] Initializing Spring embedded WebApplicationContext
2023-01-19 20:23:19,310 INFO [restartedMain] o.s.b.w.s.c.ServletWebServerApplicationContext [ServletWebServerApplicationContext.java:292] Root WebApplicationContext: initialization completed in 1762 ms
2023-01-19 20:23:20,432 INFO [restartedMain] o.s.b.a.w.s.WelcomePageHandlerMapping [WelcomePageHandlerMapping.java:57] Adding welcome page template: index
2023-01-19 20:23:20,806 INFO [restartedMain] o.s.b.d.a.OptionalLiveReloadServer [OptionalLiveReloadServer.java:59] LiveReload server is running on port 35729
2023-01-19 20:23:20,831 INFO [restartedMain] o.a.c.h.Http11NioProtocol [DirectJDKLog.java:173] Starting ProtocolHandler ["http-nio-8080"]
2023-01-19 20:23:20,851 INFO [restartedMain] o.s.b.w.e.t.TomcatWebServer [TomcatWebServer.java:220] Tomcat started on port(s): 8080 (http) with context path '/community'
2023-01-19 20:23:20,862 INFO [restartedMain] c.n.c.CommunityApplication [StartupInfoLogger.java:61] Started CommunityApplication in 3.982 seconds (JVM running for 5.104)
2023-01-19 20:23:30,044 INFO [http-nio-8080-exec-3] o.a.c.c.C.[.[.[/community] [DirectJDKLog.java:173] Initializing Spring DispatcherServlet 'dispatcherServlet'
2023-01-19 20:23:30,044 INFO [http-nio-8080-exec-3] o.s.w.s.DispatcherServlet [FrameworkServlet.java:525] Initializing Servlet 'dispatcherServlet'
2023-01-19 20:23:30,045 INFO [http-nio-8080-exec-3] o.s.w.s.DispatcherServlet [FrameworkServlet.java:547] Completed initialization in 0 ms
2023-01-19 20:23:30,088 INFO [http-nio-8080-exec-3] c.n.c.a.ServiceLogAspect [ServiceLogAspect.java:36] 用户[0:0:0:0:0:0:0:1],在[2023-01-19 20:23:30],访问了[com.nowcoder.community.service.DiscussPostService.findDiscussPostRows].
2023-01-19 20:23:30,169 INFO [http-nio-8080-exec-3] c.a.d.p.DruidDataSource [DruidDataSource.java:998] {dataSource-1} inited
2023-01-19 20:23:30,332 INFO [http-nio-8080-exec-3] c.n.c.a.ServiceLogAspect [ServiceLogAspect.java:36] 用户[0:0:0:0:0:0:0:1],在[2023-01-19 20:23:30],访问了[com.nowcoder.community.service.DiscussPostService.findDiscussPosts].
2023-01-19 20:23:30,343 INFO [http-nio-8080-exec-3] c.n.c.a.ServiceLogAspect [ServiceLogAspect.java:36] 用户[0:0:0:0:0:0:0:1],在[2023-01-19 20:23:30],访问了[com.nowcoder.community.service.UserService.findUserById].
2023-01-19 20:23:30,350 INFO [http-nio-8080-exec-3] c.n.c.a.ServiceLogAspect [ServiceLogAspect.java:36] 用户[0:0:0:0:0:0:0:1],在[2023-01-19 20:23:30],访问了[com.nowcoder.community.service.LikeService.findEntityLikeCount].
2023-01-19 20:23:30,882 INFO [http-nio-8080-exec-3] c.n.c.a.ServiceLogAspect [ServiceLogAspect.java:36] 用户[0:0:0:0:0:0:0:1],在[2023-01-19 20:23:30],访问了[com.nowcoder.community.service.UserService.findUserById].
2023-01-19 20:23:30,885 INFO [http-nio-8080-exec-3] c.n.c.a.ServiceLogAspect [ServiceLogAspect.java:36] 用户[0:0:0:0:0:0:0:1],在[2023-01-19 20:23:30],访问了[com.nowcoder.community.service.LikeService.findEntityLikeCount].
2023-01-19 20:23:30,887 INFO [http-nio-8080-exec-3] c.n.c.a.ServiceLogAspect [ServiceLogAspect.java:36] 用户[0:0:0:0:0:0:0:1],在[2023-01-19 20:23:30],访问了[com.nowcoder.community.service.UserService.findUserById].
2023-01-19 20:23:30,890 INFO [http-nio-8080-exec-3] c.n.c.a.ServiceLogAspect [ServiceLogAspect.java:36] 用户[0:0:0:0:0:0:0:1],在[2023-01-19 20:23:30],访问了[com.nowcoder.community.service.LikeService.findEntityLikeCount].
2023-01-19 20:23:30,892 INFO [http-nio-8080-exec-3] c.n.c.a.ServiceLogAspect [ServiceLogAspect.java:36] 用户[0:0:0:0:0:0:0:1],在[2023-01-19 20:23:30],访问了[com.nowcoder.community.service.UserService.findUserById].
2023-01-19 20:23:30,895 INFO [http-nio-8080-exec-3] c.n.c.a.ServiceLogAspect [ServiceLogAspect.java:36] 用户[0:0:0:0:0:0:0:1],在[2023-01-19 20:23:30],访问了[com.nowcoder.community.service.LikeService.findEntityLikeCount].
2023-01-19 20:23:30,896 INFO [http-nio-8080-exec-3] c.n.c.a.ServiceLogAspect [ServiceLogAspect.java:36] 用户[0:0:0:0:0:0:0:1],在[2023-01-19 20:23:30],访问了[com.nowcoder.community.service.UserService.findUserById].
2023-01-19 20:23:30,899 INFO [http-nio-8080-exec-3] c.n.c.a.ServiceLogAspect [ServiceLogAspect.java:36] 用户[0:0:0:0:0:0:0:1],在[2023-01-19 20:23:30],访问了[com.nowcoder.community.service.LikeService.findEntityLikeCount].
2023-01-19 20:23:30,901 INFO [http-nio-8080-exec-3] c.n.c.a.ServiceLogAspect [ServiceLogAspect.java:36] 用户[0:0:0:0:0:0:0:1],在[2023-01-19 20:23:30],访问了[com.nowcoder.community.service.UserService.findUserById].
2023-01-19 20:23:30,904 INFO [http-nio-8080-exec-3] c.n.c.a.ServiceLogAspect [ServiceLogAspect.java:36] 用户[0:0:0:0:0:0:0:1],在[2023-01-19 20:23:30],访问了[com.nowcoder.community.service.LikeService.findEntityLikeCount].
2023-01-19 20:23:30,906 INFO [http-nio-8080-exec-3] c.n.c.a.ServiceLogAspect [ServiceLogAspect.java:36] 用户[0:0:0:0:0:0:0:1],在[2023-01-19 20:23:30],访问了[com.nowcoder.community.service.UserService.findUserById].
2023-01-19 20:23:30,909 INFO [http-nio-8080-exec-3] c.n.c.a.ServiceLogAspect [ServiceLogAspect.java:36] 用户[0:0:0:0:0:0:0:1],在[2023-01-19 20:23:30],访问了[com.nowcoder.community.service.LikeService.findEntityLikeCount].
2023-01-19 20:23:30,911 INFO [http-nio-8080-exec-3] c.n.c.a.ServiceLogAspect [ServiceLogAspect.java:36] 用户[0:0:0:0:0:0:0:1],在[2023-01-19 20:23:30],访问了[com.nowcoder.community.service.UserService.findUserById].
2023-01-19 20:23:30,914 INFO [http-nio-8080-exec-3] c.n.c.a.ServiceLogAspect [ServiceLogAspect.java:36] 用户[0:0:0:0:0:0:0:1],在[2023-01-19 20:23:30],访问了[com.nowcoder.community.service.LikeService.findEntityLikeCount].
2023-01-19 20:23:30,915 INFO [http-nio-8080-exec-3] c.n.c.a.ServiceLogAspect [ServiceLogAspect.java:36] 用户[0:0:0:0:0:0:0:1],在[2023-01-19 20:23:30],访问了[com.nowcoder.community.service.UserService.findUserById].
2023-01-19 20:23:30,918 INFO [http-nio-8080-exec-3] c.n.c.a.ServiceLogAspect [ServiceLogAspect.java:36] 用户[0:0:0:0:0:0:0:1],在[2023-01-19 20:23:30],访问了[com.nowcoder.community.service.LikeService.findEntityLikeCount].
2023-01-19 20:23:30,919 INFO [http-nio-8080-exec-3] c.n.c.a.ServiceLogAspect [ServiceLogAspect.java:36] 用户[0:0:0:0:0:0:0:1],在[2023-01-19 20:23:30],访问了[com.nowcoder.community.service.UserService.findUserById].
2023-01-19 20:23:30,922 INFO [http-nio-8080-exec-3] c.n.c.a.ServiceLogAspect [ServiceLogAspect.java:36] 用户[0:0:0:0:0:0:0:1],在[2023-01-19 20:23:30],访问了[com.nowcoder.community.service.LikeService.findEntityLikeCount].
2023-01-19 20:23:43,073 INFO [http-nio-8080-exec-1] c.n.c.a.ServiceLogAspect [ServiceLogAspect.java:36] 用户[0:0:0:0:0:0:0:1],在[2023-01-19 20:23:43],访问了[com.nowcoder.community.service.UserService.login].
2023-01-19 20:23:43,102 INFO [http-nio-8080-exec-9] c.n.c.a.ServiceLogAspect [ServiceLogAspect.java:36] 用户[0:0:0:0:0:0:0:1],在[2023-01-19 20:23:43],访问了[com.nowcoder.community.service.UserService.findLoginTicket].
2023-01-19 20:23:43,105 INFO [http-nio-8080-exec-9] c.n.c.a.ServiceLogAspect [ServiceLogAspect.java:36] 用户[0:0:0:0:0:0:0:1],在[2023-01-19 20:23:43],访问了[com.nowcoder.community.service.UserService.findUserById].
2023-01-19 20:23:43,108 INFO [http-nio-8080-exec-9] c.n.c.a.ServiceLogAspect [ServiceLogAspect.java:36] 用户[0:0:0:0:0:0:0:1],在[2023-01-19 20:23:43],访问了[com.nowcoder.community.service.DiscussPostService.findDiscussPostRows].
2023-01-19 20:23:43,113 INFO [http-nio-8080-exec-9] c.n.c.a.ServiceLogAspect [ServiceLogAspect.java:36] 用户[0:0:0:0:0:0:0:1],在[2023-01-19 20:23:43],访问了[com.nowcoder.community.service.DiscussPostService.findDiscussPosts].
2023-01-19 20:23:43,121 INFO [http-nio-8080-exec-9] c.n.c.a.ServiceLogAspect [ServiceLogAspect.java:36] 用户[0:0:0:0:0:0:0:1],在[2023-01-19 20:23:43],访问了[com.nowcoder.community.service.UserService.findUserById].
2023-01-19 20:23:43,124 INFO [http-nio-8080-exec-9] c.n.c.a.ServiceLogAspect [ServiceLogAspect.java:36] 用户[0:0:0:0:0:0:0:1],在[2023-01-19 20:23:43],访问了[com.nowcoder.community.service.LikeService.findEntityLikeCount].
2023-01-19 20:23:43,125 INFO [http-nio-8080-exec-9] c.n.c.a.ServiceLogAspect [ServiceLogAspect.java:36] 用户[0:0:0:0:0:0:0:1],在[2023-01-19 20:23:43],访问了[com.nowcoder.community.service.UserService.findUserById].
2023-01-19 20:23:43,128 INFO [http-nio-8080-exec-9] c.n.c.a.ServiceLogAspect [ServiceLogAspect.java:36] 用户[0:0:0:0:0:0:0:1],在[2023-01-19 20:23:43],访问了[com.nowcoder.community.service.LikeService.findEntityLikeCount].
2023-01-19 20:23:43,130 INFO [http-nio-8080-exec-9] c.n.c.a.ServiceLogAspect [ServiceLogAspect.java:36] 用户[0:0:0:0:0:0:0:1],在[2023-01-19 20:23:43],访问了[com.nowcoder.community.service.UserService.findUserById].
2023-01-19 20:23:43,132 INFO [http-nio-8080-exec-9] c.n.c.a.ServiceLogAspect [ServiceLogAspect.java:36] 用户[0:0:0:0:0:0:0:1],在[2023-01-19 20:23:43],访问了[com.nowcoder.community.service.LikeService.findEntityLikeCount].
2023-01-19 20:23:43,134 INFO [http-nio-8080-exec-9] c.n.c.a.ServiceLogAspect [ServiceLogAspect.java:36] 用户[0:0:0:0:0:0:0:1],在[2023-01-19 20:23:43],访问了[com.nowcoder.community.service.UserService.findUserById].
2023-01-19 20:23:43,138 INFO [http-nio-8080-exec-9] c.n.c.a.ServiceLogAspect [ServiceLogAspect.java:36] 用户[0:0:0:0:0:0:0:1],在[2023-01-19 20:23:43],访问了[com.nowcoder.community.service.LikeService.findEntityLikeCount].
2023-01-19 20:23:43,139 INFO [http-nio-8080-exec-9] c.n.c.a.ServiceLogAspect [ServiceLogAspect.java:36] 用户[0:0:0:0:0:0:0:1],在[2023-01-19 20:23:43],访问了[com.nowcoder.community.service.UserService.findUserById].
2023-01-19 20:23:43,141 INFO [http-nio-8080-exec-9] c.n.c.a.ServiceLogAspect [ServiceLogAspect.java:36] 用户[0:0:0:0:0:0:0:1],在[2023-01-19 20:23:43],访问了[com.nowcoder.community.service.LikeService.findEntityLikeCount].
2023-01-19 20:23:43,143 INFO [http-nio-8080-exec-9] c.n.c.a.ServiceLogAspect [ServiceLogAspect.java:36] 用户[0:0:0:0:0:0:0:1],在[2023-01-19 20:23:43],访问了[com.nowcoder.community.service.UserService.findUserById].
2023-01-19 20:23:43,145 INFO [http-nio-8080-exec-9] c.n.c.a.ServiceLogAspect [ServiceLogAspect.java:36] 用户[0:0:0:0:0:0:0:1],在[2023-01-19 20:23:43],访问了[com.nowcoder.community.service.LikeService.findEntityLikeCount].
2023-01-19 20:23:43,147 INFO [http-nio-8080-exec-9] c.n.c.a.ServiceLogAspect [ServiceLogAspect.java:36] 用户[0:0:0:0:0:0:0:1],在[2023-01-19 20:23:43],访问了[com.nowcoder.community.service.UserService.findUserById].
2023-01-19 20:23:43,149 INFO [http-nio-8080-exec-9] c.n.c.a.ServiceLogAspect [ServiceLogAspect.java:36] 用户[0:0:0:0:0:0:0:1],在[2023-01-19 20:23:43],访问了[com.nowcoder.community.service.LikeService.findEntityLikeCount].
2023-01-19 20:23:43,151 INFO [http-nio-8080-exec-9] c.n.c.a.ServiceLogAspect [ServiceLogAspect.java:36] 用户[0:0:0:0:0:0:0:1],在[2023-01-19 20:23:43],访问了[com.nowcoder.community.service.UserService.findUserById].
2023-01-19 20:23:43,153 INFO [http-nio-8080-exec-9] c.n.c.a.ServiceLogAspect [ServiceLogAspect.java:36] 用户[0:0:0:0:0:0:0:1],在[2023-01-19 20:23:43],访问了[com.nowcoder.community.service.LikeService.findEntityLikeCount].
2023-01-19 20:23:43,154 INFO [http-nio-8080-exec-9] c.n.c.a.ServiceLogAspect [ServiceLogAspect.java:36] 用户[0:0:0:0:0:0:0:1],在[2023-01-19 20:23:43],访问了[com.nowcoder.community.service.UserService.findUserById].
2023-01-19 20:23:43,156 INFO [http-nio-8080-exec-9] c.n.c.a.ServiceLogAspect [ServiceLogAspect.java:36] 用户[0:0:0:0:0:0:0:1],在[2023-01-19 20:23:43],访问了[com.nowcoder.community.service.LikeService.findEntityLikeCount].
2023-01-19 20:23:43,158 INFO [http-nio-8080-exec-9] c.n.c.a.ServiceLogAspect [ServiceLogAspect.java:36] 用户[0:0:0:0:0:0:0:1],在[2023-01-19 20:23:43],访问了[com.nowcoder.community.service.UserService.findUserById].
2023-01-19 20:23:43,160 INFO [http-nio-8080-exec-9] c.n.c.a.ServiceLogAspect [ServiceLogAspect.java:36] 用户[0:0:0:0:0:0:0:1],在[2023-01-19 20:23:43],访问了[com.nowcoder.community.service.LikeService.findEntityLikeCount].
2023-01-19 20:23:45,689 INFO [http-nio-8080-exec-5] c.n.c.a.ServiceLogAspect [ServiceLogAspect.java:36] 用户[0:0:0:0:0:0:0:1],在[2023-01-19 20:23:45],访问了[com.nowcoder.community.service.UserService.findLoginTicket].
2023-01-19 20:23:45,692 INFO [http-nio-8080-exec-5] c.n.c.a.ServiceLogAspect [ServiceLogAspect.java:36] 用户[0:0:0:0:0:0:0:1],在[2023-01-19 20:23:45],访问了[com.nowcoder.community.service.UserService.findUserById].
2023-01-19 20:23:45,696 INFO [http-nio-8080-exec-5] c.n.c.a.ServiceLogAspect [ServiceLogAspect.java:36] 用户[0:0:0:0:0:0:0:1],在[2023-01-19 20:23:45],访问了[com.nowcoder.community.service.UserService.findUserById].
2023-01-19 20:23:45,699 INFO [http-nio-8080-exec-5] c.n.c.a.ServiceLogAspect [ServiceLogAspect.java:36] 用户[0:0:0:0:0:0:0:1],在[2023-01-19 20:23:45],访问了[com.nowcoder.community.service.LikeService.findUserLikeCount].
2023-01-19 20:23:45,704 INFO [http-nio-8080-exec-5] c.n.c.a.ServiceLogAspect [ServiceLogAspect.java:36] 用户[0:0:0:0:0:0:0:1],在[2023-01-19 20:23:45],访问了[com.nowcoder.community.service.FollowService.findFolloweeCount].
2023-01-19 20:23:45,710 INFO [http-nio-8080-exec-5] c.n.c.a.ServiceLogAspect [ServiceLogAspect.java:36] 用户[0:0:0:0:0:0:0:1],在[2023-01-19 20:23:45],访问了[com.nowcoder.community.service.FollowService.findFollowerCount].
2023-01-19 20:23:45,712 INFO [http-nio-8080-exec-5] c.n.c.a.ServiceLogAspect [ServiceLogAspect.java:36] 用户[0:0:0:0:0:0:0:1],在[2023-01-19 20:23:45],访问了[com.nowcoder.community.service.FollowService.hasFollowed].
2023-01-19 20:23:47,792 INFO [http-nio-8080-exec-3] c.n.c.a.ServiceLogAspect [ServiceLogAspect.java:36] 用户[0:0:0:0:0:0:0:1],在[2023-01-19 20:23:47],访问了[com.nowcoder.community.service.UserService.findLoginTicket].
2023-01-19 20:23:47,795 INFO [http-nio-8080-exec-3] c.n.c.a.ServiceLogAspect [ServiceLogAspect.java:36] 用户[0:0:0:0:0:0:0:1],在[2023-01-19 20:23:47],访问了[com.nowcoder.community.service.UserService.findUserById].
2023-01-19 20:23:47,817 INFO [http-nio-8080-exec-1] c.n.c.a.ServiceLogAspect [ServiceLogAspect.java:36] 用户[0:0:0:0:0:0:0:1],在[2023-01-19 20:23:47],访问了[com.nowcoder.community.service.UserService.findLoginTicket].
2023-01-19 20:23:47,819 INFO [http-nio-8080-exec-1] c.n.c.a.ServiceLogAspect [ServiceLogAspect.java:36] 用户[0:0:0:0:0:0:0:1],在[2023-01-19 20:23:47],访问了[com.nowcoder.community.service.UserService.findUserById].
2023-01-19 20:28:08,935 INFO [http-nio-8080-exec-1] c.n.c.a.ServiceLogAspect [ServiceLogAspect.java:36] 用户[0:0:0:0:0:0:0:1],在[2023-01-19 20:28:08],访问了[com.nowcoder.community.service.UserService.findLoginTicket].
2023-01-19 20:28:08,955 INFO [http-nio-8080-exec-1] c.n.c.a.ServiceLogAspect [ServiceLogAspect.java:36] 用户[0:0:0:0:0:0:0:1],在[2023-01-19 20:28:08],访问了[com.nowcoder.community.service.UserService.findUserById].
2023-01-19 20:28:08,957 INFO [http-nio-8080-exec-1] c.n.c.a.ServiceLogAspect [ServiceLogAspect.java:36] 用户[0:0:0:0:0:0:0:1],在[2023-01-19 20:28:08],访问了[com.nowcoder.community.service.DiscussPostService.findDiscussPostRows].
2023-01-19 20:28:08,960 INFO [http-nio-8080-exec-1] c.n.c.a.ServiceLogAspect [ServiceLogAspect.java:36] 用户[0:0:0:0:0:0:0:1],在[2023-01-19 20:28:08],访问了[com.nowcoder.community.service.DiscussPostService.findDiscussPosts].
2023-01-19 20:28:08,963 INFO [http-nio-8080-exec-1] c.n.c.a.ServiceLogAspect [ServiceLogAspect.java:36] 用户[0:0:0:0:0:0:0:1],在[2023-01-19 20:28:08],访问了[com.nowcoder.community.service.UserService.findUserById].
2023-01-19 20:28:08,966 INFO [http-nio-8080-exec-1] c.n.c.a.ServiceLogAspect [ServiceLogAspect.java:36] 用户[0:0:0:0:0:0:0:1],在[2023-01-19 20:28:08],访问了[com.nowcoder.community.service.LikeService.findEntityLikeCount].
2023-01-19 20:28:08,967 INFO [http-nio-8080-exec-1] c.n.c.a.ServiceLogAspect [ServiceLogAspect.java:36] 用户[0:0:0:0:0:0:0:1],在[2023-01-19 20:28:08],访问了[com.nowcoder.community.service.UserService.findUserById].
2023-01-19 20:28:08,969 INFO [http-nio-8080-exec-1] c.n.c.a.ServiceLogAspect [ServiceLogAspect.java:36] 用户[0:0:0:0:0:0:0:1],在[2023-01-19 20:28:08],访问了[com.nowcoder.community.service.LikeService.findEntityLikeCount].
2023-01-19 20:28:08,970 INFO [http-nio-8080-exec-1] c.n.c.a.ServiceLogAspect [ServiceLogAspect.java:36] 用户[0:0:0:0:0:0:0:1],在[2023-01-19 20:28:08],访问了[com.nowcoder.community.service.UserService.findUserById].
2023-01-19 20:28:08,973 INFO [http-nio-8080-exec-1] c.n.c.a.ServiceLogAspect [ServiceLogAspect.java:36] 用户[0:0:0:0:0:0:0:1],在[2023-01-19 20:28:08],访问了[com.nowcoder.community.service.LikeService.findEntityLikeCount].
2023-01-19 20:28:08,974 INFO [http-nio-8080-exec-1] c.n.c.a.ServiceLogAspect [ServiceLogAspect.java:36] 用户[0:0:0:0:0:0:0:1],在[2023-01-19 20:28:08],访问了[com.nowcoder.community.service.UserService.findUserById].
2023-01-19 20:28:08,977 INFO [http-nio-8080-exec-1] c.n.c.a.ServiceLogAspect [ServiceLogAspect.java:36] 用户[0:0:0:0:0:0:0:1],在[2023-01-19 20:28:08],访问了[com.nowcoder.community.service.LikeService.findEntityLikeCount].
2023-01-19 20:28:08,978 INFO [http-nio-8080-exec-1] c.n.c.a.ServiceLogAspect [ServiceLogAspect.java:36] 用户[0:0:0:0:0:0:0:1],在[2023-01-19 20:28:08],访问了[com.nowcoder.community.service.UserService.findUserById].
2023-01-19 20:28:08,981 INFO [http-nio-8080-exec-1] c.n.c.a.ServiceLogAspect [ServiceLogAspect.java:36] 用户[0:0:0:0:0:0:0:1],在[2023-01-19 20:28:08],访问了[com.nowcoder.community.service.LikeService.findEntityLikeCount].
2023-01-19 20:28:08,982 INFO [http-nio-8080-exec-1] c.n.c.a.ServiceLogAspect [ServiceLogAspect.java:36] 用户[0:0:0:0:0:0:0:1],在[2023-01-19 20:28:08],访问了[com.nowcoder.community.service.UserService.findUserById].
2023-01-19 20:28:08,985 INFO [http-nio-8080-exec-1] c.n.c.a.ServiceLogAspect [ServiceLogAspect.java:36] 用户[0:0:0:0:0:0:0:1],在[2023-01-19 20:28:08],访问了[com.nowcoder.community.service.LikeService.findEntityLikeCount].
2023-01-19 20:28:08,986 INFO [http-nio-8080-exec-1] c.n.c.a.ServiceLogAspect [ServiceLogAspect.java:36] 用户[0:0:0:0:0:0:0:1],在[2023-01-19 20:28:08],访问了[com.nowcoder.community.service.UserService.findUserById].
2023-01-19 20:28:08,988 INFO [http-nio-8080-exec-1] c.n.c.a.ServiceLogAspect [ServiceLogAspect.java:36] 用户[0:0:0:0:0:0:0:1],在[2023-01-19 20:28:08],访问了[com.nowcoder.community.service.LikeService.findEntityLikeCount].
2023-01-19 20:28:08,989 INFO [http-nio-8080-exec-1] c.n.c.a.ServiceLogAspect [ServiceLogAspect.java:36] 用户[0:0:0:0:0:0:0:1],在[2023-01-19 20:28:08],访问了[com.nowcoder.community.service.UserService.findUserById].
2023-01-19 20:28:08,991 INFO [http-nio-8080-exec-1] c.n.c.a.ServiceLogAspect [ServiceLogAspect.java:36] 用户[0:0:0:0:0:0:0:1],在[2023-01-19 20:28:08],访问了[com.nowcoder.community.service.LikeService.findEntityLikeCount].
2023-01-19 20:28:08,992 INFO [http-nio-8080-exec-1] c.n.c.a.ServiceLogAspect [ServiceLogAspect.java:36] 用户[0:0:0:0:0:0:0:1],在[2023-01-19 20:28:08],访问了[com.nowcoder.community.service.UserService.findUserById].
2023-01-19 20:28:08,994 INFO [http-nio-8080-exec-1] c.n.c.a.ServiceLogAspect [ServiceLogAspect.java:36] 用户[0:0:0:0:0:0:0:1],在[2023-01-19 20:28:08],访问了[com.nowcoder.community.service.LikeService.findEntityLikeCount].
2023-01-19 20:28:08,995 INFO [http-nio-8080-exec-1] c.n.c.a.ServiceLogAspect [ServiceLogAspect.java:36] 用户[0:0:0:0:0:0:0:1],在[2023-01-19 20:28:08],访问了[com.nowcoder.community.service.UserService.findUserById].
2023-01-19 20:28:08,997 INFO [http-nio-8080-exec-1] c.n.c.a.ServiceLogAspect [ServiceLogAspect.java:36] 用户[0:0:0:0:0:0:0:1],在[2023-01-19 20:28:08],访问了[com.nowcoder.community.service.LikeService.findEntityLikeCount].
2023-01-19 20:28:10,371 INFO [http-nio-8080-exec-4] c.n.c.a.ServiceLogAspect [ServiceLogAspect.java:36] 用户[0:0:0:0:0:0:0:1],在[2023-01-19 20:28:10],访问了[com.nowcoder.community.service.UserService.findLoginTicket].
2023-01-19 20:28:10,373 INFO [http-nio-8080-exec-4] c.n.c.a.ServiceLogAspect [ServiceLogAspect.java:36] 用户[0:0:0:0:0:0:0:1],在[2023-01-19 20:28:10],访问了[com.nowcoder.community.service.UserService.findUserById].
2023-01-19 20:28:10,378 INFO [http-nio-8080-exec-4] c.n.c.a.ServiceLogAspect [ServiceLogAspect.java:36] 用户[0:0:0:0:0:0:0:1],在[2023-01-19 20:28:10],访问了[com.nowcoder.community.service.DiscussPostService.findDiscussPostById].
2023-01-19 20:28:10,381 INFO [http-nio-8080-exec-4] c.n.c.a.ServiceLogAspect [ServiceLogAspect.java:36] 用户[0:0:0:0:0:0:0:1],在[2023-01-19 20:28:10],访问了[com.nowcoder.community.service.UserService.findUserById].
2023-01-19 20:28:10,383 INFO [http-nio-8080-exec-4] c.n.c.a.ServiceLogAspect [ServiceLogAspect.java:36] 用户[0:0:0:0:0:0:0:1],在[2023-01-19 20:28:10],访问了[com.nowcoder.community.service.LikeService.findEntityLikeCount].
2023-01-19 20:28:10,384 INFO [http-nio-8080-exec-4] c.n.c.a.ServiceLogAspect [ServiceLogAspect.java:36] 用户[0:0:0:0:0:0:0:1],在[2023-01-19 20:28:10],访问了[com.nowcoder.community.service.LikeService.findEntityLikeStatus].
2023-01-19 20:28:10,386 INFO [http-nio-8080-exec-4] c.n.c.a.ServiceLogAspect [ServiceLogAspect.java:36] 用户[0:0:0:0:0:0:0:1],在[2023-01-19 20:28:10],访问了[com.nowcoder.community.service.CommentService.findCommentsByEntity].
2023-01-19 20:28:10,391 INFO [http-nio-8080-exec-4] c.n.c.a.ServiceLogAspect [ServiceLogAspect.java:36] 用户[0:0:0:0:0:0:0:1],在[2023-01-19 20:28:10],访问了[com.nowcoder.community.service.UserService.findUserById].
2023-01-19 20:28:10,393 INFO [http-nio-8080-exec-4] c.n.c.a.ServiceLogAspect [ServiceLogAspect.java:36] 用户[0:0:0:0:0:0:0:1],在[2023-01-19 20:28:10],访问了[com.nowcoder.community.service.LikeService.findEntityLikeCount].
2023-01-19 20:28:10,394 INFO [http-nio-8080-exec-4] c.n.c.a.ServiceLogAspect [ServiceLogAspect.java:36] 用户[0:0:0:0:0:0:0:1],在[2023-01-19 20:28:10],访问了[com.nowcoder.community.service.LikeService.findEntityLikeStatus].
2023-01-19 20:28:10,398 INFO [http-nio-8080-exec-4] c.n.c.a.ServiceLogAspect [ServiceLogAspect.java:36] 用户[0:0:0:0:0:0:0:1],在[2023-01-19 20:28:10],访问了[com.nowcoder.community.service.CommentService.findCommentsByEntity].
2023-01-19 20:28:10,400 INFO [http-nio-8080-exec-4] c.n.c.a.ServiceLogAspect [ServiceLogAspect.java:36] 用户[0:0:0:0:0:0:0:1],在[2023-01-19 20:28:10],访问了[com.nowcoder.community.service.CommentService.findCommentCount].
2023-01-19 20:28:10,402 INFO [http-nio-8080-exec-4] c.n.c.a.ServiceLogAspect [ServiceLogAspect.java:36] 用户[0:0:0:0:0:0:0:1],在[2023-01-19 20:28:10],访问了[com.nowcoder.community.service.UserService.findUserById].
2023-01-19 20:28:10,404 INFO [http-nio-8080-exec-4] c.n.c.a.ServiceLogAspect [ServiceLogAspect.java:36] 用户[0:0:0:0:0:0:0:1],在[2023-01-19 20:28:10],访问了[com.nowcoder.community.service.LikeService.findEntityLikeCount].
2023-01-19 20:28:10,405 INFO [http-nio-8080-exec-4] c.n.c.a.ServiceLogAspect [ServiceLogAspect.java:36] 用户[0:0:0:0:0:0:0:1],在[2023-01-19 20:28:10],访问了[com.nowcoder.community.service.LikeService.findEntityLikeStatus].
2023-01-19 20:28:10,406 INFO [http-nio-8080-exec-4] c.n.c.a.ServiceLogAspect [ServiceLogAspect.java:36] 用户[0:0:0:0:0:0:0:1],在[2023-01-19 20:28:10],访问了[com.nowcoder.community.service.CommentService.findCommentsByEntity].
2023-01-19 20:28:10,408 INFO [http-nio-8080-exec-4] c.n.c.a.ServiceLogAspect [ServiceLogAspect.java:36] 用户[0:0:0:0:0:0:0:1],在[2023-01-19 20:28:10],访问了[com.nowcoder.community.service.CommentService.findCommentCount].
2023-01-19 20:28:10,409 INFO [http-nio-8080-exec-4] c.n.c.a.ServiceLogAspect [ServiceLogAspect.java:36] 用户[0:0:0:0:0:0:0:1],在[2023-01-19 20:28:10],访问了[com.nowcoder.community.service.UserService.findUserById].
2023-01-19 20:28:10,412 INFO [http-nio-8080-exec-4] c.n.c.a.ServiceLogAspect [ServiceLogAspect.java:36] 用户[0:0:0:0:0:0:0:1],在[2023-01-19 20:28:10],访问了[com.nowcoder.community.service.LikeService.findEntityLikeCount].
2023-01-19 20:28:10,413 INFO [http-nio-8080-exec-4] c.n.c.a.ServiceLogAspect [ServiceLogAspect.java:36] 用户[0:0:0:0:0:0:0:1],在[2023-01-19 20:28:10],访问了[com.nowcoder.community.service.LikeService.findEntityLikeStatus].
2023-01-19 20:28:10,414 INFO [http-nio-8080-exec-4] c.n.c.a.ServiceLogAspect [ServiceLogAspect.java:36] 用户[0:0:0:0:0:0:0:1],在[2023-01-19 20:28:10],访问了[com.nowcoder.community.service.CommentService.findCommentsByEntity].
2023-01-19 20:28:10,417 INFO [http-nio-8080-exec-4] c.n.c.a.ServiceLogAspect [ServiceLogAspect.java:36] 用户[0:0:0:0:0:0:0:1],在[2023-01-19 20:28:10],访问了[com.nowcoder.community.service.CommentService.findCommentCount].
2023-01-19 20:28:10,418 INFO [http-nio-8080-exec-4] c.n.c.a.ServiceLogAspect [ServiceLogAspect.java:36] 用户[0:0:0:0:0:0:0:1],在[2023-01-19 20:28:10],访问了[com.nowcoder.community.service.UserService.findUserById].
2023-01-19 20:28:10,420 INFO [http-nio-8080-exec-4] c.n.c.a.ServiceLogAspect [ServiceLogAspect.java:36] 用户[0:0:0:0:0:0:0:1],在[2023-01-19 20:28:10],访问了[com.nowcoder.community.service.LikeService.findEntityLikeCount].
2023-01-19 20:28:10,421 INFO [http-nio-8080-exec-4] c.n.c.a.ServiceLogAspect [ServiceLogAspect.java:36] 用户[0:0:0:0:0:0:0:1],在[2023-01-19 20:28:10],访问了[com.nowcoder.community.service.LikeService.findEntityLikeStatus].
2023-01-19 20:28:10,423 INFO [http-nio-8080-exec-4] c.n.c.a.ServiceLogAspect [ServiceLogAspect.java:36] 用户[0:0:0:0:0:0:0:1],在[2023-01-19 20:28:10],访问了[com.nowcoder.community.service.CommentService.findCommentsByEntity].
2023-01-19 20:28:10,425 INFO [http-nio-8080-exec-4] c.n.c.a.ServiceLogAspect [ServiceLogAspect.java:36] 用户[0:0:0:0:0:0:0:1],在[2023-01-19 20:28:10],访问了[com.nowcoder.community.service.CommentService.findCommentCount].
2023-01-19 20:28:10,428 INFO [http-nio-8080-exec-4] c.n.c.a.ServiceLogAspect [ServiceLogAspect.java:36] 用户[0:0:0:0:0:0:0:1],在[2023-01-19 20:28:10],访问了[com.nowcoder.community.service.UserService.findUserById].
2023-01-19 20:28:10,430 INFO [http-nio-8080-exec-4] c.n.c.a.ServiceLogAspect [ServiceLogAspect.java:36] 用户[0:0:0:0:0:0:0:1],在[2023-01-19 20:28:10],访问了[com.nowcoder.community.service.LikeService.findEntityLikeCount].
2023-01-19 20:28:10,431 INFO [http-nio-8080-exec-4] c.n.c.a.ServiceLogAspect [ServiceLogAspect.java:36] 用户[0:0:0:0:0:0:0:1],在[2023-01-19 20:28:10],访问了[com.nowcoder.community.service.LikeService.findEntityLikeStatus].
2023-01-19 20:28:10,432 INFO [http-nio-8080-exec-4] c.n.c.a.ServiceLogAspect [ServiceLogAspect.java:36] 用户[0:0:0:0:0:0:0:1],在[2023-01-19 20:28:10],访问了[com.nowcoder.community.service.CommentService.findCommentsByEntity].
2023-01-19 20:28:10,434 INFO [http-nio-8080-exec-4] c.n.c.a.ServiceLogAspect [ServiceLogAspect.java:36] 用户[0:0:0:0:0:0:0:1],在[2023-01-19 20:28:10],访问了[com.nowcoder.community.service.CommentService.findCommentCount].
2023-01-19 20:28:11,429 INFO [http-nio-8080-exec-2] c.n.c.a.ServiceLogAspect [ServiceLogAspect.java:36] 用户[0:0:0:0:0:0:0:1],在[2023-01-19 20:28:11],访问了[com.nowcoder.community.service.UserService.findLoginTicket].
2023-01-19 20:28:11,431 INFO [http-nio-8080-exec-2] c.n.c.a.ServiceLogAspect [ServiceLogAspect.java:36] 用户[0:0:0:0:0:0:0:1],在[2023-01-19 20:28:11],访问了[com.nowcoder.community.service.UserService.findUserById].
2023-01-19 20:28:11,433 INFO [http-nio-8080-exec-2] c.n.c.a.ServiceLogAspect [ServiceLogAspect.java:36] 用户[0:0:0:0:0:0:0:1],在[2023-01-19 20:28:11],访问了[com.nowcoder.community.service.UserService.findUserById].
2023-01-19 20:28:11,435 INFO [http-nio-8080-exec-2] c.n.c.a.ServiceLogAspect [ServiceLogAspect.java:36] 用户[0:0:0:0:0:0:0:1],在[2023-01-19 20:28:11],访问了[com.nowcoder.community.service.LikeService.findUserLikeCount].
2023-01-19 20:28:11,436 INFO [http-nio-8080-exec-2] c.n.c.a.ServiceLogAspect [ServiceLogAspect.java:36] 用户[0:0:0:0:0:0:0:1],在[2023-01-19 20:28:11],访问了[com.nowcoder.community.service.FollowService.findFolloweeCount].
2023-01-19 20:28:11,437 INFO [http-nio-8080-exec-2] c.n.c.a.ServiceLogAspect [ServiceLogAspect.java:36] 用户[0:0:0:0:0:0:0:1],在[2023-01-19 20:28:11],访问了[com.nowcoder.community.service.FollowService.findFollowerCount].
2023-01-19 20:28:11,438 INFO [http-nio-8080-exec-2] c.n.c.a.ServiceLogAspect [ServiceLogAspect.java:36] 用户[0:0:0:0:0:0:0:1],在[2023-01-19 20:28:11],访问了[com.nowcoder.community.service.FollowService.hasFollowed].
2023-01-19 20:28:12,994 INFO [http-nio-8080-exec-7] c.n.c.a.ServiceLogAspect [ServiceLogAspect.java:36] 用户[0:0:0:0:0:0:0:1],在[2023-01-19 20:28:12],访问了[com.nowcoder.community.service.UserService.findLoginTicket].
2023-01-19 20:28:12,997 INFO [http-nio-8080-exec-7] c.n.c.a.ServiceLogAspect [ServiceLogAspect.java:36] 用户[0:0:0:0:0:0:0:1],在[2023-01-19 20:28:12],访问了[com.nowcoder.community.service.UserService.findUserById].
2023-01-19 20:28:13,011 INFO [http-nio-8080-exec-4] c.n.c.a.ServiceLogAspect [ServiceLogAspect.java:36] 用户[0:0:0:0:0:0:0:1],在[2023-01-19 20:28:13],访问了[com.nowcoder.community.service.UserService.findLoginTicket].
2023-01-19 20:28:13,013 INFO [http-nio-8080-exec-4] c.n.c.a.ServiceLogAspect [ServiceLogAspect.java:36] 用户[0:0:0:0:0:0:0:1],在[2023-01-19 20:28:13],访问了[com.nowcoder.community.service.UserService.findUserById].
2023-01-19 21:06:30,176 INFO [SpringApplicationShutdownHook] c.a.d.p.DruidDataSource [DruidDataSource.java:2071] {dataSource-1} closing ...
2023-01-19 21:06:30,177 INFO [SpringApplicationShutdownHook] c.a.d.p.DruidDataSource [DruidDataSource.java:2144] {dataSource-1} closed
