2023-01-20 20:44:16,379 INFO [main] c.n.c.kafkaTests [StartupInfoLogger.java:55] Starting kafkaTests using Java 1.8.0_341 on LAPTOP-N21AF2PF with PID 28492 (started by tangs in D:\java_workplace\community)
2023-01-20 20:44:16,387 INFO [main] c.n.c.kafkaTests [SpringApplication.java:631] No active profile set, falling back to 1 default profile: "default"
2023-01-20 20:44:17,224 INFO [main] o.s.d.r.c.RepositoryConfigurationDelegate [RepositoryConfigurationDelegate.java:262] Multiple Spring Data modules found, entering strict repository configuration mode
2023-01-20 20:44:17,228 INFO [main] o.s.d.r.c.RepositoryConfigurationDelegate [RepositoryConfigurationDelegate.java:132] Bootstrapping Spring Data Redis repositories in DEFAULT mode.
2023-01-20 20:44:17,266 INFO [main] o.s.d.r.c.RepositoryConfigurationDelegate [RepositoryConfigurationDelegate.java:201] Finished Spring Data repository scanning in 14 ms. Found 0 Redis repository interfaces.
2023-01-20 20:44:20,203 INFO [main] o.s.b.a.w.s.WelcomePageHandlerMapping [WelcomePageHandlerMapping.java:57] Adding welcome page template: index
2023-01-20 20:44:21,177 INFO [main] o.a.k.c.c.ConsumerConfig [AbstractConfig.java:376] ConsumerConfig values: 
	allow.auto.create.topics = true
	auto.commit.interval.ms = 3000
	auto.offset.reset = latest
	bootstrap.servers = [localhost:9092]
	check.crcs = true
	client.dns.lookup = use_all_dns_ips
	client.id = consumer-community-consumer-group-1
	client.rack = 
	connections.max.idle.ms = 540000
	default.api.timeout.ms = 60000
	enable.auto.commit = true
	exclude.internal.topics = true
	fetch.max.bytes = 52428800
	fetch.max.wait.ms = 500
	fetch.min.bytes = 1
	group.id = community-consumer-group
	group.instance.id = null
	heartbeat.interval.ms = 3000
	interceptor.classes = []
	internal.leave.group.on.close = true
	internal.throw.on.fetch.stable.offset.unsupported = false
	isolation.level = read_uncommitted
	key.deserializer = class org.apache.kafka.common.serialization.StringDeserializer
	max.partition.fetch.bytes = 1048576
	max.poll.interval.ms = 300000
	max.poll.records = 500
	metadata.max.age.ms = 300000
	metric.reporters = []
	metrics.num.samples = 2
	metrics.recording.level = INFO
	metrics.sample.window.ms = 30000
	partition.assignment.strategy = [class org.apache.kafka.clients.consumer.RangeAssignor, class org.apache.kafka.clients.consumer.CooperativeStickyAssignor]
	receive.buffer.bytes = 65536
	reconnect.backoff.max.ms = 1000
	reconnect.backoff.ms = 50
	request.timeout.ms = 30000
	retry.backoff.ms = 100
	sasl.client.callback.handler.class = null
	sasl.jaas.config = null
	sasl.kerberos.kinit.cmd = /usr/bin/kinit
	sasl.kerberos.min.time.before.relogin = 60000
	sasl.kerberos.service.name = null
	sasl.kerberos.ticket.renew.jitter = 0.05
	sasl.kerberos.ticket.renew.window.factor = 0.8
	sasl.login.callback.handler.class = null
	sasl.login.class = null
	sasl.login.connect.timeout.ms = null
	sasl.login.read.timeout.ms = null
	sasl.login.refresh.buffer.seconds = 300
	sasl.login.refresh.min.period.seconds = 60
	sasl.login.refresh.window.factor = 0.8
	sasl.login.refresh.window.jitter = 0.05
	sasl.login.retry.backoff.max.ms = 10000
	sasl.login.retry.backoff.ms = 100
	sasl.mechanism = GSSAPI
	sasl.oauthbearer.clock.skew.seconds = 30
	sasl.oauthbearer.expected.audience = null
	sasl.oauthbearer.expected.issuer = null
	sasl.oauthbearer.jwks.endpoint.refresh.ms = 3600000
	sasl.oauthbearer.jwks.endpoint.retry.backoff.max.ms = 10000
	sasl.oauthbearer.jwks.endpoint.retry.backoff.ms = 100
	sasl.oauthbearer.jwks.endpoint.url = null
	sasl.oauthbearer.scope.claim.name = scope
	sasl.oauthbearer.sub.claim.name = sub
	sasl.oauthbearer.token.endpoint.url = null
	security.protocol = PLAINTEXT
	security.providers = null
	send.buffer.bytes = 131072
	session.timeout.ms = 45000
	socket.connection.setup.timeout.max.ms = 30000
	socket.connection.setup.timeout.ms = 10000
	ssl.cipher.suites = null
	ssl.enabled.protocols = [TLSv1.2]
	ssl.endpoint.identification.algorithm = https
	ssl.engine.factory.class = null
	ssl.key.password = null
	ssl.keymanager.algorithm = SunX509
	ssl.keystore.certificate.chain = null
	ssl.keystore.key = null
	ssl.keystore.location = null
	ssl.keystore.password = null
	ssl.keystore.type = JKS
	ssl.protocol = TLSv1.2
	ssl.provider = null
	ssl.secure.random.implementation = null
	ssl.trustmanager.algorithm = PKIX
	ssl.truststore.certificates = null
	ssl.truststore.location = null
	ssl.truststore.password = null
	ssl.truststore.type = JKS
	value.deserializer = class org.apache.kafka.common.serialization.StringDeserializer

2023-01-20 20:44:21,336 INFO [main] o.a.k.c.u.AppInfoParser [AppInfoParser.java:119] Kafka version: 3.1.2
2023-01-20 20:44:21,337 INFO [main] o.a.k.c.u.AppInfoParser [AppInfoParser.java:120] Kafka commitId: f8c67dc3ae0a3265
2023-01-20 20:44:21,337 INFO [main] o.a.k.c.u.AppInfoParser [AppInfoParser.java:121] Kafka startTimeMs: 1674218661334
2023-01-20 20:44:21,341 INFO [main] o.a.k.c.c.KafkaConsumer [KafkaConsumer.java:966] [Consumer clientId=consumer-community-consumer-group-1, groupId=community-consumer-group] Subscribed to topic(s): test
2023-01-20 20:44:21,366 INFO [main] c.n.c.kafkaTests [StartupInfoLogger.java:61] Started kafkaTests in 5.48 seconds (JVM running for 6.638)
2023-01-20 20:44:21,709 INFO [main] o.a.k.c.p.ProducerConfig [AbstractConfig.java:376] ProducerConfig values: 
	acks = -1
	batch.size = 16384
	bootstrap.servers = [localhost:9092]
	buffer.memory = 33554432
	client.dns.lookup = use_all_dns_ips
	client.id = producer-1
	compression.type = none
	connections.max.idle.ms = 540000
	delivery.timeout.ms = 120000
	enable.idempotence = true
	interceptor.classes = []
	key.serializer = class org.apache.kafka.common.serialization.StringSerializer
	linger.ms = 0
	max.block.ms = 60000
	max.in.flight.requests.per.connection = 5
	max.request.size = 1048576
	metadata.max.age.ms = 300000
	metadata.max.idle.ms = 300000
	metric.reporters = []
	metrics.num.samples = 2
	metrics.recording.level = INFO
	metrics.sample.window.ms = 30000
	partitioner.class = class org.apache.kafka.clients.producer.internals.DefaultPartitioner
	receive.buffer.bytes = 32768
	reconnect.backoff.max.ms = 1000
	reconnect.backoff.ms = 50
	request.timeout.ms = 30000
	retries = 2147483647
	retry.backoff.ms = 100
	sasl.client.callback.handler.class = null
	sasl.jaas.config = null
	sasl.kerberos.kinit.cmd = /usr/bin/kinit
	sasl.kerberos.min.time.before.relogin = 60000
	sasl.kerberos.service.name = null
	sasl.kerberos.ticket.renew.jitter = 0.05
	sasl.kerberos.ticket.renew.window.factor = 0.8
	sasl.login.callback.handler.class = null
	sasl.login.class = null
	sasl.login.connect.timeout.ms = null
	sasl.login.read.timeout.ms = null
	sasl.login.refresh.buffer.seconds = 300
	sasl.login.refresh.min.period.seconds = 60
	sasl.login.refresh.window.factor = 0.8
	sasl.login.refresh.window.jitter = 0.05
	sasl.login.retry.backoff.max.ms = 10000
	sasl.login.retry.backoff.ms = 100
	sasl.mechanism = GSSAPI
	sasl.oauthbearer.clock.skew.seconds = 30
	sasl.oauthbearer.expected.audience = null
	sasl.oauthbearer.expected.issuer = null
	sasl.oauthbearer.jwks.endpoint.refresh.ms = 3600000
	sasl.oauthbearer.jwks.endpoint.retry.backoff.max.ms = 10000
	sasl.oauthbearer.jwks.endpoint.retry.backoff.ms = 100
	sasl.oauthbearer.jwks.endpoint.url = null
	sasl.oauthbearer.scope.claim.name = scope
	sasl.oauthbearer.sub.claim.name = sub
	sasl.oauthbearer.token.endpoint.url = null
	security.protocol = PLAINTEXT
	security.providers = null
	send.buffer.bytes = 131072
	socket.connection.setup.timeout.max.ms = 30000
	socket.connection.setup.timeout.ms = 10000
	ssl.cipher.suites = null
	ssl.enabled.protocols = [TLSv1.2]
	ssl.endpoint.identification.algorithm = https
	ssl.engine.factory.class = null
	ssl.key.password = null
	ssl.keymanager.algorithm = SunX509
	ssl.keystore.certificate.chain = null
	ssl.keystore.key = null
	ssl.keystore.location = null
	ssl.keystore.password = null
	ssl.keystore.type = JKS
	ssl.protocol = TLSv1.2
	ssl.provider = null
	ssl.secure.random.implementation = null
	ssl.trustmanager.algorithm = PKIX
	ssl.truststore.certificates = null
	ssl.truststore.location = null
	ssl.truststore.password = null
	ssl.truststore.type = JKS
	transaction.timeout.ms = 60000
	transactional.id = null
	value.serializer = class org.apache.kafka.common.serialization.StringSerializer

2023-01-20 20:44:21,726 INFO [main] o.a.k.c.p.KafkaProducer [KafkaProducer.java:572] [Producer clientId=producer-1] Instantiated an idempotent producer.
2023-01-20 20:44:21,745 INFO [main] o.a.k.c.u.AppInfoParser [AppInfoParser.java:119] Kafka version: 3.1.2
2023-01-20 20:44:21,745 INFO [main] o.a.k.c.u.AppInfoParser [AppInfoParser.java:120] Kafka commitId: f8c67dc3ae0a3265
2023-01-20 20:44:21,745 INFO [main] o.a.k.c.u.AppInfoParser [AppInfoParser.java:121] Kafka startTimeMs: 1674218661744
2023-01-20 20:44:23,830 INFO [kafka-producer-network-thread | producer-1] o.a.k.c.NetworkClient [NetworkClient.java:935] [Producer clientId=producer-1] Node -1 disconnected.
2023-01-20 20:44:23,830 INFO [org.springframework.kafka.KafkaListenerEndpointContainer#0-0-C-1] o.a.k.c.NetworkClient [NetworkClient.java:935] [Consumer clientId=consumer-community-consumer-group-1, groupId=community-consumer-group] Node -1 disconnected.
2023-01-20 20:44:25,971 INFO [org.springframework.kafka.KafkaListenerEndpointContainer#0-0-C-1] o.a.k.c.NetworkClient [NetworkClient.java:935] [Consumer clientId=consumer-community-consumer-group-1, groupId=community-consumer-group] Node -1 disconnected.
2023-01-20 20:44:25,971 INFO [kafka-producer-network-thread | producer-1] o.a.k.c.NetworkClient [NetworkClient.java:935] [Producer clientId=producer-1] Node -1 disconnected.
2023-01-20 20:44:28,113 INFO [kafka-producer-network-thread | producer-1] o.a.k.c.NetworkClient [NetworkClient.java:935] [Producer clientId=producer-1] Node -1 disconnected.
2023-01-20 20:44:28,113 INFO [org.springframework.kafka.KafkaListenerEndpointContainer#0-0-C-1] o.a.k.c.NetworkClient [NetworkClient.java:935] [Consumer clientId=consumer-community-consumer-group-1, groupId=community-consumer-group] Node -1 disconnected.
2023-01-20 20:44:30,356 INFO [org.springframework.kafka.KafkaListenerEndpointContainer#0-0-C-1] o.a.k.c.NetworkClient [NetworkClient.java:935] [Consumer clientId=consumer-community-consumer-group-1, groupId=community-consumer-group] Node -1 disconnected.
2023-01-20 20:44:30,418 INFO [kafka-producer-network-thread | producer-1] o.a.k.c.NetworkClient [NetworkClient.java:935] [Producer clientId=producer-1] Node -1 disconnected.
2023-01-20 20:44:32,747 INFO [org.springframework.kafka.KafkaListenerEndpointContainer#0-0-C-1] o.a.k.c.NetworkClient [NetworkClient.java:935] [Consumer clientId=consumer-community-consumer-group-1, groupId=community-consumer-group] Node -1 disconnected.
2023-01-20 20:44:32,904 INFO [kafka-producer-network-thread | producer-1] o.a.k.c.NetworkClient [NetworkClient.java:935] [Producer clientId=producer-1] Node -1 disconnected.
2023-01-20 20:44:35,545 INFO [org.springframework.kafka.KafkaListenerEndpointContainer#0-0-C-1] o.a.k.c.NetworkClient [NetworkClient.java:935] [Consumer clientId=consumer-community-consumer-group-1, groupId=community-consumer-group] Node -1 disconnected.
2023-01-20 20:44:35,892 INFO [kafka-producer-network-thread | producer-1] o.a.k.c.NetworkClient [NetworkClient.java:935] [Producer clientId=producer-1] Node -1 disconnected.
2023-01-20 20:44:38,763 INFO [org.springframework.kafka.KafkaListenerEndpointContainer#0-0-C-1] o.a.k.c.NetworkClient [NetworkClient.java:935] [Consumer clientId=consumer-community-consumer-group-1, groupId=community-consumer-group] Node -1 disconnected.
2023-01-20 20:44:38,778 INFO [kafka-producer-network-thread | producer-1] o.a.k.c.NetworkClient [NetworkClient.java:935] [Producer clientId=producer-1] Node -1 disconnected.
2023-01-20 20:44:41,720 INFO [kafka-producer-network-thread | producer-1] o.a.k.c.NetworkClient [NetworkClient.java:935] [Producer clientId=producer-1] Node -1 disconnected.
2023-01-20 20:44:41,846 INFO [org.springframework.kafka.KafkaListenerEndpointContainer#0-0-C-1] o.a.k.c.NetworkClient [NetworkClient.java:935] [Consumer clientId=consumer-community-consumer-group-1, groupId=community-consumer-group] Node -1 disconnected.
2023-01-20 20:44:44,807 INFO [org.springframework.kafka.KafkaListenerEndpointContainer#0-0-C-1] o.a.k.c.NetworkClient [NetworkClient.java:935] [Consumer clientId=consumer-community-consumer-group-1, groupId=community-consumer-group] Node -1 disconnected.
2023-01-20 20:44:44,915 INFO [kafka-producer-network-thread | producer-1] o.a.k.c.NetworkClient [NetworkClient.java:935] [Producer clientId=producer-1] Node -1 disconnected.
2023-01-20 20:44:47,827 INFO [kafka-producer-network-thread | producer-1] o.a.k.c.NetworkClient [NetworkClient.java:935] [Producer clientId=producer-1] Node -1 disconnected.
2023-01-20 20:44:48,061 INFO [org.springframework.kafka.KafkaListenerEndpointContainer#0-0-C-1] o.a.k.c.NetworkClient [NetworkClient.java:935] [Consumer clientId=consumer-community-consumer-group-1, groupId=community-consumer-group] Node -1 disconnected.
2023-01-20 20:44:50,896 INFO [kafka-producer-network-thread | producer-1] o.a.k.c.NetworkClient [NetworkClient.java:935] [Producer clientId=producer-1] Node -1 disconnected.
2023-01-20 20:44:51,153 INFO [org.springframework.kafka.KafkaListenerEndpointContainer#0-0-C-1] o.a.k.c.NetworkClient [NetworkClient.java:935] [Consumer clientId=consumer-community-consumer-group-1, groupId=community-consumer-group] Node -1 disconnected.
2023-01-20 20:44:54,026 INFO [kafka-producer-network-thread | producer-1] o.a.k.c.NetworkClient [NetworkClient.java:935] [Producer clientId=producer-1] Node -1 disconnected.
2023-01-20 20:44:54,041 INFO [org.springframework.kafka.KafkaListenerEndpointContainer#0-0-C-1] o.a.k.c.NetworkClient [NetworkClient.java:935] [Consumer clientId=consumer-community-consumer-group-1, groupId=community-consumer-group] Node -1 disconnected.
2023-01-20 20:44:56,967 INFO [org.springframework.kafka.KafkaListenerEndpointContainer#0-0-C-1] o.a.k.c.NetworkClient [NetworkClient.java:935] [Consumer clientId=consumer-community-consumer-group-1, groupId=community-consumer-group] Node -1 disconnected.
2023-01-20 20:44:57,286 INFO [kafka-producer-network-thread | producer-1] o.a.k.c.NetworkClient [NetworkClient.java:935] [Producer clientId=producer-1] Node -1 disconnected.
2023-01-20 20:44:59,934 INFO [org.springframework.kafka.KafkaListenerEndpointContainer#0-0-C-1] o.a.k.c.NetworkClient [NetworkClient.java:935] [Consumer clientId=consumer-community-consumer-group-1, groupId=community-consumer-group] Node -1 disconnected.
2023-01-20 20:45:00,414 INFO [kafka-producer-network-thread | producer-1] o.a.k.c.NetworkClient [NetworkClient.java:935] [Producer clientId=producer-1] Node -1 disconnected.
2023-01-20 20:45:02,906 INFO [org.springframework.kafka.KafkaListenerEndpointContainer#0-0-C-1] o.a.k.c.NetworkClient [NetworkClient.java:935] [Consumer clientId=consumer-community-consumer-group-1, groupId=community-consumer-group] Node -1 disconnected.
2023-01-20 20:45:03,328 INFO [kafka-producer-network-thread | producer-1] o.a.k.c.NetworkClient [NetworkClient.java:935] [Producer clientId=producer-1] Node -1 disconnected.
2023-01-20 20:45:06,025 INFO [org.springframework.kafka.KafkaListenerEndpointContainer#0-0-C-1] o.a.k.c.NetworkClient [NetworkClient.java:935] [Consumer clientId=consumer-community-consumer-group-1, groupId=community-consumer-group] Node -1 disconnected.
2023-01-20 20:45:06,531 INFO [kafka-producer-network-thread | producer-1] o.a.k.c.NetworkClient [NetworkClient.java:935] [Producer clientId=producer-1] Node -1 disconnected.
2023-01-20 20:45:08,969 INFO [org.springframework.kafka.KafkaListenerEndpointContainer#0-0-C-1] o.a.k.c.NetworkClient [NetworkClient.java:935] [Consumer clientId=consumer-community-consumer-group-1, groupId=community-consumer-group] Node -1 disconnected.
2023-01-20 20:45:09,562 INFO [kafka-producer-network-thread | producer-1] o.a.k.c.NetworkClient [NetworkClient.java:935] [Producer clientId=producer-1] Node -1 disconnected.
2023-01-20 20:45:11,973 INFO [org.springframework.kafka.KafkaListenerEndpointContainer#0-0-C-1] o.a.k.c.NetworkClient [NetworkClient.java:935] [Consumer clientId=consumer-community-consumer-group-1, groupId=community-consumer-group] Node -1 disconnected.
2023-01-20 20:45:12,660 INFO [kafka-producer-network-thread | producer-1] o.a.k.c.NetworkClient [NetworkClient.java:935] [Producer clientId=producer-1] Node -1 disconnected.
2023-01-20 20:45:15,204 INFO [org.springframework.kafka.KafkaListenerEndpointContainer#0-0-C-1] o.a.k.c.NetworkClient [NetworkClient.java:935] [Consumer clientId=consumer-community-consumer-group-1, groupId=community-consumer-group] Node -1 disconnected.
2023-01-20 20:45:15,766 INFO [kafka-producer-network-thread | producer-1] o.a.k.c.NetworkClient [NetworkClient.java:935] [Producer clientId=producer-1] Node -1 disconnected.
2023-01-20 20:45:18,456 INFO [org.springframework.kafka.KafkaListenerEndpointContainer#0-0-C-1] o.a.k.c.NetworkClient [NetworkClient.java:935] [Consumer clientId=consumer-community-consumer-group-1, groupId=community-consumer-group] Node -1 disconnected.
2023-01-20 20:45:18,958 INFO [kafka-producer-network-thread | producer-1] o.a.k.c.NetworkClient [NetworkClient.java:935] [Producer clientId=producer-1] Node -1 disconnected.
2023-01-20 20:45:21,388 INFO [org.springframework.kafka.KafkaListenerEndpointContainer#0-0-C-1] o.a.k.c.NetworkClient [NetworkClient.java:935] [Consumer clientId=consumer-community-consumer-group-1, groupId=community-consumer-group] Node -1 disconnected.
2023-01-20 20:45:21,816 INFO [org.springframework.kafka.KafkaListenerEndpointContainer#0-0-C-1] o.a.k.c.c.i.ConsumerCoordinator [AbstractCoordinator.java:972] [Consumer clientId=consumer-community-consumer-group-1, groupId=community-consumer-group] Resetting generation due to: consumer pro-actively leaving the group
2023-01-20 20:45:21,816 INFO [org.springframework.kafka.KafkaListenerEndpointContainer#0-0-C-1] o.a.k.c.c.i.ConsumerCoordinator [AbstractCoordinator.java:1000] [Consumer clientId=consumer-community-consumer-group-1, groupId=community-consumer-group] Request joining group due to: consumer pro-actively leaving the group
2023-01-20 20:45:21,817 INFO [org.springframework.kafka.KafkaListenerEndpointContainer#0-0-C-1] o.a.k.c.c.KafkaConsumer [KafkaConsumer.java:1075] [Consumer clientId=consumer-community-consumer-group-1, groupId=community-consumer-group] Unsubscribed all topics or patterns and assigned partitions
2023-01-20 20:45:21,818 INFO [org.springframework.kafka.KafkaListenerEndpointContainer#0-0-C-1] o.a.k.c.c.i.ConsumerCoordinator [AbstractCoordinator.java:972] [Consumer clientId=consumer-community-consumer-group-1, groupId=community-consumer-group] Resetting generation due to: consumer pro-actively leaving the group
2023-01-20 20:45:21,818 INFO [org.springframework.kafka.KafkaListenerEndpointContainer#0-0-C-1] o.a.k.c.c.i.ConsumerCoordinator [AbstractCoordinator.java:1000] [Consumer clientId=consumer-community-consumer-group-1, groupId=community-consumer-group] Request joining group due to: consumer pro-actively leaving the group
2023-01-20 20:45:21,819 INFO [org.springframework.kafka.KafkaListenerEndpointContainer#0-0-C-1] o.a.k.c.m.Metrics [Metrics.java:659] Metrics scheduler closed
2023-01-20 20:45:21,819 INFO [org.springframework.kafka.KafkaListenerEndpointContainer#0-0-C-1] o.a.k.c.m.Metrics [Metrics.java:663] Closing reporter org.apache.kafka.common.metrics.JmxReporter
2023-01-20 20:45:21,819 INFO [org.springframework.kafka.KafkaListenerEndpointContainer#0-0-C-1] o.a.k.c.m.Metrics [Metrics.java:669] Metrics reporters closed
2023-01-20 20:45:21,823 INFO [org.springframework.kafka.KafkaListenerEndpointContainer#0-0-C-1] o.a.k.c.u.AppInfoParser [AppInfoParser.java:83] App info kafka.consumer for consumer-community-consumer-group-1 unregistered
2023-01-20 20:45:21,823 INFO [org.springframework.kafka.KafkaListenerEndpointContainer#0-0-C-1] o.s.k.l.KafkaMessageListenerContainer [LogAccessor.java:292] community-consumer-group: Consumer stopped
2023-01-20 20:45:21,848 INFO [SpringApplicationShutdownHook] c.a.d.p.DruidDataSource [DruidDataSource.java:2071] {dataSource-0} closing ...
2023-01-20 20:45:21,848 INFO [SpringApplicationShutdownHook] o.a.k.c.p.KafkaProducer [KafkaProducer.java:1249] [Producer clientId=producer-1] Closing the Kafka producer with timeoutMillis = 30000 ms.
2023-01-20 20:45:21,956 INFO [kafka-producer-network-thread | producer-1] o.a.k.c.NetworkClient [NetworkClient.java:935] [Producer clientId=producer-1] Node -1 disconnected.
2023-01-20 20:45:22,070 INFO [SpringApplicationShutdownHook] o.a.k.c.m.Metrics [Metrics.java:659] Metrics scheduler closed
2023-01-20 20:45:22,070 INFO [SpringApplicationShutdownHook] o.a.k.c.m.Metrics [Metrics.java:663] Closing reporter org.apache.kafka.common.metrics.JmxReporter
2023-01-20 20:45:22,070 INFO [SpringApplicationShutdownHook] o.a.k.c.m.Metrics [Metrics.java:669] Metrics reporters closed
2023-01-20 20:45:22,070 INFO [SpringApplicationShutdownHook] o.a.k.c.u.AppInfoParser [AppInfoParser.java:83] App info kafka.producer for producer-1 unregistered
2023-01-20 20:46:54,651 INFO [main] c.n.c.kafkaTests [StartupInfoLogger.java:55] Starting kafkaTests using Java 1.8.0_341 on LAPTOP-N21AF2PF with PID 27596 (started by tangs in D:\java_workplace\community)
2023-01-20 20:46:54,653 INFO [main] c.n.c.kafkaTests [SpringApplication.java:631] No active profile set, falling back to 1 default profile: "default"
2023-01-20 20:46:55,323 INFO [main] o.s.d.r.c.RepositoryConfigurationDelegate [RepositoryConfigurationDelegate.java:262] Multiple Spring Data modules found, entering strict repository configuration mode
2023-01-20 20:46:55,326 INFO [main] o.s.d.r.c.RepositoryConfigurationDelegate [RepositoryConfigurationDelegate.java:132] Bootstrapping Spring Data Redis repositories in DEFAULT mode.
2023-01-20 20:46:55,355 INFO [main] o.s.d.r.c.RepositoryConfigurationDelegate [RepositoryConfigurationDelegate.java:201] Finished Spring Data repository scanning in 12 ms. Found 0 Redis repository interfaces.
2023-01-20 20:46:57,821 INFO [main] o.s.b.a.w.s.WelcomePageHandlerMapping [WelcomePageHandlerMapping.java:57] Adding welcome page template: index
2023-01-20 20:46:58,661 INFO [main] o.a.k.c.c.ConsumerConfig [AbstractConfig.java:376] ConsumerConfig values: 
	allow.auto.create.topics = true
	auto.commit.interval.ms = 3000
	auto.offset.reset = latest
	bootstrap.servers = [localhost:9092]
	check.crcs = true
	client.dns.lookup = use_all_dns_ips
	client.id = consumer-community-consumer-group-1
	client.rack = 
	connections.max.idle.ms = 540000
	default.api.timeout.ms = 60000
	enable.auto.commit = true
	exclude.internal.topics = true
	fetch.max.bytes = 52428800
	fetch.max.wait.ms = 500
	fetch.min.bytes = 1
	group.id = community-consumer-group
	group.instance.id = null
	heartbeat.interval.ms = 3000
	interceptor.classes = []
	internal.leave.group.on.close = true
	internal.throw.on.fetch.stable.offset.unsupported = false
	isolation.level = read_uncommitted
	key.deserializer = class org.apache.kafka.common.serialization.StringDeserializer
	max.partition.fetch.bytes = 1048576
	max.poll.interval.ms = 300000
	max.poll.records = 500
	metadata.max.age.ms = 300000
	metric.reporters = []
	metrics.num.samples = 2
	metrics.recording.level = INFO
	metrics.sample.window.ms = 30000
	partition.assignment.strategy = [class org.apache.kafka.clients.consumer.RangeAssignor, class org.apache.kafka.clients.consumer.CooperativeStickyAssignor]
	receive.buffer.bytes = 65536
	reconnect.backoff.max.ms = 1000
	reconnect.backoff.ms = 50
	request.timeout.ms = 30000
	retry.backoff.ms = 100
	sasl.client.callback.handler.class = null
	sasl.jaas.config = null
	sasl.kerberos.kinit.cmd = /usr/bin/kinit
	sasl.kerberos.min.time.before.relogin = 60000
	sasl.kerberos.service.name = null
	sasl.kerberos.ticket.renew.jitter = 0.05
	sasl.kerberos.ticket.renew.window.factor = 0.8
	sasl.login.callback.handler.class = null
	sasl.login.class = null
	sasl.login.connect.timeout.ms = null
	sasl.login.read.timeout.ms = null
	sasl.login.refresh.buffer.seconds = 300
	sasl.login.refresh.min.period.seconds = 60
	sasl.login.refresh.window.factor = 0.8
	sasl.login.refresh.window.jitter = 0.05
	sasl.login.retry.backoff.max.ms = 10000
	sasl.login.retry.backoff.ms = 100
	sasl.mechanism = GSSAPI
	sasl.oauthbearer.clock.skew.seconds = 30
	sasl.oauthbearer.expected.audience = null
	sasl.oauthbearer.expected.issuer = null
	sasl.oauthbearer.jwks.endpoint.refresh.ms = 3600000
	sasl.oauthbearer.jwks.endpoint.retry.backoff.max.ms = 10000
	sasl.oauthbearer.jwks.endpoint.retry.backoff.ms = 100
	sasl.oauthbearer.jwks.endpoint.url = null
	sasl.oauthbearer.scope.claim.name = scope
	sasl.oauthbearer.sub.claim.name = sub
	sasl.oauthbearer.token.endpoint.url = null
	security.protocol = PLAINTEXT
	security.providers = null
	send.buffer.bytes = 131072
	session.timeout.ms = 45000
	socket.connection.setup.timeout.max.ms = 30000
	socket.connection.setup.timeout.ms = 10000
	ssl.cipher.suites = null
	ssl.enabled.protocols = [TLSv1.2]
	ssl.endpoint.identification.algorithm = https
	ssl.engine.factory.class = null
	ssl.key.password = null
	ssl.keymanager.algorithm = SunX509
	ssl.keystore.certificate.chain = null
	ssl.keystore.key = null
	ssl.keystore.location = null
	ssl.keystore.password = null
	ssl.keystore.type = JKS
	ssl.protocol = TLSv1.2
	ssl.provider = null
	ssl.secure.random.implementation = null
	ssl.trustmanager.algorithm = PKIX
	ssl.truststore.certificates = null
	ssl.truststore.location = null
	ssl.truststore.password = null
	ssl.truststore.type = JKS
	value.deserializer = class org.apache.kafka.common.serialization.StringDeserializer

2023-01-20 20:46:58,786 INFO [main] o.a.k.c.u.AppInfoParser [AppInfoParser.java:119] Kafka version: 3.1.2
2023-01-20 20:46:58,787 INFO [main] o.a.k.c.u.AppInfoParser [AppInfoParser.java:120] Kafka commitId: f8c67dc3ae0a3265
2023-01-20 20:46:58,788 INFO [main] o.a.k.c.u.AppInfoParser [AppInfoParser.java:121] Kafka startTimeMs: 1674218818785
2023-01-20 20:46:58,791 INFO [main] o.a.k.c.c.KafkaConsumer [KafkaConsumer.java:966] [Consumer clientId=consumer-community-consumer-group-1, groupId=community-consumer-group] Subscribed to topic(s): test
2023-01-20 20:46:58,814 INFO [main] c.n.c.kafkaTests [StartupInfoLogger.java:61] Started kafkaTests in 4.573 seconds (JVM running for 5.53)
2023-01-20 20:46:59,150 INFO [main] o.a.k.c.p.ProducerConfig [AbstractConfig.java:376] ProducerConfig values: 
	acks = -1
	batch.size = 16384
	bootstrap.servers = [localhost:9092]
	buffer.memory = 33554432
	client.dns.lookup = use_all_dns_ips
	client.id = producer-1
	compression.type = none
	connections.max.idle.ms = 540000
	delivery.timeout.ms = 120000
	enable.idempotence = true
	interceptor.classes = []
	key.serializer = class org.apache.kafka.common.serialization.StringSerializer
	linger.ms = 0
	max.block.ms = 60000
	max.in.flight.requests.per.connection = 5
	max.request.size = 1048576
	metadata.max.age.ms = 300000
	metadata.max.idle.ms = 300000
	metric.reporters = []
	metrics.num.samples = 2
	metrics.recording.level = INFO
	metrics.sample.window.ms = 30000
	partitioner.class = class org.apache.kafka.clients.producer.internals.DefaultPartitioner
	receive.buffer.bytes = 32768
	reconnect.backoff.max.ms = 1000
	reconnect.backoff.ms = 50
	request.timeout.ms = 30000
	retries = 2147483647
	retry.backoff.ms = 100
	sasl.client.callback.handler.class = null
	sasl.jaas.config = null
	sasl.kerberos.kinit.cmd = /usr/bin/kinit
	sasl.kerberos.min.time.before.relogin = 60000
	sasl.kerberos.service.name = null
	sasl.kerberos.ticket.renew.jitter = 0.05
	sasl.kerberos.ticket.renew.window.factor = 0.8
	sasl.login.callback.handler.class = null
	sasl.login.class = null
	sasl.login.connect.timeout.ms = null
	sasl.login.read.timeout.ms = null
	sasl.login.refresh.buffer.seconds = 300
	sasl.login.refresh.min.period.seconds = 60
	sasl.login.refresh.window.factor = 0.8
	sasl.login.refresh.window.jitter = 0.05
	sasl.login.retry.backoff.max.ms = 10000
	sasl.login.retry.backoff.ms = 100
	sasl.mechanism = GSSAPI
	sasl.oauthbearer.clock.skew.seconds = 30
	sasl.oauthbearer.expected.audience = null
	sasl.oauthbearer.expected.issuer = null
	sasl.oauthbearer.jwks.endpoint.refresh.ms = 3600000
	sasl.oauthbearer.jwks.endpoint.retry.backoff.max.ms = 10000
	sasl.oauthbearer.jwks.endpoint.retry.backoff.ms = 100
	sasl.oauthbearer.jwks.endpoint.url = null
	sasl.oauthbearer.scope.claim.name = scope
	sasl.oauthbearer.sub.claim.name = sub
	sasl.oauthbearer.token.endpoint.url = null
	security.protocol = PLAINTEXT
	security.providers = null
	send.buffer.bytes = 131072
	socket.connection.setup.timeout.max.ms = 30000
	socket.connection.setup.timeout.ms = 10000
	ssl.cipher.suites = null
	ssl.enabled.protocols = [TLSv1.2]
	ssl.endpoint.identification.algorithm = https
	ssl.engine.factory.class = null
	ssl.key.password = null
	ssl.keymanager.algorithm = SunX509
	ssl.keystore.certificate.chain = null
	ssl.keystore.key = null
	ssl.keystore.location = null
	ssl.keystore.password = null
	ssl.keystore.type = JKS
	ssl.protocol = TLSv1.2
	ssl.provider = null
	ssl.secure.random.implementation = null
	ssl.trustmanager.algorithm = PKIX
	ssl.truststore.certificates = null
	ssl.truststore.location = null
	ssl.truststore.password = null
	ssl.truststore.type = JKS
	transaction.timeout.ms = 60000
	transactional.id = null
	value.serializer = class org.apache.kafka.common.serialization.StringSerializer

2023-01-20 20:46:59,165 INFO [main] o.a.k.c.p.KafkaProducer [KafkaProducer.java:572] [Producer clientId=producer-1] Instantiated an idempotent producer.
2023-01-20 20:46:59,184 INFO [main] o.a.k.c.u.AppInfoParser [AppInfoParser.java:119] Kafka version: 3.1.2
2023-01-20 20:46:59,185 INFO [main] o.a.k.c.u.AppInfoParser [AppInfoParser.java:120] Kafka commitId: f8c67dc3ae0a3265
2023-01-20 20:46:59,185 INFO [main] o.a.k.c.u.AppInfoParser [AppInfoParser.java:121] Kafka startTimeMs: 1674218819184
2023-01-20 20:46:59,320 INFO [kafka-producer-network-thread | producer-1] o.a.k.c.Metadata [Metadata.java:287] [Producer clientId=producer-1] Cluster ID: 5VSUDiMbQba5eXllbvfRwg
2023-01-20 20:46:59,320 INFO [org.springframework.kafka.KafkaListenerEndpointContainer#0-0-C-1] o.a.k.c.Metadata [Metadata.java:287] [Consumer clientId=consumer-community-consumer-group-1, groupId=community-consumer-group] Cluster ID: 5VSUDiMbQba5eXllbvfRwg
2023-01-20 20:46:59,321 INFO [kafka-producer-network-thread | producer-1] o.a.k.c.p.i.TransactionManager [TransactionManager.java:554] [Producer clientId=producer-1] ProducerId set to 1000 with epoch 0
2023-01-20 20:46:59,321 INFO [org.springframework.kafka.KafkaListenerEndpointContainer#0-0-C-1] o.a.k.c.c.i.ConsumerCoordinator [AbstractCoordinator.java:853] [Consumer clientId=consumer-community-consumer-group-1, groupId=community-consumer-group] Discovered group coordinator LAPTOP-N21AF2PF:9092 (id: 2147483647 rack: null)
2023-01-20 20:46:59,324 INFO [org.springframework.kafka.KafkaListenerEndpointContainer#0-0-C-1] o.a.k.c.c.i.ConsumerCoordinator [AbstractCoordinator.java:535] [Consumer clientId=consumer-community-consumer-group-1, groupId=community-consumer-group] (Re-)joining group
2023-01-20 20:46:59,352 INFO [org.springframework.kafka.KafkaListenerEndpointContainer#0-0-C-1] o.a.k.c.c.i.ConsumerCoordinator [AbstractCoordinator.java:1000] [Consumer clientId=consumer-community-consumer-group-1, groupId=community-consumer-group] Request joining group due to: need to re-join with the given member-id
2023-01-20 20:46:59,352 INFO [org.springframework.kafka.KafkaListenerEndpointContainer#0-0-C-1] o.a.k.c.c.i.ConsumerCoordinator [AbstractCoordinator.java:535] [Consumer clientId=consumer-community-consumer-group-1, groupId=community-consumer-group] (Re-)joining group
2023-01-20 20:46:59,367 INFO [org.springframework.kafka.KafkaListenerEndpointContainer#0-0-C-1] o.a.k.c.c.i.ConsumerCoordinator [AbstractCoordinator.java:595] [Consumer clientId=consumer-community-consumer-group-1, groupId=community-consumer-group] Successfully joined group with generation Generation{generationId=1, memberId='consumer-community-consumer-group-1-221950b5-05f4-4589-a2bf-f7bb5ebdb324', protocol='range'}
2023-01-20 20:46:59,370 INFO [org.springframework.kafka.KafkaListenerEndpointContainer#0-0-C-1] o.a.k.c.c.i.ConsumerCoordinator [ConsumerCoordinator.java:659] [Consumer clientId=consumer-community-consumer-group-1, groupId=community-consumer-group] Finished assignment for group at generation 1: {consumer-community-consumer-group-1-221950b5-05f4-4589-a2bf-f7bb5ebdb324=Assignment(partitions=[test-0])}
2023-01-20 20:46:59,402 INFO [org.springframework.kafka.KafkaListenerEndpointContainer#0-0-C-1] o.a.k.c.c.i.ConsumerCoordinator [AbstractCoordinator.java:761] [Consumer clientId=consumer-community-consumer-group-1, groupId=community-consumer-group] Successfully synced group in generation Generation{generationId=1, memberId='consumer-community-consumer-group-1-221950b5-05f4-4589-a2bf-f7bb5ebdb324', protocol='range'}
2023-01-20 20:46:59,402 INFO [org.springframework.kafka.KafkaListenerEndpointContainer#0-0-C-1] o.a.k.c.c.i.ConsumerCoordinator [ConsumerCoordinator.java:280] [Consumer clientId=consumer-community-consumer-group-1, groupId=community-consumer-group] Notifying assignor about the new Assignment(partitions=[test-0])
2023-01-20 20:46:59,406 INFO [org.springframework.kafka.KafkaListenerEndpointContainer#0-0-C-1] o.a.k.c.c.i.ConsumerCoordinator [ConsumerCoordinator.java:292] [Consumer clientId=consumer-community-consumer-group-1, groupId=community-consumer-group] Adding newly assigned partitions: test-0
2023-01-20 20:46:59,418 INFO [org.springframework.kafka.KafkaListenerEndpointContainer#0-0-C-1] o.a.k.c.c.i.ConsumerCoordinator [ConsumerCoordinator.java:1405] [Consumer clientId=consumer-community-consumer-group-1, groupId=community-consumer-group] Found no committed offset for partition test-0
2023-01-20 20:46:59,436 INFO [org.springframework.kafka.KafkaListenerEndpointContainer#0-0-C-1] o.a.k.c.c.i.SubscriptionState [SubscriptionState.java:398] [Consumer clientId=consumer-community-consumer-group-1, groupId=community-consumer-group] Resetting offset for partition test-0 to position FetchPosition{offset=6, offsetEpoch=Optional.empty, currentLeader=LeaderAndEpoch{leader=Optional[LAPTOP-N21AF2PF:9092 (id: 0 rack: null)], epoch=0}}.
2023-01-20 20:46:59,437 INFO [org.springframework.kafka.KafkaListenerEndpointContainer#0-0-C-1] o.s.k.l.KafkaMessageListenerContainer [LogAccessor.java:292] community-consumer-group: partitions assigned: [test-0]
2023-01-20 20:47:09,360 INFO [org.springframework.kafka.KafkaListenerEndpointContainer#0-0-C-1] o.a.k.c.c.i.ConsumerCoordinator [ConsumerCoordinator.java:311] [Consumer clientId=consumer-community-consumer-group-1, groupId=community-consumer-group] Revoke previously assigned partitions test-0
2023-01-20 20:47:09,360 INFO [org.springframework.kafka.KafkaListenerEndpointContainer#0-0-C-1] o.s.k.l.KafkaMessageListenerContainer [LogAccessor.java:292] community-consumer-group: partitions revoked: [test-0]
2023-01-20 20:47:09,361 INFO [org.springframework.kafka.KafkaListenerEndpointContainer#0-0-C-1] o.a.k.c.c.i.ConsumerCoordinator [AbstractCoordinator.java:1060] [Consumer clientId=consumer-community-consumer-group-1, groupId=community-consumer-group] Member consumer-community-consumer-group-1-221950b5-05f4-4589-a2bf-f7bb5ebdb324 sending LeaveGroup request to coordinator LAPTOP-N21AF2PF:9092 (id: 2147483647 rack: null) due to the consumer unsubscribed from all topics
2023-01-20 20:47:09,362 INFO [org.springframework.kafka.KafkaListenerEndpointContainer#0-0-C-1] o.a.k.c.c.i.ConsumerCoordinator [AbstractCoordinator.java:972] [Consumer clientId=consumer-community-consumer-group-1, groupId=community-consumer-group] Resetting generation due to: consumer pro-actively leaving the group
2023-01-20 20:47:09,362 INFO [org.springframework.kafka.KafkaListenerEndpointContainer#0-0-C-1] o.a.k.c.c.i.ConsumerCoordinator [AbstractCoordinator.java:1000] [Consumer clientId=consumer-community-consumer-group-1, groupId=community-consumer-group] Request joining group due to: consumer pro-actively leaving the group
2023-01-20 20:47:09,362 INFO [org.springframework.kafka.KafkaListenerEndpointContainer#0-0-C-1] o.a.k.c.c.KafkaConsumer [KafkaConsumer.java:1075] [Consumer clientId=consumer-community-consumer-group-1, groupId=community-consumer-group] Unsubscribed all topics or patterns and assigned partitions
2023-01-20 20:47:09,363 INFO [org.springframework.kafka.KafkaListenerEndpointContainer#0-0-C-1] o.a.k.c.c.i.ConsumerCoordinator [AbstractCoordinator.java:972] [Consumer clientId=consumer-community-consumer-group-1, groupId=community-consumer-group] Resetting generation due to: consumer pro-actively leaving the group
2023-01-20 20:47:09,363 INFO [org.springframework.kafka.KafkaListenerEndpointContainer#0-0-C-1] o.a.k.c.c.i.ConsumerCoordinator [AbstractCoordinator.java:1000] [Consumer clientId=consumer-community-consumer-group-1, groupId=community-consumer-group] Request joining group due to: consumer pro-actively leaving the group
2023-01-20 20:47:09,372 INFO [org.springframework.kafka.KafkaListenerEndpointContainer#0-0-C-1] o.a.k.c.m.Metrics [Metrics.java:659] Metrics scheduler closed
2023-01-20 20:47:09,372 INFO [org.springframework.kafka.KafkaListenerEndpointContainer#0-0-C-1] o.a.k.c.m.Metrics [Metrics.java:663] Closing reporter org.apache.kafka.common.metrics.JmxReporter
2023-01-20 20:47:09,373 INFO [org.springframework.kafka.KafkaListenerEndpointContainer#0-0-C-1] o.a.k.c.m.Metrics [Metrics.java:669] Metrics reporters closed
2023-01-20 20:47:09,376 INFO [org.springframework.kafka.KafkaListenerEndpointContainer#0-0-C-1] o.a.k.c.u.AppInfoParser [AppInfoParser.java:83] App info kafka.consumer for consumer-community-consumer-group-1 unregistered
2023-01-20 20:47:09,377 INFO [org.springframework.kafka.KafkaListenerEndpointContainer#0-0-C-1] o.s.k.l.KafkaMessageListenerContainer [LogAccessor.java:292] community-consumer-group: Consumer stopped
2023-01-20 20:47:09,396 INFO [SpringApplicationShutdownHook] c.a.d.p.DruidDataSource [DruidDataSource.java:2071] {dataSource-0} closing ...
2023-01-20 20:47:09,396 INFO [SpringApplicationShutdownHook] o.a.k.c.p.KafkaProducer [KafkaProducer.java:1249] [Producer clientId=producer-1] Closing the Kafka producer with timeoutMillis = 30000 ms.
2023-01-20 20:47:09,398 INFO [SpringApplicationShutdownHook] o.a.k.c.m.Metrics [Metrics.java:659] Metrics scheduler closed
2023-01-20 20:47:09,399 INFO [SpringApplicationShutdownHook] o.a.k.c.m.Metrics [Metrics.java:663] Closing reporter org.apache.kafka.common.metrics.JmxReporter
2023-01-20 20:47:09,399 INFO [SpringApplicationShutdownHook] o.a.k.c.m.Metrics [Metrics.java:669] Metrics reporters closed
2023-01-20 20:47:09,399 INFO [SpringApplicationShutdownHook] o.a.k.c.u.AppInfoParser [AppInfoParser.java:83] App info kafka.producer for producer-1 unregistered
2023-01-20 20:50:55,961 INFO [main] c.n.c.kafkaTests [StartupInfoLogger.java:55] Starting kafkaTests using Java 1.8.0_341 on LAPTOP-N21AF2PF with PID 29136 (started by tangs in D:\java_workplace\community)
2023-01-20 20:50:55,962 INFO [main] c.n.c.kafkaTests [SpringApplication.java:631] No active profile set, falling back to 1 default profile: "default"
2023-01-20 20:50:56,617 INFO [main] o.s.d.r.c.RepositoryConfigurationDelegate [RepositoryConfigurationDelegate.java:262] Multiple Spring Data modules found, entering strict repository configuration mode
2023-01-20 20:50:56,620 INFO [main] o.s.d.r.c.RepositoryConfigurationDelegate [RepositoryConfigurationDelegate.java:132] Bootstrapping Spring Data Redis repositories in DEFAULT mode.
2023-01-20 20:50:56,649 INFO [main] o.s.d.r.c.RepositoryConfigurationDelegate [RepositoryConfigurationDelegate.java:201] Finished Spring Data repository scanning in 12 ms. Found 0 Redis repository interfaces.
2023-01-20 20:50:59,156 INFO [main] o.s.b.a.w.s.WelcomePageHandlerMapping [WelcomePageHandlerMapping.java:57] Adding welcome page template: index
2023-01-20 20:51:00,001 INFO [main] o.a.k.c.c.ConsumerConfig [AbstractConfig.java:376] ConsumerConfig values: 
	allow.auto.create.topics = true
	auto.commit.interval.ms = 3000
	auto.offset.reset = latest
	bootstrap.servers = [localhost:9092]
	check.crcs = true
	client.dns.lookup = use_all_dns_ips
	client.id = consumer-community-consumer-group-1
	client.rack = 
	connections.max.idle.ms = 540000
	default.api.timeout.ms = 60000
	enable.auto.commit = true
	exclude.internal.topics = true
	fetch.max.bytes = 52428800
	fetch.max.wait.ms = 500
	fetch.min.bytes = 1
	group.id = community-consumer-group
	group.instance.id = null
	heartbeat.interval.ms = 3000
	interceptor.classes = []
	internal.leave.group.on.close = true
	internal.throw.on.fetch.stable.offset.unsupported = false
	isolation.level = read_uncommitted
	key.deserializer = class org.apache.kafka.common.serialization.StringDeserializer
	max.partition.fetch.bytes = 1048576
	max.poll.interval.ms = 300000
	max.poll.records = 500
	metadata.max.age.ms = 300000
	metric.reporters = []
	metrics.num.samples = 2
	metrics.recording.level = INFO
	metrics.sample.window.ms = 30000
	partition.assignment.strategy = [class org.apache.kafka.clients.consumer.RangeAssignor, class org.apache.kafka.clients.consumer.CooperativeStickyAssignor]
	receive.buffer.bytes = 65536
	reconnect.backoff.max.ms = 1000
	reconnect.backoff.ms = 50
	request.timeout.ms = 30000
	retry.backoff.ms = 100
	sasl.client.callback.handler.class = null
	sasl.jaas.config = null
	sasl.kerberos.kinit.cmd = /usr/bin/kinit
	sasl.kerberos.min.time.before.relogin = 60000
	sasl.kerberos.service.name = null
	sasl.kerberos.ticket.renew.jitter = 0.05
	sasl.kerberos.ticket.renew.window.factor = 0.8
	sasl.login.callback.handler.class = null
	sasl.login.class = null
	sasl.login.connect.timeout.ms = null
	sasl.login.read.timeout.ms = null
	sasl.login.refresh.buffer.seconds = 300
	sasl.login.refresh.min.period.seconds = 60
	sasl.login.refresh.window.factor = 0.8
	sasl.login.refresh.window.jitter = 0.05
	sasl.login.retry.backoff.max.ms = 10000
	sasl.login.retry.backoff.ms = 100
	sasl.mechanism = GSSAPI
	sasl.oauthbearer.clock.skew.seconds = 30
	sasl.oauthbearer.expected.audience = null
	sasl.oauthbearer.expected.issuer = null
	sasl.oauthbearer.jwks.endpoint.refresh.ms = 3600000
	sasl.oauthbearer.jwks.endpoint.retry.backoff.max.ms = 10000
	sasl.oauthbearer.jwks.endpoint.retry.backoff.ms = 100
	sasl.oauthbearer.jwks.endpoint.url = null
	sasl.oauthbearer.scope.claim.name = scope
	sasl.oauthbearer.sub.claim.name = sub
	sasl.oauthbearer.token.endpoint.url = null
	security.protocol = PLAINTEXT
	security.providers = null
	send.buffer.bytes = 131072
	session.timeout.ms = 45000
	socket.connection.setup.timeout.max.ms = 30000
	socket.connection.setup.timeout.ms = 10000
	ssl.cipher.suites = null
	ssl.enabled.protocols = [TLSv1.2]
	ssl.endpoint.identification.algorithm = https
	ssl.engine.factory.class = null
	ssl.key.password = null
	ssl.keymanager.algorithm = SunX509
	ssl.keystore.certificate.chain = null
	ssl.keystore.key = null
	ssl.keystore.location = null
	ssl.keystore.password = null
	ssl.keystore.type = JKS
	ssl.protocol = TLSv1.2
	ssl.provider = null
	ssl.secure.random.implementation = null
	ssl.trustmanager.algorithm = PKIX
	ssl.truststore.certificates = null
	ssl.truststore.location = null
	ssl.truststore.password = null
	ssl.truststore.type = JKS
	value.deserializer = class org.apache.kafka.common.serialization.StringDeserializer

2023-01-20 20:51:00,129 INFO [main] o.a.k.c.u.AppInfoParser [AppInfoParser.java:119] Kafka version: 3.1.2
2023-01-20 20:51:00,130 INFO [main] o.a.k.c.u.AppInfoParser [AppInfoParser.java:120] Kafka commitId: f8c67dc3ae0a3265
2023-01-20 20:51:00,131 INFO [main] o.a.k.c.u.AppInfoParser [AppInfoParser.java:121] Kafka startTimeMs: 1674219060127
2023-01-20 20:51:00,134 INFO [main] o.a.k.c.c.KafkaConsumer [KafkaConsumer.java:966] [Consumer clientId=consumer-community-consumer-group-1, groupId=community-consumer-group] Subscribed to topic(s): test
2023-01-20 20:51:00,156 INFO [main] c.n.c.kafkaTests [StartupInfoLogger.java:61] Started kafkaTests in 4.621 seconds (JVM running for 5.593)
2023-01-20 20:51:00,475 INFO [main] o.a.k.c.p.ProducerConfig [AbstractConfig.java:376] ProducerConfig values: 
	acks = -1
	batch.size = 16384
	bootstrap.servers = [localhost:9092]
	buffer.memory = 33554432
	client.dns.lookup = use_all_dns_ips
	client.id = producer-1
	compression.type = none
	connections.max.idle.ms = 540000
	delivery.timeout.ms = 120000
	enable.idempotence = true
	interceptor.classes = []
	key.serializer = class org.apache.kafka.common.serialization.StringSerializer
	linger.ms = 0
	max.block.ms = 60000
	max.in.flight.requests.per.connection = 5
	max.request.size = 1048576
	metadata.max.age.ms = 300000
	metadata.max.idle.ms = 300000
	metric.reporters = []
	metrics.num.samples = 2
	metrics.recording.level = INFO
	metrics.sample.window.ms = 30000
	partitioner.class = class org.apache.kafka.clients.producer.internals.DefaultPartitioner
	receive.buffer.bytes = 32768
	reconnect.backoff.max.ms = 1000
	reconnect.backoff.ms = 50
	request.timeout.ms = 30000
	retries = 2147483647
	retry.backoff.ms = 100
	sasl.client.callback.handler.class = null
	sasl.jaas.config = null
	sasl.kerberos.kinit.cmd = /usr/bin/kinit
	sasl.kerberos.min.time.before.relogin = 60000
	sasl.kerberos.service.name = null
	sasl.kerberos.ticket.renew.jitter = 0.05
	sasl.kerberos.ticket.renew.window.factor = 0.8
	sasl.login.callback.handler.class = null
	sasl.login.class = null
	sasl.login.connect.timeout.ms = null
	sasl.login.read.timeout.ms = null
	sasl.login.refresh.buffer.seconds = 300
	sasl.login.refresh.min.period.seconds = 60
	sasl.login.refresh.window.factor = 0.8
	sasl.login.refresh.window.jitter = 0.05
	sasl.login.retry.backoff.max.ms = 10000
	sasl.login.retry.backoff.ms = 100
	sasl.mechanism = GSSAPI
	sasl.oauthbearer.clock.skew.seconds = 30
	sasl.oauthbearer.expected.audience = null
	sasl.oauthbearer.expected.issuer = null
	sasl.oauthbearer.jwks.endpoint.refresh.ms = 3600000
	sasl.oauthbearer.jwks.endpoint.retry.backoff.max.ms = 10000
	sasl.oauthbearer.jwks.endpoint.retry.backoff.ms = 100
	sasl.oauthbearer.jwks.endpoint.url = null
	sasl.oauthbearer.scope.claim.name = scope
	sasl.oauthbearer.sub.claim.name = sub
	sasl.oauthbearer.token.endpoint.url = null
	security.protocol = PLAINTEXT
	security.providers = null
	send.buffer.bytes = 131072
	socket.connection.setup.timeout.max.ms = 30000
	socket.connection.setup.timeout.ms = 10000
	ssl.cipher.suites = null
	ssl.enabled.protocols = [TLSv1.2]
	ssl.endpoint.identification.algorithm = https
	ssl.engine.factory.class = null
	ssl.key.password = null
	ssl.keymanager.algorithm = SunX509
	ssl.keystore.certificate.chain = null
	ssl.keystore.key = null
	ssl.keystore.location = null
	ssl.keystore.password = null
	ssl.keystore.type = JKS
	ssl.protocol = TLSv1.2
	ssl.provider = null
	ssl.secure.random.implementation = null
	ssl.trustmanager.algorithm = PKIX
	ssl.truststore.certificates = null
	ssl.truststore.location = null
	ssl.truststore.password = null
	ssl.truststore.type = JKS
	transaction.timeout.ms = 60000
	transactional.id = null
	value.serializer = class org.apache.kafka.common.serialization.StringSerializer

2023-01-20 20:51:00,489 INFO [main] o.a.k.c.p.KafkaProducer [KafkaProducer.java:572] [Producer clientId=producer-1] Instantiated an idempotent producer.
2023-01-20 20:51:00,509 INFO [main] o.a.k.c.u.AppInfoParser [AppInfoParser.java:119] Kafka version: 3.1.2
2023-01-20 20:51:00,509 INFO [main] o.a.k.c.u.AppInfoParser [AppInfoParser.java:120] Kafka commitId: f8c67dc3ae0a3265
2023-01-20 20:51:00,510 INFO [main] o.a.k.c.u.AppInfoParser [AppInfoParser.java:121] Kafka startTimeMs: 1674219060509
2023-01-20 20:51:00,640 INFO [kafka-producer-network-thread | producer-1] o.a.k.c.Metadata [Metadata.java:287] [Producer clientId=producer-1] Cluster ID: 5VSUDiMbQba5eXllbvfRwg
2023-01-20 20:51:00,640 INFO [org.springframework.kafka.KafkaListenerEndpointContainer#0-0-C-1] o.a.k.c.Metadata [Metadata.java:287] [Consumer clientId=consumer-community-consumer-group-1, groupId=community-consumer-group] Cluster ID: 5VSUDiMbQba5eXllbvfRwg
2023-01-20 20:51:00,641 INFO [kafka-producer-network-thread | producer-1] o.a.k.c.p.i.TransactionManager [TransactionManager.java:554] [Producer clientId=producer-1] ProducerId set to 2000 with epoch 0
2023-01-20 20:51:00,641 INFO [org.springframework.kafka.KafkaListenerEndpointContainer#0-0-C-1] o.a.k.c.c.i.ConsumerCoordinator [AbstractCoordinator.java:853] [Consumer clientId=consumer-community-consumer-group-1, groupId=community-consumer-group] Discovered group coordinator LAPTOP-N21AF2PF:9092 (id: 2147483647 rack: null)
2023-01-20 20:51:00,644 INFO [org.springframework.kafka.KafkaListenerEndpointContainer#0-0-C-1] o.a.k.c.c.i.ConsumerCoordinator [AbstractCoordinator.java:535] [Consumer clientId=consumer-community-consumer-group-1, groupId=community-consumer-group] (Re-)joining group
2023-01-20 20:51:00,670 INFO [org.springframework.kafka.KafkaListenerEndpointContainer#0-0-C-1] o.a.k.c.c.i.ConsumerCoordinator [AbstractCoordinator.java:1000] [Consumer clientId=consumer-community-consumer-group-1, groupId=community-consumer-group] Request joining group due to: need to re-join with the given member-id
2023-01-20 20:51:00,670 INFO [org.springframework.kafka.KafkaListenerEndpointContainer#0-0-C-1] o.a.k.c.c.i.ConsumerCoordinator [AbstractCoordinator.java:535] [Consumer clientId=consumer-community-consumer-group-1, groupId=community-consumer-group] (Re-)joining group
2023-01-20 20:51:10,685 INFO [org.springframework.kafka.KafkaListenerEndpointContainer#0-0-C-1] o.a.k.c.c.i.ConsumerCoordinator [AbstractCoordinator.java:1060] [Consumer clientId=consumer-community-consumer-group-1, groupId=community-consumer-group] Member consumer-community-consumer-group-1-49630bad-4ebe-4a42-b715-9ae035e31f78 sending LeaveGroup request to coordinator LAPTOP-N21AF2PF:9092 (id: 2147483647 rack: null) due to the consumer unsubscribed from all topics
2023-01-20 20:51:10,686 INFO [org.springframework.kafka.KafkaListenerEndpointContainer#0-0-C-1] o.a.k.c.c.i.ConsumerCoordinator [AbstractCoordinator.java:972] [Consumer clientId=consumer-community-consumer-group-1, groupId=community-consumer-group] Resetting generation due to: consumer pro-actively leaving the group
2023-01-20 20:51:10,686 INFO [org.springframework.kafka.KafkaListenerEndpointContainer#0-0-C-1] o.a.k.c.c.i.ConsumerCoordinator [AbstractCoordinator.java:1000] [Consumer clientId=consumer-community-consumer-group-1, groupId=community-consumer-group] Request joining group due to: consumer pro-actively leaving the group
2023-01-20 20:51:10,686 INFO [org.springframework.kafka.KafkaListenerEndpointContainer#0-0-C-1] o.a.k.c.c.KafkaConsumer [KafkaConsumer.java:1075] [Consumer clientId=consumer-community-consumer-group-1, groupId=community-consumer-group] Unsubscribed all topics or patterns and assigned partitions
2023-01-20 20:51:10,687 INFO [org.springframework.kafka.KafkaListenerEndpointContainer#0-0-C-1] o.a.k.c.c.i.ConsumerCoordinator [AbstractCoordinator.java:972] [Consumer clientId=consumer-community-consumer-group-1, groupId=community-consumer-group] Resetting generation due to: consumer pro-actively leaving the group
2023-01-20 20:51:10,687 INFO [org.springframework.kafka.KafkaListenerEndpointContainer#0-0-C-1] o.a.k.c.c.i.ConsumerCoordinator [AbstractCoordinator.java:1000] [Consumer clientId=consumer-community-consumer-group-1, groupId=community-consumer-group] Request joining group due to: consumer pro-actively leaving the group
2023-01-20 20:51:40,686 INFO [SpringApplicationShutdownHook] o.s.c.s.DefaultLifecycleProcessor [DefaultLifecycleProcessor.java:383] Failed to shut down 1 bean with phase value 2147483547 within timeout of 30000ms: [org.springframework.kafka.config.internalKafkaListenerEndpointRegistry]
2023-01-20 20:51:40,693 INFO [kafka-producer-network-thread | producer-1] o.a.k.c.NetworkClient [NetworkClient.java:935] [Producer clientId=producer-1] Node -1 disconnected.
2023-01-20 20:51:40,693 INFO [org.springframework.kafka.KafkaListenerEndpointContainer#0-0-C-1] o.a.k.c.NetworkClient [NetworkClient.java:935] [Consumer clientId=consumer-community-consumer-group-1, groupId=community-consumer-group] Node -1 disconnected.
2023-01-20 20:51:40,694 INFO [org.springframework.kafka.KafkaListenerEndpointContainer#0-0-C-1] o.a.k.c.NetworkClient [NetworkClient.java:797] [Consumer clientId=consumer-community-consumer-group-1, groupId=community-consumer-group] Disconnecting from node 2147483647 due to request timeout.
2023-01-20 20:51:40,695 INFO [org.springframework.kafka.KafkaListenerEndpointContainer#0-0-C-1] o.a.k.c.NetworkClient [NetworkClient.java:341] [Consumer clientId=consumer-community-consumer-group-1, groupId=community-consumer-group] Cancelled in-flight JOIN_GROUP request with correlation id 5 due to node 2147483647 being disconnected (elapsed time since creation: 40021ms, elapsed time since send: 40022ms, request timeout: 305000ms)
2023-01-20 20:51:40,695 INFO [org.springframework.kafka.KafkaListenerEndpointContainer#0-0-C-1] o.a.k.c.NetworkClient [NetworkClient.java:341] [Consumer clientId=consumer-community-consumer-group-1, groupId=community-consumer-group] Cancelled in-flight LEAVE_GROUP request with correlation id 6 due to node 2147483647 being disconnected (elapsed time since creation: 30007ms, elapsed time since send: 30006ms, request timeout: 30000ms)
2023-01-20 20:51:40,695 INFO [kafka-producer-network-thread | producer-1] o.a.k.c.NetworkClient [NetworkClient.java:935] [Producer clientId=producer-1] Node 0 disconnected.
2023-01-20 20:51:40,695 INFO [kafka-producer-network-thread | producer-1] o.a.k.c.NetworkClient [NetworkClient.java:341] [Producer clientId=producer-1] Cancelled in-flight METADATA request with correlation id 5 due to node 0 being disconnected (elapsed time since creation: 1ms, elapsed time since send: 1ms, request timeout: 30000ms)
2023-01-20 20:51:40,695 INFO [org.springframework.kafka.KafkaListenerEndpointContainer#0-0-C-1] o.a.k.c.c.i.ConsumerCoordinator [AbstractCoordinator.java:916] [Consumer clientId=consumer-community-consumer-group-1, groupId=community-consumer-group] Group coordinator LAPTOP-N21AF2PF:9092 (id: 2147483647 rack: null) is unavailable or invalid due to cause: null.isDisconnected: true. Rediscovery will be attempted.
2023-01-20 20:51:40,696 INFO [org.springframework.kafka.KafkaListenerEndpointContainer#0-0-C-1] o.a.k.c.m.Metrics [Metrics.java:659] Metrics scheduler closed
2023-01-20 20:51:40,696 INFO [org.springframework.kafka.KafkaListenerEndpointContainer#0-0-C-1] o.a.k.c.m.Metrics [Metrics.java:663] Closing reporter org.apache.kafka.common.metrics.JmxReporter
2023-01-20 20:51:40,696 INFO [org.springframework.kafka.KafkaListenerEndpointContainer#0-0-C-1] o.a.k.c.m.Metrics [Metrics.java:669] Metrics reporters closed
2023-01-20 20:51:40,699 INFO [org.springframework.kafka.KafkaListenerEndpointContainer#0-0-C-1] o.a.k.c.u.AppInfoParser [AppInfoParser.java:83] App info kafka.consumer for consumer-community-consumer-group-1 unregistered
2023-01-20 20:51:40,700 INFO [org.springframework.kafka.KafkaListenerEndpointContainer#0-0-C-1] o.s.k.l.KafkaMessageListenerContainer [LogAccessor.java:292] community-consumer-group: Consumer stopped
2023-01-20 20:51:40,708 INFO [SpringApplicationShutdownHook] c.a.d.p.DruidDataSource [DruidDataSource.java:2071] {dataSource-0} closing ...
2023-01-20 20:51:40,708 INFO [SpringApplicationShutdownHook] o.a.k.c.p.KafkaProducer [KafkaProducer.java:1249] [Producer clientId=producer-1] Closing the Kafka producer with timeoutMillis = 30000 ms.
2023-01-20 20:51:40,711 INFO [SpringApplicationShutdownHook] o.a.k.c.m.Metrics [Metrics.java:659] Metrics scheduler closed
2023-01-20 20:51:40,711 INFO [SpringApplicationShutdownHook] o.a.k.c.m.Metrics [Metrics.java:663] Closing reporter org.apache.kafka.common.metrics.JmxReporter
2023-01-20 20:51:40,711 INFO [SpringApplicationShutdownHook] o.a.k.c.m.Metrics [Metrics.java:669] Metrics reporters closed
2023-01-20 20:51:40,711 INFO [SpringApplicationShutdownHook] o.a.k.c.u.AppInfoParser [AppInfoParser.java:83] App info kafka.producer for producer-1 unregistered
2023-01-20 20:56:05,915 INFO [main] c.n.c.kafkaTests [StartupInfoLogger.java:55] Starting kafkaTests using Java 1.8.0_341 on LAPTOP-N21AF2PF with PID 5744 (started by tangs in D:\java_workplace\community)
2023-01-20 20:56:05,917 INFO [main] c.n.c.kafkaTests [SpringApplication.java:631] No active profile set, falling back to 1 default profile: "default"
2023-01-20 20:56:06,592 INFO [main] o.s.d.r.c.RepositoryConfigurationDelegate [RepositoryConfigurationDelegate.java:262] Multiple Spring Data modules found, entering strict repository configuration mode
2023-01-20 20:56:06,597 INFO [main] o.s.d.r.c.RepositoryConfigurationDelegate [RepositoryConfigurationDelegate.java:132] Bootstrapping Spring Data Redis repositories in DEFAULT mode.
2023-01-20 20:56:06,627 INFO [main] o.s.d.r.c.RepositoryConfigurationDelegate [RepositoryConfigurationDelegate.java:201] Finished Spring Data repository scanning in 13 ms. Found 0 Redis repository interfaces.
2023-01-20 20:56:09,126 INFO [main] o.s.b.a.w.s.WelcomePageHandlerMapping [WelcomePageHandlerMapping.java:57] Adding welcome page template: index
2023-01-20 20:56:09,961 INFO [main] o.a.k.c.c.ConsumerConfig [AbstractConfig.java:376] ConsumerConfig values: 
	allow.auto.create.topics = true
	auto.commit.interval.ms = 3000
	auto.offset.reset = latest
	bootstrap.servers = [localhost:9092]
	check.crcs = true
	client.dns.lookup = use_all_dns_ips
	client.id = consumer-community-consumer-group-1
	client.rack = 
	connections.max.idle.ms = 540000
	default.api.timeout.ms = 60000
	enable.auto.commit = true
	exclude.internal.topics = true
	fetch.max.bytes = 52428800
	fetch.max.wait.ms = 500
	fetch.min.bytes = 1
	group.id = community-consumer-group
	group.instance.id = null
	heartbeat.interval.ms = 3000
	interceptor.classes = []
	internal.leave.group.on.close = true
	internal.throw.on.fetch.stable.offset.unsupported = false
	isolation.level = read_uncommitted
	key.deserializer = class org.apache.kafka.common.serialization.StringDeserializer
	max.partition.fetch.bytes = 1048576
	max.poll.interval.ms = 300000
	max.poll.records = 500
	metadata.max.age.ms = 300000
	metric.reporters = []
	metrics.num.samples = 2
	metrics.recording.level = INFO
	metrics.sample.window.ms = 30000
	partition.assignment.strategy = [class org.apache.kafka.clients.consumer.RangeAssignor, class org.apache.kafka.clients.consumer.CooperativeStickyAssignor]
	receive.buffer.bytes = 65536
	reconnect.backoff.max.ms = 1000
	reconnect.backoff.ms = 50
	request.timeout.ms = 30000
	retry.backoff.ms = 100
	sasl.client.callback.handler.class = null
	sasl.jaas.config = null
	sasl.kerberos.kinit.cmd = /usr/bin/kinit
	sasl.kerberos.min.time.before.relogin = 60000
	sasl.kerberos.service.name = null
	sasl.kerberos.ticket.renew.jitter = 0.05
	sasl.kerberos.ticket.renew.window.factor = 0.8
	sasl.login.callback.handler.class = null
	sasl.login.class = null
	sasl.login.connect.timeout.ms = null
	sasl.login.read.timeout.ms = null
	sasl.login.refresh.buffer.seconds = 300
	sasl.login.refresh.min.period.seconds = 60
	sasl.login.refresh.window.factor = 0.8
	sasl.login.refresh.window.jitter = 0.05
	sasl.login.retry.backoff.max.ms = 10000
	sasl.login.retry.backoff.ms = 100
	sasl.mechanism = GSSAPI
	sasl.oauthbearer.clock.skew.seconds = 30
	sasl.oauthbearer.expected.audience = null
	sasl.oauthbearer.expected.issuer = null
	sasl.oauthbearer.jwks.endpoint.refresh.ms = 3600000
	sasl.oauthbearer.jwks.endpoint.retry.backoff.max.ms = 10000
	sasl.oauthbearer.jwks.endpoint.retry.backoff.ms = 100
	sasl.oauthbearer.jwks.endpoint.url = null
	sasl.oauthbearer.scope.claim.name = scope
	sasl.oauthbearer.sub.claim.name = sub
	sasl.oauthbearer.token.endpoint.url = null
	security.protocol = PLAINTEXT
	security.providers = null
	send.buffer.bytes = 131072
	session.timeout.ms = 45000
	socket.connection.setup.timeout.max.ms = 30000
	socket.connection.setup.timeout.ms = 10000
	ssl.cipher.suites = null
	ssl.enabled.protocols = [TLSv1.2]
	ssl.endpoint.identification.algorithm = https
	ssl.engine.factory.class = null
	ssl.key.password = null
	ssl.keymanager.algorithm = SunX509
	ssl.keystore.certificate.chain = null
	ssl.keystore.key = null
	ssl.keystore.location = null
	ssl.keystore.password = null
	ssl.keystore.type = JKS
	ssl.protocol = TLSv1.2
	ssl.provider = null
	ssl.secure.random.implementation = null
	ssl.trustmanager.algorithm = PKIX
	ssl.truststore.certificates = null
	ssl.truststore.location = null
	ssl.truststore.password = null
	ssl.truststore.type = JKS
	value.deserializer = class org.apache.kafka.common.serialization.StringDeserializer

2023-01-20 20:56:10,079 INFO [main] o.a.k.c.u.AppInfoParser [AppInfoParser.java:119] Kafka version: 3.1.2
2023-01-20 20:56:10,081 INFO [main] o.a.k.c.u.AppInfoParser [AppInfoParser.java:120] Kafka commitId: f8c67dc3ae0a3265
2023-01-20 20:56:10,081 INFO [main] o.a.k.c.u.AppInfoParser [AppInfoParser.java:121] Kafka startTimeMs: 1674219370078
2023-01-20 20:56:10,084 INFO [main] o.a.k.c.c.KafkaConsumer [KafkaConsumer.java:966] [Consumer clientId=consumer-community-consumer-group-1, groupId=community-consumer-group] Subscribed to topic(s): test
2023-01-20 20:56:10,106 INFO [main] c.n.c.kafkaTests [StartupInfoLogger.java:61] Started kafkaTests in 4.61 seconds (JVM running for 5.61)
2023-01-20 20:56:10,423 INFO [main] o.a.k.c.p.ProducerConfig [AbstractConfig.java:376] ProducerConfig values: 
	acks = -1
	batch.size = 16384
	bootstrap.servers = [localhost:9092]
	buffer.memory = 33554432
	client.dns.lookup = use_all_dns_ips
	client.id = producer-1
	compression.type = none
	connections.max.idle.ms = 540000
	delivery.timeout.ms = 120000
	enable.idempotence = true
	interceptor.classes = []
	key.serializer = class org.apache.kafka.common.serialization.StringSerializer
	linger.ms = 0
	max.block.ms = 60000
	max.in.flight.requests.per.connection = 5
	max.request.size = 1048576
	metadata.max.age.ms = 300000
	metadata.max.idle.ms = 300000
	metric.reporters = []
	metrics.num.samples = 2
	metrics.recording.level = INFO
	metrics.sample.window.ms = 30000
	partitioner.class = class org.apache.kafka.clients.producer.internals.DefaultPartitioner
	receive.buffer.bytes = 32768
	reconnect.backoff.max.ms = 1000
	reconnect.backoff.ms = 50
	request.timeout.ms = 30000
	retries = 2147483647
	retry.backoff.ms = 100
	sasl.client.callback.handler.class = null
	sasl.jaas.config = null
	sasl.kerberos.kinit.cmd = /usr/bin/kinit
	sasl.kerberos.min.time.before.relogin = 60000
	sasl.kerberos.service.name = null
	sasl.kerberos.ticket.renew.jitter = 0.05
	sasl.kerberos.ticket.renew.window.factor = 0.8
	sasl.login.callback.handler.class = null
	sasl.login.class = null
	sasl.login.connect.timeout.ms = null
	sasl.login.read.timeout.ms = null
	sasl.login.refresh.buffer.seconds = 300
	sasl.login.refresh.min.period.seconds = 60
	sasl.login.refresh.window.factor = 0.8
	sasl.login.refresh.window.jitter = 0.05
	sasl.login.retry.backoff.max.ms = 10000
	sasl.login.retry.backoff.ms = 100
	sasl.mechanism = GSSAPI
	sasl.oauthbearer.clock.skew.seconds = 30
	sasl.oauthbearer.expected.audience = null
	sasl.oauthbearer.expected.issuer = null
	sasl.oauthbearer.jwks.endpoint.refresh.ms = 3600000
	sasl.oauthbearer.jwks.endpoint.retry.backoff.max.ms = 10000
	sasl.oauthbearer.jwks.endpoint.retry.backoff.ms = 100
	sasl.oauthbearer.jwks.endpoint.url = null
	sasl.oauthbearer.scope.claim.name = scope
	sasl.oauthbearer.sub.claim.name = sub
	sasl.oauthbearer.token.endpoint.url = null
	security.protocol = PLAINTEXT
	security.providers = null
	send.buffer.bytes = 131072
	socket.connection.setup.timeout.max.ms = 30000
	socket.connection.setup.timeout.ms = 10000
	ssl.cipher.suites = null
	ssl.enabled.protocols = [TLSv1.2]
	ssl.endpoint.identification.algorithm = https
	ssl.engine.factory.class = null
	ssl.key.password = null
	ssl.keymanager.algorithm = SunX509
	ssl.keystore.certificate.chain = null
	ssl.keystore.key = null
	ssl.keystore.location = null
	ssl.keystore.password = null
	ssl.keystore.type = JKS
	ssl.protocol = TLSv1.2
	ssl.provider = null
	ssl.secure.random.implementation = null
	ssl.trustmanager.algorithm = PKIX
	ssl.truststore.certificates = null
	ssl.truststore.location = null
	ssl.truststore.password = null
	ssl.truststore.type = JKS
	transaction.timeout.ms = 60000
	transactional.id = null
	value.serializer = class org.apache.kafka.common.serialization.StringSerializer

2023-01-20 20:56:10,437 INFO [main] o.a.k.c.p.KafkaProducer [KafkaProducer.java:572] [Producer clientId=producer-1] Instantiated an idempotent producer.
2023-01-20 20:56:10,456 INFO [main] o.a.k.c.u.AppInfoParser [AppInfoParser.java:119] Kafka version: 3.1.2
2023-01-20 20:56:10,457 INFO [main] o.a.k.c.u.AppInfoParser [AppInfoParser.java:120] Kafka commitId: f8c67dc3ae0a3265
2023-01-20 20:56:10,457 INFO [main] o.a.k.c.u.AppInfoParser [AppInfoParser.java:121] Kafka startTimeMs: 1674219370456
2023-01-20 20:56:10,577 INFO [kafka-producer-network-thread | producer-1] o.a.k.c.Metadata [Metadata.java:287] [Producer clientId=producer-1] Cluster ID: 5VSUDiMbQba5eXllbvfRwg
2023-01-20 20:56:10,577 INFO [org.springframework.kafka.KafkaListenerEndpointContainer#0-0-C-1] o.a.k.c.Metadata [Metadata.java:287] [Consumer clientId=consumer-community-consumer-group-1, groupId=community-consumer-group] Cluster ID: 5VSUDiMbQba5eXllbvfRwg
2023-01-20 20:56:10,579 INFO [kafka-producer-network-thread | producer-1] o.a.k.c.p.i.TransactionManager [TransactionManager.java:554] [Producer clientId=producer-1] ProducerId set to 3000 with epoch 0
2023-01-20 20:56:10,579 INFO [org.springframework.kafka.KafkaListenerEndpointContainer#0-0-C-1] o.a.k.c.c.i.ConsumerCoordinator [AbstractCoordinator.java:853] [Consumer clientId=consumer-community-consumer-group-1, groupId=community-consumer-group] Discovered group coordinator LAPTOP-N21AF2PF:9092 (id: 2147483647 rack: null)
2023-01-20 20:56:10,582 INFO [org.springframework.kafka.KafkaListenerEndpointContainer#0-0-C-1] o.a.k.c.c.i.ConsumerCoordinator [AbstractCoordinator.java:535] [Consumer clientId=consumer-community-consumer-group-1, groupId=community-consumer-group] (Re-)joining group
2023-01-20 20:56:10,609 INFO [org.springframework.kafka.KafkaListenerEndpointContainer#0-0-C-1] o.a.k.c.c.i.ConsumerCoordinator [AbstractCoordinator.java:1000] [Consumer clientId=consumer-community-consumer-group-1, groupId=community-consumer-group] Request joining group due to: need to re-join with the given member-id
2023-01-20 20:56:10,609 INFO [org.springframework.kafka.KafkaListenerEndpointContainer#0-0-C-1] o.a.k.c.c.i.ConsumerCoordinator [AbstractCoordinator.java:535] [Consumer clientId=consumer-community-consumer-group-1, groupId=community-consumer-group] (Re-)joining group
2023-01-20 20:56:10,624 INFO [org.springframework.kafka.KafkaListenerEndpointContainer#0-0-C-1] o.a.k.c.c.i.ConsumerCoordinator [AbstractCoordinator.java:595] [Consumer clientId=consumer-community-consumer-group-1, groupId=community-consumer-group] Successfully joined group with generation Generation{generationId=3, memberId='consumer-community-consumer-group-1-c7accaa5-fbdb-4e59-8d16-e2d05e54e928', protocol='range'}
2023-01-20 20:56:10,627 INFO [org.springframework.kafka.KafkaListenerEndpointContainer#0-0-C-1] o.a.k.c.c.i.ConsumerCoordinator [ConsumerCoordinator.java:659] [Consumer clientId=consumer-community-consumer-group-1, groupId=community-consumer-group] Finished assignment for group at generation 3: {consumer-community-consumer-group-1-c7accaa5-fbdb-4e59-8d16-e2d05e54e928=Assignment(partitions=[test-0])}
2023-01-20 20:56:10,649 INFO [org.springframework.kafka.KafkaListenerEndpointContainer#0-0-C-1] o.a.k.c.c.i.ConsumerCoordinator [AbstractCoordinator.java:761] [Consumer clientId=consumer-community-consumer-group-1, groupId=community-consumer-group] Successfully synced group in generation Generation{generationId=3, memberId='consumer-community-consumer-group-1-c7accaa5-fbdb-4e59-8d16-e2d05e54e928', protocol='range'}
2023-01-20 20:56:10,650 INFO [org.springframework.kafka.KafkaListenerEndpointContainer#0-0-C-1] o.a.k.c.c.i.ConsumerCoordinator [ConsumerCoordinator.java:280] [Consumer clientId=consumer-community-consumer-group-1, groupId=community-consumer-group] Notifying assignor about the new Assignment(partitions=[test-0])
2023-01-20 20:56:10,653 INFO [org.springframework.kafka.KafkaListenerEndpointContainer#0-0-C-1] o.a.k.c.c.i.ConsumerCoordinator [ConsumerCoordinator.java:292] [Consumer clientId=consumer-community-consumer-group-1, groupId=community-consumer-group] Adding newly assigned partitions: test-0
2023-01-20 20:56:10,669 INFO [org.springframework.kafka.KafkaListenerEndpointContainer#0-0-C-1] o.a.k.c.c.i.ConsumerCoordinator [ConsumerCoordinator.java:851] [Consumer clientId=consumer-community-consumer-group-1, groupId=community-consumer-group] Setting offset for partition test-0 to the committed offset FetchPosition{offset=6, offsetEpoch=Optional.empty, currentLeader=LeaderAndEpoch{leader=Optional[LAPTOP-N21AF2PF:9092 (id: 0 rack: null)], epoch=0}}
2023-01-20 20:56:10,671 INFO [org.springframework.kafka.KafkaListenerEndpointContainer#0-0-C-1] o.s.k.l.KafkaMessageListenerContainer [LogAccessor.java:292] community-consumer-group: partitions assigned: [test-0]
2023-01-20 20:56:20,627 INFO [org.springframework.kafka.KafkaListenerEndpointContainer#0-0-C-1] o.a.k.c.c.i.ConsumerCoordinator [ConsumerCoordinator.java:311] [Consumer clientId=consumer-community-consumer-group-1, groupId=community-consumer-group] Revoke previously assigned partitions test-0
2023-01-20 20:56:20,628 INFO [org.springframework.kafka.KafkaListenerEndpointContainer#0-0-C-1] o.s.k.l.KafkaMessageListenerContainer [LogAccessor.java:292] community-consumer-group: partitions revoked: [test-0]
2023-01-20 20:56:20,628 INFO [org.springframework.kafka.KafkaListenerEndpointContainer#0-0-C-1] o.a.k.c.c.i.ConsumerCoordinator [AbstractCoordinator.java:1060] [Consumer clientId=consumer-community-consumer-group-1, groupId=community-consumer-group] Member consumer-community-consumer-group-1-c7accaa5-fbdb-4e59-8d16-e2d05e54e928 sending LeaveGroup request to coordinator LAPTOP-N21AF2PF:9092 (id: 2147483647 rack: null) due to the consumer unsubscribed from all topics
2023-01-20 20:56:20,629 INFO [org.springframework.kafka.KafkaListenerEndpointContainer#0-0-C-1] o.a.k.c.c.i.ConsumerCoordinator [AbstractCoordinator.java:972] [Consumer clientId=consumer-community-consumer-group-1, groupId=community-consumer-group] Resetting generation due to: consumer pro-actively leaving the group
2023-01-20 20:56:20,629 INFO [org.springframework.kafka.KafkaListenerEndpointContainer#0-0-C-1] o.a.k.c.c.i.ConsumerCoordinator [AbstractCoordinator.java:1000] [Consumer clientId=consumer-community-consumer-group-1, groupId=community-consumer-group] Request joining group due to: consumer pro-actively leaving the group
2023-01-20 20:56:20,629 INFO [org.springframework.kafka.KafkaListenerEndpointContainer#0-0-C-1] o.a.k.c.c.KafkaConsumer [KafkaConsumer.java:1075] [Consumer clientId=consumer-community-consumer-group-1, groupId=community-consumer-group] Unsubscribed all topics or patterns and assigned partitions
2023-01-20 20:56:20,630 INFO [org.springframework.kafka.KafkaListenerEndpointContainer#0-0-C-1] o.a.k.c.c.i.ConsumerCoordinator [AbstractCoordinator.java:972] [Consumer clientId=consumer-community-consumer-group-1, groupId=community-consumer-group] Resetting generation due to: consumer pro-actively leaving the group
2023-01-20 20:56:20,630 INFO [org.springframework.kafka.KafkaListenerEndpointContainer#0-0-C-1] o.a.k.c.c.i.ConsumerCoordinator [AbstractCoordinator.java:1000] [Consumer clientId=consumer-community-consumer-group-1, groupId=community-consumer-group] Request joining group due to: consumer pro-actively leaving the group
2023-01-20 20:56:20,638 INFO [org.springframework.kafka.KafkaListenerEndpointContainer#0-0-C-1] o.a.k.c.m.Metrics [Metrics.java:659] Metrics scheduler closed
2023-01-20 20:56:20,639 INFO [org.springframework.kafka.KafkaListenerEndpointContainer#0-0-C-1] o.a.k.c.m.Metrics [Metrics.java:663] Closing reporter org.apache.kafka.common.metrics.JmxReporter
2023-01-20 20:56:20,639 INFO [org.springframework.kafka.KafkaListenerEndpointContainer#0-0-C-1] o.a.k.c.m.Metrics [Metrics.java:669] Metrics reporters closed
2023-01-20 20:56:20,643 INFO [org.springframework.kafka.KafkaListenerEndpointContainer#0-0-C-1] o.a.k.c.u.AppInfoParser [AppInfoParser.java:83] App info kafka.consumer for consumer-community-consumer-group-1 unregistered
2023-01-20 20:56:20,644 INFO [org.springframework.kafka.KafkaListenerEndpointContainer#0-0-C-1] o.s.k.l.KafkaMessageListenerContainer [LogAccessor.java:292] community-consumer-group: Consumer stopped
2023-01-20 20:56:20,662 INFO [SpringApplicationShutdownHook] c.a.d.p.DruidDataSource [DruidDataSource.java:2071] {dataSource-0} closing ...
2023-01-20 20:56:20,662 INFO [SpringApplicationShutdownHook] o.a.k.c.p.KafkaProducer [KafkaProducer.java:1249] [Producer clientId=producer-1] Closing the Kafka producer with timeoutMillis = 30000 ms.
2023-01-20 20:56:20,664 INFO [SpringApplicationShutdownHook] o.a.k.c.m.Metrics [Metrics.java:659] Metrics scheduler closed
2023-01-20 20:56:20,664 INFO [SpringApplicationShutdownHook] o.a.k.c.m.Metrics [Metrics.java:663] Closing reporter org.apache.kafka.common.metrics.JmxReporter
2023-01-20 20:56:20,664 INFO [SpringApplicationShutdownHook] o.a.k.c.m.Metrics [Metrics.java:669] Metrics reporters closed
2023-01-20 20:56:20,664 INFO [SpringApplicationShutdownHook] o.a.k.c.u.AppInfoParser [AppInfoParser.java:83] App info kafka.producer for producer-1 unregistered
