2023-01-19 20:23:47,801 ERROR [http-nio-8080-exec-3] c.n.c.c.a.ExceptionAdvice [ExceptionAdvice.java:22] 服务器发生异常: Failed to convert value of type 'java.lang.String' to required type 'int'; nested exception is java.lang.NumberFormatException: For input string: "my-post.html"
2023-01-19 20:23:47,805 ERROR [http-nio-8080-exec-3] c.n.c.c.a.ExceptionAdvice [ExceptionAdvice.java:24] org.springframework.web.method.annotation.AbstractNamedValueMethodArgumentResolver.resolveArgument(AbstractNamedValueMethodArgumentResolver.java:133)
2023-01-19 20:23:47,805 ERROR [http-nio-8080-exec-3] c.n.c.c.a.ExceptionAdvice [ExceptionAdvice.java:24] org.springframework.web.method.support.HandlerMethodArgumentResolverComposite.resolveArgument(HandlerMethodArgumentResolverComposite.java:122)
2023-01-19 20:23:47,805 ERROR [http-nio-8080-exec-3] c.n.c.c.a.ExceptionAdvice [ExceptionAdvice.java:24] org.springframework.web.method.support.InvocableHandlerMethod.getMethodArgumentValues(InvocableHandlerMethod.java:179)
2023-01-19 20:23:47,805 ERROR [http-nio-8080-exec-3] c.n.c.c.a.ExceptionAdvice [ExceptionAdvice.java:24] org.springframework.web.method.support.InvocableHandlerMethod.invokeForRequest(InvocableHandlerMethod.java:146)
2023-01-19 20:23:47,805 ERROR [http-nio-8080-exec-3] c.n.c.c.a.ExceptionAdvice [ExceptionAdvice.java:24] org.springframework.web.servlet.mvc.method.annotation.ServletInvocableHandlerMethod.invokeAndHandle(ServletInvocableHandlerMethod.java:117)
2023-01-19 20:23:47,805 ERROR [http-nio-8080-exec-3] c.n.c.c.a.ExceptionAdvice [ExceptionAdvice.java:24] org.springframework.web.servlet.mvc.method.annotation.RequestMappingHandlerAdapter.invokeHandlerMethod(RequestMappingHandlerAdapter.java:895)
2023-01-19 20:23:47,806 ERROR [http-nio-8080-exec-3] c.n.c.c.a.ExceptionAdvice [ExceptionAdvice.java:24] org.springframework.web.servlet.mvc.method.annotation.RequestMappingHandlerAdapter.handleInternal(RequestMappingHandlerAdapter.java:808)
2023-01-19 20:23:47,806 ERROR [http-nio-8080-exec-3] c.n.c.c.a.ExceptionAdvice [ExceptionAdvice.java:24] org.springframework.web.servlet.mvc.method.AbstractHandlerMethodAdapter.handle(AbstractHandlerMethodAdapter.java:87)
2023-01-19 20:23:47,806 ERROR [http-nio-8080-exec-3] c.n.c.c.a.ExceptionAdvice [ExceptionAdvice.java:24] org.springframework.web.servlet.DispatcherServlet.doDispatch(DispatcherServlet.java:1071)
2023-01-19 20:23:47,806 ERROR [http-nio-8080-exec-3] c.n.c.c.a.ExceptionAdvice [ExceptionAdvice.java:24] org.springframework.web.servlet.DispatcherServlet.doService(DispatcherServlet.java:964)
2023-01-19 20:23:47,806 ERROR [http-nio-8080-exec-3] c.n.c.c.a.ExceptionAdvice [ExceptionAdvice.java:24] org.springframework.web.servlet.FrameworkServlet.processRequest(FrameworkServlet.java:1006)
2023-01-19 20:23:47,806 ERROR [http-nio-8080-exec-3] c.n.c.c.a.ExceptionAdvice [ExceptionAdvice.java:24] org.springframework.web.servlet.FrameworkServlet.doGet(FrameworkServlet.java:898)
2023-01-19 20:23:47,806 ERROR [http-nio-8080-exec-3] c.n.c.c.a.ExceptionAdvice [ExceptionAdvice.java:24] javax.servlet.http.HttpServlet.service(HttpServlet.java:670)
2023-01-19 20:23:47,806 ERROR [http-nio-8080-exec-3] c.n.c.c.a.ExceptionAdvice [ExceptionAdvice.java:24] org.springframework.web.servlet.FrameworkServlet.service(FrameworkServlet.java:883)
2023-01-19 20:23:47,806 ERROR [http-nio-8080-exec-3] c.n.c.c.a.ExceptionAdvice [ExceptionAdvice.java:24] javax.servlet.http.HttpServlet.service(HttpServlet.java:779)
2023-01-19 20:23:47,806 ERROR [http-nio-8080-exec-3] c.n.c.c.a.ExceptionAdvice [ExceptionAdvice.java:24] org.apache.catalina.core.ApplicationFilterChain.internalDoFilter(ApplicationFilterChain.java:227)
2023-01-19 20:23:47,806 ERROR [http-nio-8080-exec-3] c.n.c.c.a.ExceptionAdvice [ExceptionAdvice.java:24] org.apache.catalina.core.ApplicationFilterChain.doFilter(ApplicationFilterChain.java:162)
2023-01-19 20:23:47,806 ERROR [http-nio-8080-exec-3] c.n.c.c.a.ExceptionAdvice [ExceptionAdvice.java:24] org.apache.tomcat.websocket.server.WsFilter.doFilter(WsFilter.java:53)
2023-01-19 20:23:47,807 ERROR [http-nio-8080-exec-3] c.n.c.c.a.ExceptionAdvice [ExceptionAdvice.java:24] org.apache.catalina.core.ApplicationFilterChain.internalDoFilter(ApplicationFilterChain.java:189)
2023-01-19 20:23:47,807 ERROR [http-nio-8080-exec-3] c.n.c.c.a.ExceptionAdvice [ExceptionAdvice.java:24] org.apache.catalina.core.ApplicationFilterChain.doFilter(ApplicationFilterChain.java:162)
2023-01-19 20:23:47,807 ERROR [http-nio-8080-exec-3] c.n.c.c.a.ExceptionAdvice [ExceptionAdvice.java:24] org.springframework.web.filter.RequestContextFilter.doFilterInternal(RequestContextFilter.java:100)
2023-01-19 20:23:47,807 ERROR [http-nio-8080-exec-3] c.n.c.c.a.ExceptionAdvice [ExceptionAdvice.java:24] org.springframework.web.filter.OncePerRequestFilter.doFilter(OncePerRequestFilter.java:117)
2023-01-19 20:23:47,807 ERROR [http-nio-8080-exec-3] c.n.c.c.a.ExceptionAdvice [ExceptionAdvice.java:24] org.apache.catalina.core.ApplicationFilterChain.internalDoFilter(ApplicationFilterChain.java:189)
2023-01-19 20:23:47,807 ERROR [http-nio-8080-exec-3] c.n.c.c.a.ExceptionAdvice [ExceptionAdvice.java:24] org.apache.catalina.core.ApplicationFilterChain.doFilter(ApplicationFilterChain.java:162)
2023-01-19 20:23:47,807 ERROR [http-nio-8080-exec-3] c.n.c.c.a.ExceptionAdvice [ExceptionAdvice.java:24] org.springframework.web.filter.FormContentFilter.doFilterInternal(FormContentFilter.java:93)
2023-01-19 20:23:47,807 ERROR [http-nio-8080-exec-3] c.n.c.c.a.ExceptionAdvice [ExceptionAdvice.java:24] org.springframework.web.filter.OncePerRequestFilter.doFilter(OncePerRequestFilter.java:117)
2023-01-19 20:23:47,807 ERROR [http-nio-8080-exec-3] c.n.c.c.a.ExceptionAdvice [ExceptionAdvice.java:24] org.apache.catalina.core.ApplicationFilterChain.internalDoFilter(ApplicationFilterChain.java:189)
2023-01-19 20:23:47,807 ERROR [http-nio-8080-exec-3] c.n.c.c.a.ExceptionAdvice [ExceptionAdvice.java:24] org.apache.catalina.core.ApplicationFilterChain.doFilter(ApplicationFilterChain.java:162)
2023-01-19 20:23:47,807 ERROR [http-nio-8080-exec-3] c.n.c.c.a.ExceptionAdvice [ExceptionAdvice.java:24] org.springframework.web.filter.CharacterEncodingFilter.doFilterInternal(CharacterEncodingFilter.java:201)
2023-01-19 20:23:47,807 ERROR [http-nio-8080-exec-3] c.n.c.c.a.ExceptionAdvice [ExceptionAdvice.java:24] org.springframework.web.filter.OncePerRequestFilter.doFilter(OncePerRequestFilter.java:117)
2023-01-19 20:23:47,807 ERROR [http-nio-8080-exec-3] c.n.c.c.a.ExceptionAdvice [ExceptionAdvice.java:24] org.apache.catalina.core.ApplicationFilterChain.internalDoFilter(ApplicationFilterChain.java:189)
2023-01-19 20:23:47,808 ERROR [http-nio-8080-exec-3] c.n.c.c.a.ExceptionAdvice [ExceptionAdvice.java:24] org.apache.catalina.core.ApplicationFilterChain.doFilter(ApplicationFilterChain.java:162)
2023-01-19 20:23:47,808 ERROR [http-nio-8080-exec-3] c.n.c.c.a.ExceptionAdvice [ExceptionAdvice.java:24] org.apache.catalina.core.StandardWrapperValve.invoke(StandardWrapperValve.java:177)
2023-01-19 20:23:47,808 ERROR [http-nio-8080-exec-3] c.n.c.c.a.ExceptionAdvice [ExceptionAdvice.java:24] org.apache.catalina.core.StandardContextValve.invoke(StandardContextValve.java:97)
2023-01-19 20:23:47,808 ERROR [http-nio-8080-exec-3] c.n.c.c.a.ExceptionAdvice [ExceptionAdvice.java:24] org.apache.catalina.authenticator.AuthenticatorBase.invoke(AuthenticatorBase.java:541)
2023-01-19 20:23:47,808 ERROR [http-nio-8080-exec-3] c.n.c.c.a.ExceptionAdvice [ExceptionAdvice.java:24] org.apache.catalina.core.StandardHostValve.invoke(StandardHostValve.java:135)
2023-01-19 20:23:47,808 ERROR [http-nio-8080-exec-3] c.n.c.c.a.ExceptionAdvice [ExceptionAdvice.java:24] org.apache.catalina.valves.ErrorReportValve.invoke(ErrorReportValve.java:92)
2023-01-19 20:23:47,808 ERROR [http-nio-8080-exec-3] c.n.c.c.a.ExceptionAdvice [ExceptionAdvice.java:24] org.apache.catalina.core.StandardEngineValve.invoke(StandardEngineValve.java:78)
2023-01-19 20:23:47,808 ERROR [http-nio-8080-exec-3] c.n.c.c.a.ExceptionAdvice [ExceptionAdvice.java:24] org.apache.catalina.connector.CoyoteAdapter.service(CoyoteAdapter.java:360)
2023-01-19 20:23:47,808 ERROR [http-nio-8080-exec-3] c.n.c.c.a.ExceptionAdvice [ExceptionAdvice.java:24] org.apache.coyote.http11.Http11Processor.service(Http11Processor.java:399)
2023-01-19 20:23:47,808 ERROR [http-nio-8080-exec-3] c.n.c.c.a.ExceptionAdvice [ExceptionAdvice.java:24] org.apache.coyote.AbstractProcessorLight.process(AbstractProcessorLight.java:65)
2023-01-19 20:23:47,808 ERROR [http-nio-8080-exec-3] c.n.c.c.a.ExceptionAdvice [ExceptionAdvice.java:24] org.apache.coyote.AbstractProtocol$ConnectionHandler.process(AbstractProtocol.java:891)
2023-01-19 20:23:47,808 ERROR [http-nio-8080-exec-3] c.n.c.c.a.ExceptionAdvice [ExceptionAdvice.java:24] org.apache.tomcat.util.net.NioEndpoint$SocketProcessor.doRun(NioEndpoint.java:1784)
2023-01-19 20:23:47,809 ERROR [http-nio-8080-exec-3] c.n.c.c.a.ExceptionAdvice [ExceptionAdvice.java:24] org.apache.tomcat.util.net.SocketProcessorBase.run(SocketProcessorBase.java:49)
2023-01-19 20:23:47,809 ERROR [http-nio-8080-exec-3] c.n.c.c.a.ExceptionAdvice [ExceptionAdvice.java:24] org.apache.tomcat.util.threads.ThreadPoolExecutor.runWorker(ThreadPoolExecutor.java:1191)
2023-01-19 20:23:47,809 ERROR [http-nio-8080-exec-3] c.n.c.c.a.ExceptionAdvice [ExceptionAdvice.java:24] org.apache.tomcat.util.threads.ThreadPoolExecutor$Worker.run(ThreadPoolExecutor.java:659)
2023-01-19 20:23:47,809 ERROR [http-nio-8080-exec-3] c.n.c.c.a.ExceptionAdvice [ExceptionAdvice.java:24] org.apache.tomcat.util.threads.TaskThread$WrappingRunnable.run(TaskThread.java:61)
2023-01-19 20:23:47,809 ERROR [http-nio-8080-exec-3] c.n.c.c.a.ExceptionAdvice [ExceptionAdvice.java:24] java.lang.Thread.run(Thread.java:750)
2023-01-19 20:28:13,000 ERROR [http-nio-8080-exec-7] c.n.c.c.a.ExceptionAdvice [ExceptionAdvice.java:22] 服务器发生异常: Failed to convert value of type 'java.lang.String' to required type 'int'; nested exception is java.lang.NumberFormatException: For input string: "my-post.html"
2023-01-19 20:28:13,000 ERROR [http-nio-8080-exec-7] c.n.c.c.a.ExceptionAdvice [ExceptionAdvice.java:24] org.springframework.web.method.annotation.AbstractNamedValueMethodArgumentResolver.resolveArgument(AbstractNamedValueMethodArgumentResolver.java:133)
2023-01-19 20:28:13,000 ERROR [http-nio-8080-exec-7] c.n.c.c.a.ExceptionAdvice [ExceptionAdvice.java:24] org.springframework.web.method.support.HandlerMethodArgumentResolverComposite.resolveArgument(HandlerMethodArgumentResolverComposite.java:122)
2023-01-19 20:28:13,000 ERROR [http-nio-8080-exec-7] c.n.c.c.a.ExceptionAdvice [ExceptionAdvice.java:24] org.springframework.web.method.support.InvocableHandlerMethod.getMethodArgumentValues(InvocableHandlerMethod.java:179)
2023-01-19 20:28:13,000 ERROR [http-nio-8080-exec-7] c.n.c.c.a.ExceptionAdvice [ExceptionAdvice.java:24] org.springframework.web.method.support.InvocableHandlerMethod.invokeForRequest(InvocableHandlerMethod.java:146)
2023-01-19 20:28:13,000 ERROR [http-nio-8080-exec-7] c.n.c.c.a.ExceptionAdvice [ExceptionAdvice.java:24] org.springframework.web.servlet.mvc.method.annotation.ServletInvocableHandlerMethod.invokeAndHandle(ServletInvocableHandlerMethod.java:117)
2023-01-19 20:28:13,000 ERROR [http-nio-8080-exec-7] c.n.c.c.a.ExceptionAdvice [ExceptionAdvice.java:24] org.springframework.web.servlet.mvc.method.annotation.RequestMappingHandlerAdapter.invokeHandlerMethod(RequestMappingHandlerAdapter.java:895)
2023-01-19 20:28:13,001 ERROR [http-nio-8080-exec-7] c.n.c.c.a.ExceptionAdvice [ExceptionAdvice.java:24] org.springframework.web.servlet.mvc.method.annotation.RequestMappingHandlerAdapter.handleInternal(RequestMappingHandlerAdapter.java:808)
2023-01-19 20:28:13,001 ERROR [http-nio-8080-exec-7] c.n.c.c.a.ExceptionAdvice [ExceptionAdvice.java:24] org.springframework.web.servlet.mvc.method.AbstractHandlerMethodAdapter.handle(AbstractHandlerMethodAdapter.java:87)
2023-01-19 20:28:13,001 ERROR [http-nio-8080-exec-7] c.n.c.c.a.ExceptionAdvice [ExceptionAdvice.java:24] org.springframework.web.servlet.DispatcherServlet.doDispatch(DispatcherServlet.java:1071)
2023-01-19 20:28:13,001 ERROR [http-nio-8080-exec-7] c.n.c.c.a.ExceptionAdvice [ExceptionAdvice.java:24] org.springframework.web.servlet.DispatcherServlet.doService(DispatcherServlet.java:964)
2023-01-19 20:28:13,001 ERROR [http-nio-8080-exec-7] c.n.c.c.a.ExceptionAdvice [ExceptionAdvice.java:24] org.springframework.web.servlet.FrameworkServlet.processRequest(FrameworkServlet.java:1006)
2023-01-19 20:28:13,001 ERROR [http-nio-8080-exec-7] c.n.c.c.a.ExceptionAdvice [ExceptionAdvice.java:24] org.springframework.web.servlet.FrameworkServlet.doGet(FrameworkServlet.java:898)
2023-01-19 20:28:13,001 ERROR [http-nio-8080-exec-7] c.n.c.c.a.ExceptionAdvice [ExceptionAdvice.java:24] javax.servlet.http.HttpServlet.service(HttpServlet.java:670)
2023-01-19 20:28:13,001 ERROR [http-nio-8080-exec-7] c.n.c.c.a.ExceptionAdvice [ExceptionAdvice.java:24] org.springframework.web.servlet.FrameworkServlet.service(FrameworkServlet.java:883)
2023-01-19 20:28:13,001 ERROR [http-nio-8080-exec-7] c.n.c.c.a.ExceptionAdvice [ExceptionAdvice.java:24] javax.servlet.http.HttpServlet.service(HttpServlet.java:779)
2023-01-19 20:28:13,001 ERROR [http-nio-8080-exec-7] c.n.c.c.a.ExceptionAdvice [ExceptionAdvice.java:24] org.apache.catalina.core.ApplicationFilterChain.internalDoFilter(ApplicationFilterChain.java:227)
2023-01-19 20:28:13,001 ERROR [http-nio-8080-exec-7] c.n.c.c.a.ExceptionAdvice [ExceptionAdvice.java:24] org.apache.catalina.core.ApplicationFilterChain.doFilter(ApplicationFilterChain.java:162)
2023-01-19 20:28:13,001 ERROR [http-nio-8080-exec-7] c.n.c.c.a.ExceptionAdvice [ExceptionAdvice.java:24] org.apache.tomcat.websocket.server.WsFilter.doFilter(WsFilter.java:53)
2023-01-19 20:28:13,001 ERROR [http-nio-8080-exec-7] c.n.c.c.a.ExceptionAdvice [ExceptionAdvice.java:24] org.apache.catalina.core.ApplicationFilterChain.internalDoFilter(ApplicationFilterChain.java:189)
2023-01-19 20:28:13,001 ERROR [http-nio-8080-exec-7] c.n.c.c.a.ExceptionAdvice [ExceptionAdvice.java:24] org.apache.catalina.core.ApplicationFilterChain.doFilter(ApplicationFilterChain.java:162)
2023-01-19 20:28:13,001 ERROR [http-nio-8080-exec-7] c.n.c.c.a.ExceptionAdvice [ExceptionAdvice.java:24] org.springframework.web.filter.RequestContextFilter.doFilterInternal(RequestContextFilter.java:100)
2023-01-19 20:28:13,002 ERROR [http-nio-8080-exec-7] c.n.c.c.a.ExceptionAdvice [ExceptionAdvice.java:24] org.springframework.web.filter.OncePerRequestFilter.doFilter(OncePerRequestFilter.java:117)
2023-01-19 20:28:13,002 ERROR [http-nio-8080-exec-7] c.n.c.c.a.ExceptionAdvice [ExceptionAdvice.java:24] org.apache.catalina.core.ApplicationFilterChain.internalDoFilter(ApplicationFilterChain.java:189)
2023-01-19 20:28:13,002 ERROR [http-nio-8080-exec-7] c.n.c.c.a.ExceptionAdvice [ExceptionAdvice.java:24] org.apache.catalina.core.ApplicationFilterChain.doFilter(ApplicationFilterChain.java:162)
2023-01-19 20:28:13,002 ERROR [http-nio-8080-exec-7] c.n.c.c.a.ExceptionAdvice [ExceptionAdvice.java:24] org.springframework.web.filter.FormContentFilter.doFilterInternal(FormContentFilter.java:93)
2023-01-19 20:28:13,002 ERROR [http-nio-8080-exec-7] c.n.c.c.a.ExceptionAdvice [ExceptionAdvice.java:24] org.springframework.web.filter.OncePerRequestFilter.doFilter(OncePerRequestFilter.java:117)
2023-01-19 20:28:13,002 ERROR [http-nio-8080-exec-7] c.n.c.c.a.ExceptionAdvice [ExceptionAdvice.java:24] org.apache.catalina.core.ApplicationFilterChain.internalDoFilter(ApplicationFilterChain.java:189)
2023-01-19 20:28:13,002 ERROR [http-nio-8080-exec-7] c.n.c.c.a.ExceptionAdvice [ExceptionAdvice.java:24] org.apache.catalina.core.ApplicationFilterChain.doFilter(ApplicationFilterChain.java:162)
2023-01-19 20:28:13,002 ERROR [http-nio-8080-exec-7] c.n.c.c.a.ExceptionAdvice [ExceptionAdvice.java:24] org.springframework.web.filter.CharacterEncodingFilter.doFilterInternal(CharacterEncodingFilter.java:201)
2023-01-19 20:28:13,002 ERROR [http-nio-8080-exec-7] c.n.c.c.a.ExceptionAdvice [ExceptionAdvice.java:24] org.springframework.web.filter.OncePerRequestFilter.doFilter(OncePerRequestFilter.java:117)
2023-01-19 20:28:13,002 ERROR [http-nio-8080-exec-7] c.n.c.c.a.ExceptionAdvice [ExceptionAdvice.java:24] org.apache.catalina.core.ApplicationFilterChain.internalDoFilter(ApplicationFilterChain.java:189)
2023-01-19 20:28:13,002 ERROR [http-nio-8080-exec-7] c.n.c.c.a.ExceptionAdvice [ExceptionAdvice.java:24] org.apache.catalina.core.ApplicationFilterChain.doFilter(ApplicationFilterChain.java:162)
2023-01-19 20:28:13,002 ERROR [http-nio-8080-exec-7] c.n.c.c.a.ExceptionAdvice [ExceptionAdvice.java:24] org.apache.catalina.core.StandardWrapperValve.invoke(StandardWrapperValve.java:177)
2023-01-19 20:28:13,002 ERROR [http-nio-8080-exec-7] c.n.c.c.a.ExceptionAdvice [ExceptionAdvice.java:24] org.apache.catalina.core.StandardContextValve.invoke(StandardContextValve.java:97)
2023-01-19 20:28:13,002 ERROR [http-nio-8080-exec-7] c.n.c.c.a.ExceptionAdvice [ExceptionAdvice.java:24] org.apache.catalina.authenticator.AuthenticatorBase.invoke(AuthenticatorBase.java:541)
2023-01-19 20:28:13,002 ERROR [http-nio-8080-exec-7] c.n.c.c.a.ExceptionAdvice [ExceptionAdvice.java:24] org.apache.catalina.core.StandardHostValve.invoke(StandardHostValve.java:135)
2023-01-19 20:28:13,003 ERROR [http-nio-8080-exec-7] c.n.c.c.a.ExceptionAdvice [ExceptionAdvice.java:24] org.apache.catalina.valves.ErrorReportValve.invoke(ErrorReportValve.java:92)
2023-01-19 20:28:13,003 ERROR [http-nio-8080-exec-7] c.n.c.c.a.ExceptionAdvice [ExceptionAdvice.java:24] org.apache.catalina.core.StandardEngineValve.invoke(StandardEngineValve.java:78)
2023-01-19 20:28:13,003 ERROR [http-nio-8080-exec-7] c.n.c.c.a.ExceptionAdvice [ExceptionAdvice.java:24] org.apache.catalina.connector.CoyoteAdapter.service(CoyoteAdapter.java:360)
2023-01-19 20:28:13,003 ERROR [http-nio-8080-exec-7] c.n.c.c.a.ExceptionAdvice [ExceptionAdvice.java:24] org.apache.coyote.http11.Http11Processor.service(Http11Processor.java:399)
2023-01-19 20:28:13,003 ERROR [http-nio-8080-exec-7] c.n.c.c.a.ExceptionAdvice [ExceptionAdvice.java:24] org.apache.coyote.AbstractProcessorLight.process(AbstractProcessorLight.java:65)
2023-01-19 20:28:13,003 ERROR [http-nio-8080-exec-7] c.n.c.c.a.ExceptionAdvice [ExceptionAdvice.java:24] org.apache.coyote.AbstractProtocol$ConnectionHandler.process(AbstractProtocol.java:891)
2023-01-19 20:28:13,003 ERROR [http-nio-8080-exec-7] c.n.c.c.a.ExceptionAdvice [ExceptionAdvice.java:24] org.apache.tomcat.util.net.NioEndpoint$SocketProcessor.doRun(NioEndpoint.java:1784)
2023-01-19 20:28:13,003 ERROR [http-nio-8080-exec-7] c.n.c.c.a.ExceptionAdvice [ExceptionAdvice.java:24] org.apache.tomcat.util.net.SocketProcessorBase.run(SocketProcessorBase.java:49)
2023-01-19 20:28:13,003 ERROR [http-nio-8080-exec-7] c.n.c.c.a.ExceptionAdvice [ExceptionAdvice.java:24] org.apache.tomcat.util.threads.ThreadPoolExecutor.runWorker(ThreadPoolExecutor.java:1191)
2023-01-19 20:28:13,003 ERROR [http-nio-8080-exec-7] c.n.c.c.a.ExceptionAdvice [ExceptionAdvice.java:24] org.apache.tomcat.util.threads.ThreadPoolExecutor$Worker.run(ThreadPoolExecutor.java:659)
2023-01-19 20:28:13,003 ERROR [http-nio-8080-exec-7] c.n.c.c.a.ExceptionAdvice [ExceptionAdvice.java:24] org.apache.tomcat.util.threads.TaskThread$WrappingRunnable.run(TaskThread.java:61)
2023-01-19 20:28:13,003 ERROR [http-nio-8080-exec-7] c.n.c.c.a.ExceptionAdvice [ExceptionAdvice.java:24] java.lang.Thread.run(Thread.java:750)
